{"/Users/minsooshin/Desktop/codeit/sprint_mission/mission_9/1-sprint-mission/src/DTO/favoriteDTO.ts": {"path":"/Users/minsooshin/Desktop/codeit/sprint_mission/mission_9/1-sprint-mission/src/DTO/favoriteDTO.ts","statementMap":{"0":{"start":{"line":8,"column":34},"end":{"line":16,"column":1}},"1":{"start":{"line":9,"column":33},"end":{"line":9,"column":40}},"2":{"start":{"line":9,"column":28},"end":{"line":9,"column":33}},"3":{"start":{"line":11,"column":2},"end":{"line":14,"column":null}},"4":{"start":{"line":14,"column":55},"end":{"line":14,"column":81}},"5":{"start":{"line":8,"column":13},"end":{"line":8,"column":34}}},"fnMap":{"0":{"name":"(anonymous_1)","decl":{"start":{"line":8,"column":34},"end":{"line":8,"column":35}},"loc":{"start":{"line":8,"column":96},"end":{"line":16,"column":1}}},"1":{"name":"(anonymous_2)","decl":{"start":{"line":14,"column":41},"end":{"line":14,"column":42}},"loc":{"start":{"line":14,"column":55},"end":{"line":14,"column":81}}}},"branchMap":{"0":{"loc":{"start":{"line":14,"column":17},"end":{"line":14,"column":94}},"type":"cond-expr","locations":[{"start":{"line":14,"column":26},"end":{"line":14,"column":82}},{"start":{"line":14,"column":85},"end":{"line":14,"column":94}}]}},"s":{"0":1,"1":1,"2":1,"3":1,"4":0,"5":1},"f":{"0":1,"1":0},"b":{"0":[0,1]}}
,"/Users/minsooshin/Desktop/codeit/sprint_mission/mission_9/1-sprint-mission/src/lib/constants.ts": {"path":"/Users/minsooshin/Desktop/codeit/sprint_mission/mission_9/1-sprint-mission/src/lib/constants.ts","statementMap":{"0":{"start":{"line":1,"column":0},"end":{"line":1,"column":28}},"1":{"start":{"line":2,"column":0},"end":{"line":2,"column":16}},"2":{"start":{"line":4,"column":13},"end":{"line":4,"column":62}},"3":{"start":{"line":5,"column":13},"end":{"line":5,"column":45}},"4":{"start":{"line":6,"column":13},"end":{"line":6,"column":38}},"5":{"start":{"line":7,"column":13},"end":{"line":7,"column":37}},"6":{"start":{"line":8,"column":13},"end":{"line":8,"column":53}},"7":{"start":{"line":9,"column":13},"end":{"line":9,"column":55}},"8":{"start":{"line":10,"column":13},"end":{"line":10,"column":57}},"9":{"start":{"line":11,"column":13},"end":{"line":11,"column":75}},"10":{"start":{"line":12,"column":13},"end":{"line":12,"column":77}}},"fnMap":{},"branchMap":{"0":{"loc":{"start":{"line":4,"column":24},"end":{"line":4,"column":61}},"type":"binary-expr","locations":[{"start":{"line":4,"column":24},"end":{"line":4,"column":44}},{"start":{"line":4,"column":48},"end":{"line":4,"column":61}}]},"1":{"loc":{"start":{"line":5,"column":20},"end":{"line":5,"column":44}},"type":"binary-expr","locations":[{"start":{"line":5,"column":20},"end":{"line":5,"column":36}},{"start":{"line":5,"column":40},"end":{"line":5,"column":44}}]}},"s":{"0":1,"1":1,"2":1,"3":1,"4":1,"5":1,"6":1,"7":1,"8":1,"9":1,"10":1},"f":{},"b":{"0":[1,0],"1":[1,0]}}
,"/Users/minsooshin/Desktop/codeit/sprint_mission/mission_9/1-sprint-mission/src/lib/prismaClient.ts": {"path":"/Users/minsooshin/Desktop/codeit/sprint_mission/mission_9/1-sprint-mission/src/lib/prismaClient.ts","statementMap":{"0":{"start":{"line":1,"column":0},"end":{"line":1,"column":46}},"1":{"start":{"line":3,"column":13},"end":{"line":3,"column":47}}},"fnMap":{},"branchMap":{},"s":{"0":4,"1":4},"f":{},"b":{}}
,"/Users/minsooshin/Desktop/codeit/sprint_mission/mission_9/1-sprint-mission/src/lib/errors/NotFoundError.ts": {"path":"/Users/minsooshin/Desktop/codeit/sprint_mission/mission_9/1-sprint-mission/src/lib/errors/NotFoundError.ts","statementMap":{"0":{"start":{"line":3,"column":4},"end":{"line":3,"column":50}},"1":{"start":{"line":4,"column":4},"end":{"line":4,"column":32}},"2":{"start":{"line":8,"column":0},"end":{"line":8,"column":29}}},"fnMap":{"0":{"name":"(anonymous_0)","decl":{"start":{"line":2,"column":2},"end":{"line":2,"column":14}},"loc":{"start":{"line":2,"column":43},"end":{"line":5,"column":3}}}},"branchMap":{},"s":{"0":1,"1":1,"2":2},"f":{"0":1},"b":{}}
,"/Users/minsooshin/Desktop/codeit/sprint_mission/mission_9/1-sprint-mission/src/repositories/commentRepository.ts": {"path":"/Users/minsooshin/Desktop/codeit/sprint_mission/mission_9/1-sprint-mission/src/repositories/commentRepository.ts","statementMap":{"0":{"start":{"line":5,"column":0},"end":{"line":5,"column":22}},"1":{"start":{"line":19,"column":0},"end":{"line":19,"column":22}},"2":{"start":{"line":31,"column":0},"end":{"line":31,"column":22}},"3":{"start":{"line":45,"column":0},"end":{"line":45,"column":22}},"4":{"start":{"line":57,"column":0},"end":{"line":57,"column":22}},"5":{"start":{"line":64,"column":0},"end":{"line":64,"column":22}},"6":{"start":{"line":70,"column":0},"end":{"line":70,"column":22}},"7":{"start":{"line":2,"column":0},"end":{"line":2,"column":51}},"8":{"start":{"line":5,"column":43},"end":{"line":17,"column":null}},"9":{"start":{"line":10,"column":2},"end":{"line":16,"column":5}},"10":{"start":{"line":20,"column":2},"end":{"line":29,"column":null}},"11":{"start":{"line":24,"column":2},"end":{"line":28,"column":5}},"12":{"start":{"line":31,"column":43},"end":{"line":43,"column":null}},"13":{"start":{"line":36,"column":2},"end":{"line":42,"column":5}},"14":{"start":{"line":46,"column":2},"end":{"line":55,"column":null}},"15":{"start":{"line":50,"column":2},"end":{"line":54,"column":5}},"16":{"start":{"line":58,"column":2},"end":{"line":61,"column":5}},"17":{"start":{"line":65,"column":2},"end":{"line":67,"column":5}},"18":{"start":{"line":71,"column":2},"end":{"line":73,"column":5}}},"fnMap":{"0":{"name":"createProductComment","decl":{"start":{"line":5,"column":22},"end":{"line":5,"column":42}},"loc":{"start":{"line":5,"column":42},"end":{"line":17,"column":null}}},"1":{"name":"(anonymous_8)","decl":{"start":{"line":5,"column":43},"end":{"line":5,"column":null}},"loc":{"start":{"line":9,"column":26},"end":{"line":17,"column":1}}},"2":{"name":"getProductComment","decl":{"start":{"line":19,"column":22},"end":{"line":19,"column":39}},"loc":{"start":{"line":19,"column":39},"end":{"line":29,"column":null}}},"3":{"name":"(anonymous_10)","decl":{"start":{"line":20,"column":2},"end":{"line":20,"column":19}},"loc":{"start":{"line":22,"column":20},"end":{"line":29,"column":1}}},"4":{"name":"createArticleComment","decl":{"start":{"line":31,"column":22},"end":{"line":31,"column":42}},"loc":{"start":{"line":31,"column":42},"end":{"line":43,"column":null}}},"5":{"name":"(anonymous_12)","decl":{"start":{"line":31,"column":43},"end":{"line":31,"column":null}},"loc":{"start":{"line":35,"column":26},"end":{"line":43,"column":1}}},"6":{"name":"getArticleComment","decl":{"start":{"line":45,"column":22},"end":{"line":45,"column":39}},"loc":{"start":{"line":45,"column":39},"end":{"line":55,"column":null}}},"7":{"name":"(anonymous_14)","decl":{"start":{"line":46,"column":2},"end":{"line":46,"column":19}},"loc":{"start":{"line":48,"column":20},"end":{"line":55,"column":1}}},"8":{"name":"updateComment","decl":{"start":{"line":57,"column":22},"end":{"line":57,"column":35}},"loc":{"start":{"line":57,"column":79},"end":{"line":62,"column":null}}},"9":{"name":"getByCommentId","decl":{"start":{"line":64,"column":22},"end":{"line":64,"column":36}},"loc":{"start":{"line":64,"column":47},"end":{"line":68,"column":null}}},"10":{"name":"deleteComment","decl":{"start":{"line":70,"column":22},"end":{"line":70,"column":35}},"loc":{"start":{"line":70,"column":46},"end":{"line":74,"column":null}}}},"branchMap":{"0":{"loc":{"start":{"line":22,"column":2},"end":{"line":22,"column":20}},"type":"default-arg","locations":[{"start":{"line":22,"column":18},"end":{"line":22,"column":20}}]},"1":{"loc":{"start":{"line":25,"column":12},"end":{"line":25,"column":47}},"type":"cond-expr","locations":[{"start":{"line":25,"column":21},"end":{"line":25,"column":35}},{"start":{"line":25,"column":38},"end":{"line":25,"column":47}}]},"2":{"loc":{"start":{"line":48,"column":2},"end":{"line":48,"column":20}},"type":"default-arg","locations":[{"start":{"line":48,"column":18},"end":{"line":48,"column":20}}]},"3":{"loc":{"start":{"line":51,"column":12},"end":{"line":51,"column":47}},"type":"cond-expr","locations":[{"start":{"line":51,"column":21},"end":{"line":51,"column":35}},{"start":{"line":51,"column":38},"end":{"line":51,"column":47}}]}},"s":{"0":1,"1":1,"2":1,"3":1,"4":1,"5":1,"6":1,"7":1,"8":0,"9":0,"10":0,"11":0,"12":0,"13":0,"14":0,"15":0,"16":0,"17":0,"18":0},"f":{"0":0,"1":0,"2":0,"3":0,"4":0,"5":0,"6":0,"7":0,"8":0,"9":0,"10":0},"b":{"0":[0],"1":[0,0],"2":[0],"3":[0,0]}}
,"/Users/minsooshin/Desktop/codeit/sprint_mission/mission_9/1-sprint-mission/src/repositories/favoriteRepository.ts": {"path":"/Users/minsooshin/Desktop/codeit/sprint_mission/mission_9/1-sprint-mission/src/repositories/favoriteRepository.ts","statementMap":{"0":{"start":{"line":3,"column":0},"end":{"line":3,"column":22}},"1":{"start":{"line":12,"column":0},"end":{"line":12,"column":22}},"2":{"start":{"line":21,"column":0},"end":{"line":21,"column":22}},"3":{"start":{"line":29,"column":0},"end":{"line":29,"column":22}},"4":{"start":{"line":1,"column":0},"end":{"line":1,"column":51}},"5":{"start":{"line":4,"column":2},"end":{"line":9,"column":5}},"6":{"start":{"line":13,"column":2},"end":{"line":18,"column":5}},"7":{"start":{"line":22,"column":2},"end":{"line":26,"column":5}},"8":{"start":{"line":30,"column":2},"end":{"line":34,"column":5}}},"fnMap":{"0":{"name":"getFavorite","decl":{"start":{"line":3,"column":22},"end":{"line":3,"column":33}},"loc":{"start":{"line":3,"column":67},"end":{"line":10,"column":null}}},"1":{"name":"createFavorite","decl":{"start":{"line":12,"column":22},"end":{"line":12,"column":36}},"loc":{"start":{"line":12,"column":70},"end":{"line":19,"column":null}}},"2":{"name":"deleteFavorite","decl":{"start":{"line":21,"column":22},"end":{"line":21,"column":36}},"loc":{"start":{"line":21,"column":47},"end":{"line":27,"column":null}}},"3":{"name":"getFavoriteList","decl":{"start":{"line":29,"column":22},"end":{"line":29,"column":37}},"loc":{"start":{"line":29,"column":48},"end":{"line":35,"column":null}}}},"branchMap":{},"s":{"0":1,"1":1,"2":1,"3":1,"4":1,"5":0,"6":0,"7":0,"8":0},"f":{"0":0,"1":0,"2":0,"3":0},"b":{}}
,"/Users/minsooshin/Desktop/codeit/sprint_mission/mission_9/1-sprint-mission/src/repositories/notificationRepository.ts": {"path":"/Users/minsooshin/Desktop/codeit/sprint_mission/mission_9/1-sprint-mission/src/repositories/notificationRepository.ts","statementMap":{"0":{"start":{"line":5,"column":0},"end":{"line":5,"column":22}},"1":{"start":{"line":13,"column":0},"end":{"line":13,"column":22}},"2":{"start":{"line":22,"column":0},"end":{"line":22,"column":22}},"3":{"start":{"line":3,"column":0},"end":{"line":3,"column":51}},"4":{"start":{"line":8,"column":2},"end":{"line":10,"column":5}},"5":{"start":{"line":14,"column":2},"end":{"line":19,"column":5}},"6":{"start":{"line":23,"column":2},"end":{"line":28,"column":5}}},"fnMap":{"0":{"name":"createNotification","decl":{"start":{"line":5,"column":22},"end":{"line":5,"column":40}},"loc":{"start":{"line":6,"column":63},"end":{"line":11,"column":null}}},"1":{"name":"unreadNotificationCount","decl":{"start":{"line":13,"column":22},"end":{"line":13,"column":45}},"loc":{"start":{"line":13,"column":60},"end":{"line":20,"column":null}}},"2":{"name":"readMyNotification","decl":{"start":{"line":22,"column":22},"end":{"line":22,"column":40}},"loc":{"start":{"line":22,"column":51},"end":{"line":29,"column":null}}}},"branchMap":{},"s":{"0":1,"1":1,"2":1,"3":1,"4":0,"5":0,"6":0},"f":{"0":0,"1":0,"2":0},"b":{}}
,"/Users/minsooshin/Desktop/codeit/sprint_mission/mission_9/1-sprint-mission/src/repositories/productRepository.ts": {"path":"/Users/minsooshin/Desktop/codeit/sprint_mission/mission_9/1-sprint-mission/src/repositories/productRepository.ts","statementMap":{"0":{"start":{"line":5,"column":0},"end":{"line":5,"column":22}},"1":{"start":{"line":14,"column":0},"end":{"line":14,"column":22}},"2":{"start":{"line":23,"column":0},"end":{"line":23,"column":22}},"3":{"start":{"line":30,"column":0},"end":{"line":30,"column":22}},"4":{"start":{"line":2,"column":0},"end":{"line":2,"column":51}},"5":{"start":{"line":6,"column":2},"end":{"line":8,"column":5}},"6":{"start":{"line":15,"column":2},"end":{"line":20,"column":5}},"7":{"start":{"line":24,"column":2},"end":{"line":27,"column":5}},"8":{"start":{"line":31,"column":2},"end":{"line":33,"column":5}},"9":{"start":{"line":36,"column":26},"end":{"line":44,"column":1}},"10":{"start":{"line":37,"column":2},"end":{"line":43,"column":5}},"11":{"start":{"line":36,"column":13},"end":{"line":36,"column":26}}},"fnMap":{"0":{"name":"createProduct","decl":{"start":{"line":5,"column":22},"end":{"line":5,"column":35}},"loc":{"start":{"line":5,"column":67},"end":{"line":9,"column":null}}},"1":{"name":"getById","decl":{"start":{"line":14,"column":22},"end":{"line":14,"column":29}},"loc":{"start":{"line":14,"column":40},"end":{"line":21,"column":null}}},"2":{"name":"updateProduct","decl":{"start":{"line":23,"column":22},"end":{"line":23,"column":35}},"loc":{"start":{"line":23,"column":79},"end":{"line":28,"column":null}}},"3":{"name":"deleteProduct","decl":{"start":{"line":30,"column":22},"end":{"line":30,"column":35}},"loc":{"start":{"line":30,"column":46},"end":{"line":34,"column":null}}},"4":{"name":"(anonymous_15)","decl":{"start":{"line":36,"column":26},"end":{"line":36,"column":27}},"loc":{"start":{"line":36,"column":84},"end":{"line":44,"column":1}}}},"branchMap":{"0":{"loc":{"start":{"line":40,"column":13},"end":{"line":40,"column":73}},"type":"cond-expr","locations":[{"start":{"line":40,"column":36},"end":{"line":40,"column":57}},{"start":{"line":40,"column":60},"end":{"line":40,"column":73}}]}},"s":{"0":1,"1":1,"2":1,"3":1,"4":1,"5":0,"6":0,"7":0,"8":0,"9":1,"10":0,"11":1},"f":{"0":0,"1":0,"2":0,"3":0,"4":0},"b":{"0":[0,0]}}
,"/Users/minsooshin/Desktop/codeit/sprint_mission/mission_9/1-sprint-mission/src/repositories/userRepository.ts": {"path":"/Users/minsooshin/Desktop/codeit/sprint_mission/mission_9/1-sprint-mission/src/repositories/userRepository.ts","statementMap":{"0":{"start":{"line":5,"column":0},"end":{"line":5,"column":22}},"1":{"start":{"line":11,"column":0},"end":{"line":11,"column":22}},"2":{"start":{"line":18,"column":0},"end":{"line":18,"column":22}},"3":{"start":{"line":39,"column":0},"end":{"line":39,"column":22}},"4":{"start":{"line":62,"column":0},"end":{"line":62,"column":22}},"5":{"start":{"line":2,"column":0},"end":{"line":2,"column":51}},"6":{"start":{"line":6,"column":2},"end":{"line":8,"column":5}},"7":{"start":{"line":12,"column":2},"end":{"line":15,"column":5}},"8":{"start":{"line":25,"column":2},"end":{"line":36,"column":5}},"9":{"start":{"line":40,"column":47},"end":{"line":40,"column":53}},"10":{"start":{"line":42,"column":13},"end":{"line":48,"column":null}},"11":{"start":{"line":51,"column":2},"end":{"line":59,"column":5}},"12":{"start":{"line":68,"column":2},"end":{"line":75,"column":5}}},"fnMap":{"0":{"name":"getByUserId","decl":{"start":{"line":5,"column":22},"end":{"line":5,"column":33}},"loc":{"start":{"line":5,"column":44},"end":{"line":9,"column":null}}},"1":{"name":"updateMe","decl":{"start":{"line":11,"column":22},"end":{"line":11,"column":30}},"loc":{"start":{"line":11,"column":71},"end":{"line":16,"column":null}}},"2":{"name":"getMyProductList","decl":{"start":{"line":18,"column":22},"end":{"line":18,"column":38}},"loc":{"start":{"line":23,"column":33},"end":{"line":37,"column":null}}},"3":{"name":"getFavoriteProduct","decl":{"start":{"line":39,"column":22},"end":{"line":39,"column":40}},"loc":{"start":{"line":39,"column":74},"end":{"line":60,"column":null}}},"4":{"name":"getMyNotificationList","decl":{"start":{"line":62,"column":22},"end":{"line":62,"column":43}},"loc":{"start":{"line":66,"column":30},"end":{"line":76,"column":null}}}},"branchMap":{"0":{"loc":{"start":{"line":28,"column":13},"end":{"line":28,"column":66}},"type":"cond-expr","locations":[{"start":{"line":28,"column":36},"end":{"line":28,"column":50}},{"start":{"line":28,"column":53},"end":{"line":28,"column":66}}]},"1":{"loc":{"start":{"line":43,"column":8},"end":{"line":45,"column":6}},"type":"binary-expr","locations":[{"start":{"line":43,"column":8},"end":{"line":43,"column":15}},{"start":{"line":43,"column":19},"end":{"line":45,"column":6}}]},"2":{"loc":{"start":{"line":54,"column":13},"end":{"line":54,"column":66}},"type":"cond-expr","locations":[{"start":{"line":54,"column":36},"end":{"line":54,"column":50}},{"start":{"line":54,"column":53},"end":{"line":54,"column":66}}]},"3":{"loc":{"start":{"line":71,"column":13},"end":{"line":71,"column":66}},"type":"cond-expr","locations":[{"start":{"line":71,"column":36},"end":{"line":71,"column":50}},{"start":{"line":71,"column":53},"end":{"line":71,"column":66}}]}},"s":{"0":1,"1":1,"2":1,"3":1,"4":1,"5":1,"6":0,"7":0,"8":0,"9":0,"10":0,"11":0,"12":0},"f":{"0":0,"1":0,"2":0,"3":0,"4":0},"b":{"0":[0,0],"1":[0,0],"2":[0,0],"3":[0,0]}}
,"/Users/minsooshin/Desktop/codeit/sprint_mission/mission_9/1-sprint-mission/src/services/SocketService.ts": {"path":"/Users/minsooshin/Desktop/codeit/sprint_mission/mission_9/1-sprint-mission/src/services/SocketService.ts","statementMap":{"0":{"start":{"line":12,"column":0},"end":{"line":12,"column":16}},"1":{"start":{"line":54,"column":0},"end":{"line":54,"column":16}},"2":{"start":{"line":1,"column":0},"end":{"line":1,"column":43}},"3":{"start":{"line":2,"column":0},"end":{"line":2,"column":31}},"4":{"start":{"line":4,"column":0},"end":{"line":4,"column":59}},"5":{"start":{"line":10,"column":24},"end":{"line":10,"column":28}},"6":{"start":{"line":13,"column":2},"end":{"line":19,"column":5}},"7":{"start":{"line":21,"column":2},"end":{"line":21,"column":55}},"8":{"start":{"line":23,"column":2},"end":{"line":36,"column":5}},"9":{"start":{"line":24,"column":24},"end":{"line":24,"column":57}},"10":{"start":{"line":25,"column":4},"end":{"line":27,"column":5}},"11":{"start":{"line":26,"column":6},"end":{"line":26,"column":45}},"12":{"start":{"line":29,"column":4},"end":{"line":35,"column":5}},"13":{"start":{"line":30,"column":22},"end":{"line":30,"column":86}},"14":{"start":{"line":31,"column":7},"end":{"line":31,"column":42}},"15":{"start":{"line":32,"column":6},"end":{"line":32,"column":13}},"16":{"start":{"line":34,"column":6},"end":{"line":34,"column":47}},"17":{"start":{"line":38,"column":2},"end":{"line":51,"column":5}},"18":{"start":{"line":39,"column":20},"end":{"line":39,"column":41}},"19":{"start":{"line":40,"column":4},"end":{"line":43,"column":5}},"20":{"start":{"line":41,"column":6},"end":{"line":41,"column":40}},"21":{"start":{"line":42,"column":6},"end":{"line":42,"column":13}},"22":{"start":{"line":45,"column":4},"end":{"line":45,"column":34}},"23":{"start":{"line":46,"column":4},"end":{"line":46,"column":58}},"24":{"start":{"line":48,"column":4},"end":{"line":50,"column":7}},"25":{"start":{"line":49,"column":6},"end":{"line":49,"column":62}},"26":{"start":{"line":55,"column":2},"end":{"line":57,"column":3}},"27":{"start":{"line":56,"column":4},"end":{"line":56,"column":88}},"28":{"start":{"line":59,"column":2},"end":{"line":59,"column":56}},"29":{"start":{"line":60,"column":2},"end":{"line":60,"column":49}}},"fnMap":{"0":{"name":"setupWebSocket","decl":{"start":{"line":12,"column":16},"end":{"line":12,"column":30}},"loc":{"start":{"line":12,"column":50},"end":{"line":52,"column":1}}},"1":{"name":"(anonymous_2)","decl":{"start":{"line":23,"column":9},"end":{"line":23,"column":10}},"loc":{"start":{"line":23,"column":26},"end":{"line":36,"column":3}}},"2":{"name":"(anonymous_3)","decl":{"start":{"line":38,"column":22},"end":{"line":38,"column":23}},"loc":{"start":{"line":38,"column":41},"end":{"line":51,"column":3}}},"3":{"name":"(anonymous_4)","decl":{"start":{"line":48,"column":28},"end":{"line":48,"column":31}},"loc":{"start":{"line":48,"column":33},"end":{"line":50,"column":5}}},"4":{"name":"sendNotification","decl":{"start":{"line":54,"column":16},"end":{"line":54,"column":32}},"loc":{"start":{"line":54,"column":64},"end":{"line":61,"column":1}}}},"branchMap":{"0":{"loc":{"start":{"line":25,"column":4},"end":{"line":27,"column":5}},"type":"if","locations":[{"start":{"line":25,"column":4},"end":{"line":27,"column":5}}]},"1":{"loc":{"start":{"line":40,"column":4},"end":{"line":43,"column":5}},"type":"if","locations":[{"start":{"line":40,"column":4},"end":{"line":43,"column":5}}]},"2":{"loc":{"start":{"line":55,"column":2},"end":{"line":57,"column":3}},"type":"if","locations":[{"start":{"line":55,"column":2},"end":{"line":57,"column":3}}]}},"s":{"0":1,"1":1,"2":1,"3":1,"4":1,"5":1,"6":0,"7":0,"8":0,"9":0,"10":0,"11":0,"12":0,"13":0,"14":0,"15":0,"16":0,"17":0,"18":0,"19":0,"20":0,"21":0,"22":0,"23":0,"24":0,"25":0,"26":0,"27":0,"28":0,"29":0},"f":{"0":0,"1":0,"2":0,"3":0,"4":0},"b":{"0":[0],"1":[0],"2":[0]}}
,"/Users/minsooshin/Desktop/codeit/sprint_mission/mission_9/1-sprint-mission/src/services/notificationService.ts": {"path":"/Users/minsooshin/Desktop/codeit/sprint_mission/mission_9/1-sprint-mission/src/services/notificationService.ts","statementMap":{"0":{"start":{"line":22,"column":0},"end":{"line":22,"column":22}},"1":{"start":{"line":2,"column":0},"end":{"line":2,"column":56}},"2":{"start":{"line":3,"column":0},"end":{"line":3,"column":81}},"3":{"start":{"line":4,"column":0},"end":{"line":4,"column":61}},"4":{"start":{"line":6,"column":34},"end":{"line":20,"column":2}},"5":{"start":{"line":9,"column":24},"end":{"line":9,"column":54}},"6":{"start":{"line":10,"column":2},"end":{"line":12,"column":3}},"7":{"start":{"line":11,"column":4},"end":{"line":11,"column":49}},"8":{"start":{"line":14,"column":23},"end":{"line":16,"column":null}},"9":{"start":{"line":19,"column":2},"end":{"line":19,"column":22}},"10":{"start":{"line":6,"column":13},"end":{"line":6,"column":34}},"11":{"start":{"line":23,"column":22},"end":{"line":23,"column":73}},"12":{"start":{"line":25,"column":34},"end":{"line":33,"column":4}},"13":{"start":{"line":35,"column":2},"end":{"line":35,"column":16}}},"fnMap":{"0":{"name":"(anonymous_17)","decl":{"start":{"line":6,"column":34},"end":{"line":6,"column":null}},"loc":{"start":{"line":7,"column":72},"end":{"line":20,"column":2}}},"1":{"name":"readMyNotificationService","decl":{"start":{"line":22,"column":22},"end":{"line":22,"column":47}},"loc":{"start":{"line":22,"column":58},"end":{"line":36,"column":null}}}},"branchMap":{"0":{"loc":{"start":{"line":10,"column":2},"end":{"line":12,"column":3}},"type":"if","locations":[{"start":{"line":10,"column":2},"end":{"line":12,"column":3}}]},"1":{"loc":{"start":{"line":29,"column":14},"end":{"line":29,"column":39}},"type":"cond-expr","locations":[{"start":{"line":29,"column":33},"end":{"line":29,"column":37}},{"start":{"line":29,"column":37},"end":{"line":29,"column":39}}]},"2":{"loc":{"start":{"line":29,"column":14},"end":{"line":29,"column":37}},"type":"binary-expr","locations":[{"start":{"line":29,"column":14},"end":{"line":29,"column":37}},{"start":{"line":29,"column":33},"end":{"line":29,"column":37}}]}},"s":{"0":1,"1":1,"2":1,"3":1,"4":1,"5":0,"6":0,"7":0,"8":0,"9":0,"10":1,"11":0,"12":0,"13":0},"f":{"0":0,"1":0},"b":{"0":[0],"1":[0,0],"2":[0,0]}}
,"/Users/minsooshin/Desktop/codeit/sprint_mission/mission_9/1-sprint-mission/src/services/productService.ts": {"path":"/Users/minsooshin/Desktop/codeit/sprint_mission/mission_9/1-sprint-mission/src/services/productService.ts","statementMap":{"0":{"start":{"line":24,"column":0},"end":{"line":24,"column":22}},"1":{"start":{"line":40,"column":0},"end":{"line":40,"column":22}},"2":{"start":{"line":61,"column":0},"end":{"line":61,"column":22}},"3":{"start":{"line":96,"column":0},"end":{"line":96,"column":22}},"4":{"start":{"line":106,"column":0},"end":{"line":106,"column":22}},"5":{"start":{"line":125,"column":0},"end":{"line":125,"column":22}},"6":{"start":{"line":146,"column":0},"end":{"line":146,"column":22}},"7":{"start":{"line":3,"column":0},"end":{"line":3,"column":56}},"8":{"start":{"line":10,"column":0},"end":{"line":10,"column":56}},"9":{"start":{"line":11,"column":0},"end":{"line":11,"column":92}},"10":{"start":{"line":12,"column":0},"end":{"line":12,"column":69}},"11":{"start":{"line":13,"column":0},"end":{"line":13,"column":null}},"12":{"start":{"line":21,"column":0},"end":{"line":21,"column":59}},"13":{"start":{"line":22,"column":0},"end":{"line":22,"column":51}},"14":{"start":{"line":28,"column":19},"end":{"line":34,"column":null}},"15":{"start":{"line":37,"column":2},"end":{"line":37,"column":42}},"16":{"start":{"line":44,"column":18},"end":{"line":44,"column":42}},"17":{"start":{"line":46,"column":2},"end":{"line":48,"column":3}},"18":{"start":{"line":47,"column":4},"end":{"line":47,"column":50}},"19":{"start":{"line":50,"column":22},"end":{"line":52,"column":15}},"20":{"start":{"line":51,"column":43},"end":{"line":51,"column":69}},"21":{"start":{"line":54,"column":2},"end":{"line":57,"column":null}},"22":{"start":{"line":62,"column":25},"end":{"line":62,"column":42}},"23":{"start":{"line":63,"column":19},"end":{"line":63,"column":29}},"24":{"start":{"line":65,"column":2},"end":{"line":65,"column":62}},"25":{"start":{"line":65,"column":23},"end":{"line":65,"column":62}},"26":{"start":{"line":67,"column":23},"end":{"line":67,"column":56}},"27":{"start":{"line":69,"column":25},"end":{"line":69,"column":54}},"28":{"start":{"line":71,"column":2},"end":{"line":91,"column":3}},"29":{"start":{"line":72,"column":22},"end":{"line":72,"column":47}},"30":{"start":{"line":73,"column":4},"end":{"line":90,"column":6}},"31":{"start":{"line":74,"column":34},"end":{"line":89,"column":8}},"32":{"start":{"line":75,"column":24},"end":{"line":80,"column":10}},"33":{"start":{"line":82,"column":8},"end":{"line":86,"column":11}},"34":{"start":{"line":88,"column":8},"end":{"line":88,"column":46}},"35":{"start":{"line":93,"column":2},"end":{"line":93,"column":44}},"36":{"start":{"line":97,"column":18},"end":{"line":97,"column":35}},"37":{"start":{"line":99,"column":2},"end":{"line":101,"column":3}},"38":{"start":{"line":100,"column":4},"end":{"line":100,"column":43}},"39":{"start":{"line":103,"column":2},"end":{"line":103,"column":33}},"40":{"start":{"line":110,"column":47},"end":{"line":110,"column":53}},"41":{"start":{"line":112,"column":44},"end":{"line":116,"column":8}},"42":{"start":{"line":118,"column":19},"end":{"line":118,"column":81}},"43":{"start":{"line":120,"column":22},"end":{"line":120,"column":84}},"44":{"start":{"line":120,"column":48},"end":{"line":120,"column":83}},"45":{"start":{"line":122,"column":2},"end":{"line":122,"column":21}},"46":{"start":{"line":125,"column":43},"end":{"line":144,"column":null}},"47":{"start":{"line":131,"column":26},"end":{"line":131,"column":50}},"48":{"start":{"line":132,"column":2},"end":{"line":134,"column":3}},"49":{"start":{"line":133,"column":4},"end":{"line":133,"column":50}},"50":{"start":{"line":136,"column":18},"end":{"line":136,"column":80}},"51":{"start":{"line":138,"column":2},"end":{"line":143,"column":4}},"52":{"start":{"line":146,"column":47},"end":{"line":166,"column":null}},"53":{"start":{"line":155,"column":18},"end":{"line":155,"column":42}},"54":{"start":{"line":156,"column":2},"end":{"line":158,"column":3}},"55":{"start":{"line":157,"column":4},"end":{"line":157,"column":50}},"56":{"start":{"line":160,"column":21},"end":{"line":160,"column":70}},"57":{"start":{"line":161,"column":19},"end":{"line":161,"column":45}},"58":{"start":{"line":162,"column":24},"end":{"line":162,"column":55}},"59":{"start":{"line":163,"column":21},"end":{"line":163,"column":60}},"60":{"start":{"line":165,"column":2},"end":{"line":165,"column":34}}},"fnMap":{"0":{"name":"createProductService","decl":{"start":{"line":24,"column":22},"end":{"line":24,"column":42}},"loc":{"start":{"line":26,"column":16},"end":{"line":38,"column":null}}},"1":{"name":"getProductService","decl":{"start":{"line":40,"column":22},"end":{"line":40,"column":39}},"loc":{"start":{"line":42,"column":17},"end":{"line":59,"column":null}}},"2":{"name":"(anonymous_12)","decl":{"start":{"line":51,"column":29},"end":{"line":51,"column":30}},"loc":{"start":{"line":51,"column":43},"end":{"line":51,"column":69}}},"3":{"name":"updateProductService","decl":{"start":{"line":61,"column":22},"end":{"line":61,"column":42}},"loc":{"start":{"line":61,"column":68},"end":{"line":94,"column":null}}},"4":{"name":"(anonymous_15)","decl":{"start":{"line":74,"column":20},"end":{"line":74,"column":27}},"loc":{"start":{"line":74,"column":34},"end":{"line":89,"column":8}}},"5":{"name":"(anonymous_16)","decl":{"start":{"line":74,"column":34},"end":{"line":74,"column":null}},"loc":{"start":{"line":74,"column":34},"end":{"line":89,"column":7}}},"6":{"name":"deleteProductService","decl":{"start":{"line":96,"column":22},"end":{"line":96,"column":42}},"loc":{"start":{"line":96,"column":53},"end":{"line":104,"column":null}}},"7":{"name":"getProductListService","decl":{"start":{"line":106,"column":22},"end":{"line":106,"column":43}},"loc":{"start":{"line":108,"column":17},"end":{"line":123,"column":null}}},"8":{"name":"(anonymous_21)","decl":{"start":{"line":120,"column":35},"end":{"line":120,"column":36}},"loc":{"start":{"line":120,"column":48},"end":{"line":120,"column":83}}},"9":{"name":"createCommentService","decl":{"start":{"line":125,"column":22},"end":{"line":125,"column":42}},"loc":{"start":{"line":125,"column":42},"end":{"line":144,"column":null}}},"10":{"name":"(anonymous_23)","decl":{"start":{"line":125,"column":43},"end":{"line":125,"column":null}},"loc":{"start":{"line":130,"column":26},"end":{"line":144,"column":1}}},"11":{"name":"getProductCommentService","decl":{"start":{"line":146,"column":22},"end":{"line":146,"column":46}},"loc":{"start":{"line":146,"column":46},"end":{"line":166,"column":null}}},"12":{"name":"(anonymous_25)","decl":{"start":{"line":146,"column":47},"end":{"line":146,"column":null}},"loc":{"start":{"line":154,"column":1},"end":{"line":166,"column":1}}}},"branchMap":{"0":{"loc":{"start":{"line":46,"column":2},"end":{"line":48,"column":3}},"type":"if","locations":[{"start":{"line":46,"column":2},"end":{"line":48,"column":3}}]},"1":{"loc":{"start":{"line":50,"column":22},"end":{"line":52,"column":15}},"type":"cond-expr","locations":[{"start":{"line":51,"column":6},"end":{"line":51,"column":70}},{"start":{"line":52,"column":6},"end":{"line":52,"column":15}}]},"2":{"loc":{"start":{"line":65,"column":2},"end":{"line":65,"column":62}},"type":"if","locations":[{"start":{"line":65,"column":2},"end":{"line":65,"column":62}}]},"3":{"loc":{"start":{"line":71,"column":2},"end":{"line":91,"column":3}},"type":"if","locations":[{"start":{"line":71,"column":2},"end":{"line":91,"column":3}}]},"4":{"loc":{"start":{"line":99,"column":2},"end":{"line":101,"column":3}},"type":"if","locations":[{"start":{"line":99,"column":2},"end":{"line":101,"column":3}}]},"5":{"loc":{"start":{"line":112,"column":44},"end":{"line":116,"column":8}},"type":"cond-expr","locations":[{"start":{"line":113,"column":6},"end":{"line":115,"column":null}},{"start":{"line":116,"column":6},"end":{"line":116,"column":8}}]},"6":{"loc":{"start":{"line":132,"column":2},"end":{"line":134,"column":3}},"type":"if","locations":[{"start":{"line":132,"column":2},"end":{"line":134,"column":3}}]},"7":{"loc":{"start":{"line":156,"column":2},"end":{"line":158,"column":3}},"type":"if","locations":[{"start":{"line":156,"column":2},"end":{"line":158,"column":3}}]},"8":{"loc":{"start":{"line":163,"column":21},"end":{"line":163,"column":60}},"type":"cond-expr","locations":[{"start":{"line":163,"column":37},"end":{"line":163,"column":53}},{"start":{"line":163,"column":56},"end":{"line":163,"column":60}}]}},"s":{"0":1,"1":1,"2":1,"3":1,"4":1,"5":1,"6":1,"7":1,"8":1,"9":1,"10":1,"11":1,"12":1,"13":1,"14":1,"15":1,"16":2,"17":2,"18":1,"19":1,"20":1,"21":1,"22":1,"23":1,"24":1,"25":0,"26":1,"27":1,"28":1,"29":1,"30":1,"31":1,"32":1,"33":1,"34":1,"35":1,"36":1,"37":1,"38":0,"39":1,"40":1,"41":1,"42":1,"43":1,"44":1,"45":1,"46":1,"47":1,"48":1,"49":0,"50":1,"51":1,"52":1,"53":1,"54":1,"55":0,"56":1,"57":1,"58":1,"59":1,"60":1},"f":{"0":1,"1":2,"2":1,"3":1,"4":1,"5":1,"6":1,"7":1,"8":1,"9":1,"10":1,"11":1,"12":1},"b":{"0":[1],"1":[1,0],"2":[0],"3":[1],"4":[0],"5":[0,1],"6":[0],"7":[0],"8":[1,0]}}
}
