{"/Users/minsooshin/Desktop/codeit/sprint_mission/mission_9/1-sprint-mission/src/app.ts": {"path":"/Users/minsooshin/Desktop/codeit/sprint_mission/mission_9/1-sprint-mission/src/app.ts","statementMap":{"0":{"start":{"line":1,"column":0},"end":{"line":1,"column":30}},"1":{"start":{"line":2,"column":0},"end":{"line":2,"column":24}},"2":{"start":{"line":3,"column":0},"end":{"line":3,"column":24}},"3":{"start":{"line":4,"column":0},"end":{"line":4,"column":41}},"4":{"start":{"line":5,"column":0},"end":{"line":5,"column":65}},"5":{"start":{"line":6,"column":0},"end":{"line":6,"column":91}},"6":{"start":{"line":7,"column":0},"end":{"line":7,"column":46}},"7":{"start":{"line":8,"column":0},"end":{"line":8,"column":52}},"8":{"start":{"line":9,"column":0},"end":{"line":9,"column":52}},"9":{"start":{"line":10,"column":0},"end":{"line":10,"column":54}},"10":{"start":{"line":11,"column":0},"end":{"line":11,"column":47}},"11":{"start":{"line":12,"column":0},"end":{"line":12,"column":49}},"12":{"start":{"line":13,"column":0},"end":{"line":13,"column":62}},"13":{"start":{"line":14,"column":0},"end":{"line":14,"column":24}},"14":{"start":{"line":15,"column":0},"end":{"line":15,"column":58}},"15":{"start":{"line":17,"column":13},"end":{"line":17,"column":29}},"16":{"start":{"line":19,"column":15},"end":{"line":19,"column":37}},"17":{"start":{"line":20,"column":0},"end":{"line":20,"column":23}},"18":{"start":{"line":22,"column":0},"end":{"line":22,"column":16}},"19":{"start":{"line":23,"column":0},"end":{"line":23,"column":24}},"20":{"start":{"line":24,"column":0},"end":{"line":24,"column":24}},"21":{"start":{"line":25,"column":0},"end":{"line":25,"column":79}},"22":{"start":{"line":27,"column":0},"end":{"line":27,"column":29}},"23":{"start":{"line":28,"column":0},"end":{"line":28,"column":36}},"24":{"start":{"line":29,"column":0},"end":{"line":29,"column":36}},"25":{"start":{"line":30,"column":0},"end":{"line":30,"column":37}},"26":{"start":{"line":31,"column":0},"end":{"line":31,"column":31}},"27":{"start":{"line":32,"column":0},"end":{"line":32,"column":33}},"28":{"start":{"line":33,"column":0},"end":{"line":33,"column":46}},"29":{"start":{"line":35,"column":0},"end":{"line":35,"column":32}},"30":{"start":{"line":36,"column":0},"end":{"line":36,"column":28}}},"fnMap":{},"branchMap":{},"s":{"0":3,"1":3,"2":3,"3":3,"4":3,"5":3,"6":3,"7":3,"8":3,"9":3,"10":3,"11":3,"12":3,"13":3,"14":3,"15":3,"16":3,"17":3,"18":3,"19":3,"20":3,"21":3,"22":3,"23":3,"24":3,"25":3,"26":3,"27":3,"28":3,"29":3,"30":3},"f":{},"b":{}}
,"/Users/minsooshin/Desktop/codeit/sprint_mission/mission_9/1-sprint-mission/src/DTO/favoriteDTO.ts": {"path":"/Users/minsooshin/Desktop/codeit/sprint_mission/mission_9/1-sprint-mission/src/DTO/favoriteDTO.ts","statementMap":{"0":{"start":{"line":8,"column":34},"end":{"line":16,"column":1}},"1":{"start":{"line":9,"column":33},"end":{"line":9,"column":40}},"2":{"start":{"line":9,"column":28},"end":{"line":9,"column":33}},"3":{"start":{"line":11,"column":2},"end":{"line":14,"column":null}},"4":{"start":{"line":14,"column":55},"end":{"line":14,"column":81}},"5":{"start":{"line":8,"column":13},"end":{"line":8,"column":34}}},"fnMap":{"0":{"name":"(anonymous_1)","decl":{"start":{"line":8,"column":34},"end":{"line":8,"column":35}},"loc":{"start":{"line":8,"column":96},"end":{"line":16,"column":1}}},"1":{"name":"(anonymous_2)","decl":{"start":{"line":14,"column":41},"end":{"line":14,"column":42}},"loc":{"start":{"line":14,"column":55},"end":{"line":14,"column":81}}}},"branchMap":{"0":{"loc":{"start":{"line":14,"column":17},"end":{"line":14,"column":94}},"type":"cond-expr","locations":[{"start":{"line":14,"column":26},"end":{"line":14,"column":82}},{"start":{"line":14,"column":85},"end":{"line":14,"column":94}}]}},"s":{"0":4,"1":16,"2":16,"3":16,"4":0,"5":4},"f":{"0":16,"1":0},"b":{"0":[0,16]}}
,"/Users/minsooshin/Desktop/codeit/sprint_mission/mission_9/1-sprint-mission/src/DTO/likeDTO.ts": {"path":"/Users/minsooshin/Desktop/codeit/sprint_mission/mission_9/1-sprint-mission/src/DTO/likeDTO.ts","statementMap":{"0":{"start":{"line":8,"column":30},"end":{"line":14,"column":1}},"1":{"start":{"line":9,"column":2},"end":{"line":12,"column":null}},"2":{"start":{"line":12,"column":51},"end":{"line":12,"column":73}},"3":{"start":{"line":8,"column":13},"end":{"line":8,"column":30}}},"fnMap":{"0":{"name":"(anonymous_0)","decl":{"start":{"line":8,"column":30},"end":{"line":8,"column":31}},"loc":{"start":{"line":8,"column":88},"end":{"line":14,"column":1}}},"1":{"name":"(anonymous_1)","decl":{"start":{"line":12,"column":41},"end":{"line":12,"column":42}},"loc":{"start":{"line":12,"column":51},"end":{"line":12,"column":73}}}},"branchMap":{"0":{"loc":{"start":{"line":12,"column":13},"end":{"line":12,"column":86}},"type":"cond-expr","locations":[{"start":{"line":12,"column":22},"end":{"line":12,"column":74}},{"start":{"line":12,"column":77},"end":{"line":12,"column":86}}]}},"s":{"0":3,"1":15,"2":0,"3":3},"f":{"0":15,"1":0},"b":{"0":[0,15]}}
,"/Users/minsooshin/Desktop/codeit/sprint_mission/mission_9/1-sprint-mission/src/DTO/userDTO.ts": {"path":"/Users/minsooshin/Desktop/codeit/sprint_mission/mission_9/1-sprint-mission/src/DTO/userDTO.ts","statementMap":{"0":{"start":{"line":3,"column":31},"end":{"line":12,"column":1}},"1":{"start":{"line":4,"column":2},"end":{"line":11,"column":4}},"2":{"start":{"line":3,"column":13},"end":{"line":3,"column":31}}},"fnMap":{"0":{"name":"(anonymous_0)","decl":{"start":{"line":3,"column":31},"end":{"line":3,"column":32}},"loc":{"start":{"line":3,"column":46},"end":{"line":12,"column":1}}}},"branchMap":{},"s":{"0":3,"1":1,"2":3},"f":{"0":1},"b":{}}
,"/Users/minsooshin/Desktop/codeit/sprint_mission/mission_9/1-sprint-mission/src/controllers/articlesController.ts": {"path":"/Users/minsooshin/Desktop/codeit/sprint_mission/mission_9/1-sprint-mission/src/controllers/articlesController.ts","statementMap":{"0":{"start":{"line":1,"column":0},"end":{"line":1,"column":37}},"1":{"start":{"line":2,"column":0},"end":{"line":2,"column":null}},"2":{"start":{"line":8,"column":0},"end":{"line":8,"column":null}},"3":{"start":{"line":17,"column":0},"end":{"line":17,"column":58}},"4":{"start":{"line":18,"column":0},"end":{"line":18,"column":58}},"5":{"start":{"line":19,"column":0},"end":{"line":19,"column":96}},"6":{"start":{"line":20,"column":0},"end":{"line":20,"column":64}},"7":{"start":{"line":21,"column":0},"end":{"line":21,"column":61}},"8":{"start":{"line":22,"column":0},"end":{"line":22,"column":56}},"9":{"start":{"line":23,"column":0},"end":{"line":23,"column":79}},"10":{"start":{"line":25,"column":29},"end":{"line":34,"column":2}},"11":{"start":{"line":25,"column":82},"end":{"line":34,"column":2}},"12":{"start":{"line":26,"column":2},"end":{"line":28,"column":3}},"13":{"start":{"line":27,"column":4},"end":{"line":27,"column":48}},"14":{"start":{"line":29,"column":15},"end":{"line":29,"column":56}},"15":{"start":{"line":31,"column":18},"end":{"line":31,"column":63}},"16":{"start":{"line":33,"column":2},"end":{"line":33,"column":32}},"17":{"start":{"line":25,"column":13},"end":{"line":25,"column":29}},"18":{"start":{"line":36,"column":32},"end":{"line":42,"column":2}},"19":{"start":{"line":36,"column":85},"end":{"line":42,"column":2}},"20":{"start":{"line":37,"column":17},"end":{"line":37,"column":51}},"21":{"start":{"line":39,"column":18},"end":{"line":39,"column":51}},"22":{"start":{"line":41,"column":2},"end":{"line":41,"column":32}},"23":{"start":{"line":36,"column":13},"end":{"line":36,"column":32}},"24":{"start":{"line":44,"column":29},"end":{"line":64,"column":2}},"25":{"start":{"line":44,"column":82},"end":{"line":64,"column":2}},"26":{"start":{"line":45,"column":2},"end":{"line":47,"column":3}},"27":{"start":{"line":46,"column":4},"end":{"line":46,"column":48}},"28":{"start":{"line":49,"column":17},"end":{"line":49,"column":51}},"29":{"start":{"line":50,"column":15},"end":{"line":50,"column":56}},"30":{"start":{"line":51,"column":18},"end":{"line":51,"column":35}},"31":{"start":{"line":53,"column":2},"end":{"line":55,"column":3}},"32":{"start":{"line":54,"column":4},"end":{"line":54,"column":43}},"33":{"start":{"line":57,"column":2},"end":{"line":59,"column":3}},"34":{"start":{"line":58,"column":4},"end":{"line":58,"column":67}},"35":{"start":{"line":61,"column":25},"end":{"line":61,"column":61}},"36":{"start":{"line":63,"column":2},"end":{"line":63,"column":39}},"37":{"start":{"line":44,"column":13},"end":{"line":44,"column":29}},"38":{"start":{"line":66,"column":29},"end":{"line":85,"column":2}},"39":{"start":{"line":66,"column":82},"end":{"line":85,"column":2}},"40":{"start":{"line":67,"column":2},"end":{"line":69,"column":3}},"41":{"start":{"line":68,"column":4},"end":{"line":68,"column":48}},"42":{"start":{"line":70,"column":17},"end":{"line":70,"column":51}},"43":{"start":{"line":71,"column":18},"end":{"line":71,"column":35}},"44":{"start":{"line":73,"column":2},"end":{"line":75,"column":3}},"45":{"start":{"line":74,"column":4},"end":{"line":74,"column":43}},"46":{"start":{"line":77,"column":2},"end":{"line":79,"column":3}},"47":{"start":{"line":78,"column":4},"end":{"line":78,"column":67}},"48":{"start":{"line":81,"column":2},"end":{"line":81,"column":33}},"49":{"start":{"line":83,"column":2},"end":{"line":83,"column":25}},"50":{"start":{"line":84,"column":2},"end":{"line":84,"column":9}},"51":{"start":{"line":66,"column":13},"end":{"line":66,"column":29}},"52":{"start":{"line":87,"column":30},"end":{"line":93,"column":2}},"53":{"start":{"line":87,"column":83},"end":{"line":93,"column":2}},"54":{"start":{"line":88,"column":47},"end":{"line":88,"column":92}},"55":{"start":{"line":90,"column":18},"end":{"line":90,"column":83}},"56":{"start":{"line":92,"column":2},"end":{"line":92,"column":32}},"57":{"start":{"line":87,"column":13},"end":{"line":87,"column":30}},"58":{"start":{"line":95,"column":29},"end":{"line":106,"column":2}},"59":{"start":{"line":95,"column":82},"end":{"line":106,"column":2}},"60":{"start":{"line":96,"column":2},"end":{"line":98,"column":3}},"61":{"start":{"line":97,"column":4},"end":{"line":97,"column":48}},"62":{"start":{"line":100,"column":28},"end":{"line":100,"column":62}},"63":{"start":{"line":101,"column":22},"end":{"line":101,"column":63}},"64":{"start":{"line":103,"column":18},"end":{"line":103,"column":89}},"65":{"start":{"line":105,"column":2},"end":{"line":105,"column":32}},"66":{"start":{"line":95,"column":13},"end":{"line":95,"column":29}},"67":{"start":{"line":108,"column":30},"end":{"line":119,"column":2}},"68":{"start":{"line":108,"column":83},"end":{"line":119,"column":2}},"69":{"start":{"line":109,"column":28},"end":{"line":109,"column":62}},"70":{"start":{"line":110,"column":28},"end":{"line":110,"column":73}},"71":{"start":{"line":112,"column":35},"end":{"line":116,"column":4}},"72":{"start":{"line":118,"column":2},"end":{"line":118,"column":55}},"73":{"start":{"line":108,"column":13},"end":{"line":108,"column":30}},"74":{"start":{"line":121,"column":26},"end":{"line":127,"column":2}},"75":{"start":{"line":121,"column":64},"end":{"line":127,"column":2}},"76":{"start":{"line":122,"column":28},"end":{"line":122,"column":62}},"77":{"start":{"line":123,"column":17},"end":{"line":123,"column":28}},"78":{"start":{"line":125,"column":21},"end":{"line":125,"column":57}},"79":{"start":{"line":126,"column":2},"end":{"line":126,"column":35}},"80":{"start":{"line":121,"column":13},"end":{"line":121,"column":26}},"81":{"start":{"line":129,"column":26},"end":{"line":136,"column":2}},"82":{"start":{"line":129,"column":64},"end":{"line":136,"column":2}},"83":{"start":{"line":130,"column":28},"end":{"line":130,"column":62}},"84":{"start":{"line":131,"column":17},"end":{"line":131,"column":28}},"85":{"start":{"line":133,"column":21},"end":{"line":133,"column":63}},"86":{"start":{"line":135,"column":2},"end":{"line":135,"column":35}},"87":{"start":{"line":129,"column":13},"end":{"line":129,"column":26}}},"fnMap":{"0":{"name":"(anonymous_8)","decl":{"start":{"line":25,"column":29},"end":{"line":25,"column":36}},"loc":{"start":{"line":25,"column":82},"end":{"line":34,"column":2}}},"1":{"name":"(anonymous_9)","decl":{"start":{"line":25,"column":82},"end":{"line":25,"column":null}},"loc":{"start":{"line":25,"column":82},"end":{"line":34,"column":1}}},"2":{"name":"(anonymous_10)","decl":{"start":{"line":36,"column":32},"end":{"line":36,"column":39}},"loc":{"start":{"line":36,"column":85},"end":{"line":42,"column":2}}},"3":{"name":"(anonymous_11)","decl":{"start":{"line":36,"column":85},"end":{"line":36,"column":null}},"loc":{"start":{"line":36,"column":85},"end":{"line":42,"column":1}}},"4":{"name":"(anonymous_12)","decl":{"start":{"line":44,"column":29},"end":{"line":44,"column":36}},"loc":{"start":{"line":44,"column":82},"end":{"line":64,"column":2}}},"5":{"name":"(anonymous_13)","decl":{"start":{"line":44,"column":82},"end":{"line":44,"column":null}},"loc":{"start":{"line":44,"column":82},"end":{"line":64,"column":1}}},"6":{"name":"(anonymous_14)","decl":{"start":{"line":66,"column":29},"end":{"line":66,"column":36}},"loc":{"start":{"line":66,"column":82},"end":{"line":85,"column":2}}},"7":{"name":"(anonymous_15)","decl":{"start":{"line":66,"column":82},"end":{"line":66,"column":null}},"loc":{"start":{"line":66,"column":82},"end":{"line":85,"column":1}}},"8":{"name":"(anonymous_16)","decl":{"start":{"line":87,"column":30},"end":{"line":87,"column":37}},"loc":{"start":{"line":87,"column":83},"end":{"line":93,"column":2}}},"9":{"name":"(anonymous_17)","decl":{"start":{"line":87,"column":83},"end":{"line":87,"column":null}},"loc":{"start":{"line":87,"column":83},"end":{"line":93,"column":1}}},"10":{"name":"(anonymous_18)","decl":{"start":{"line":95,"column":29},"end":{"line":95,"column":36}},"loc":{"start":{"line":95,"column":82},"end":{"line":106,"column":2}}},"11":{"name":"(anonymous_19)","decl":{"start":{"line":95,"column":82},"end":{"line":95,"column":null}},"loc":{"start":{"line":95,"column":82},"end":{"line":106,"column":1}}},"12":{"name":"(anonymous_20)","decl":{"start":{"line":108,"column":30},"end":{"line":108,"column":37}},"loc":{"start":{"line":108,"column":83},"end":{"line":119,"column":2}}},"13":{"name":"(anonymous_21)","decl":{"start":{"line":108,"column":83},"end":{"line":108,"column":null}},"loc":{"start":{"line":108,"column":83},"end":{"line":119,"column":1}}},"14":{"name":"(anonymous_22)","decl":{"start":{"line":121,"column":26},"end":{"line":121,"column":33}},"loc":{"start":{"line":121,"column":64},"end":{"line":127,"column":2}}},"15":{"name":"(anonymous_23)","decl":{"start":{"line":121,"column":64},"end":{"line":121,"column":null}},"loc":{"start":{"line":121,"column":64},"end":{"line":127,"column":1}}},"16":{"name":"(anonymous_24)","decl":{"start":{"line":129,"column":26},"end":{"line":129,"column":33}},"loc":{"start":{"line":129,"column":64},"end":{"line":136,"column":2}}},"17":{"name":"(anonymous_25)","decl":{"start":{"line":129,"column":64},"end":{"line":129,"column":null}},"loc":{"start":{"line":129,"column":64},"end":{"line":136,"column":1}}}},"branchMap":{"0":{"loc":{"start":{"line":26,"column":2},"end":{"line":28,"column":3}},"type":"if","locations":[{"start":{"line":26,"column":2},"end":{"line":28,"column":3}}]},"1":{"loc":{"start":{"line":45,"column":2},"end":{"line":47,"column":3}},"type":"if","locations":[{"start":{"line":45,"column":2},"end":{"line":47,"column":3}}]},"2":{"loc":{"start":{"line":53,"column":2},"end":{"line":55,"column":3}},"type":"if","locations":[{"start":{"line":53,"column":2},"end":{"line":55,"column":3}}]},"3":{"loc":{"start":{"line":57,"column":2},"end":{"line":59,"column":3}},"type":"if","locations":[{"start":{"line":57,"column":2},"end":{"line":59,"column":3}}]},"4":{"loc":{"start":{"line":67,"column":2},"end":{"line":69,"column":3}},"type":"if","locations":[{"start":{"line":67,"column":2},"end":{"line":69,"column":3}}]},"5":{"loc":{"start":{"line":73,"column":2},"end":{"line":75,"column":3}},"type":"if","locations":[{"start":{"line":73,"column":2},"end":{"line":75,"column":3}}]},"6":{"loc":{"start":{"line":77,"column":2},"end":{"line":79,"column":3}},"type":"if","locations":[{"start":{"line":77,"column":2},"end":{"line":79,"column":3}}]},"7":{"loc":{"start":{"line":96,"column":2},"end":{"line":98,"column":3}},"type":"if","locations":[{"start":{"line":96,"column":2},"end":{"line":98,"column":3}}]}},"s":{"0":3,"1":3,"2":3,"3":3,"4":3,"5":3,"6":3,"7":3,"8":3,"9":3,"10":3,"11":4,"12":4,"13":0,"14":4,"15":2,"16":2,"17":3,"18":3,"19":2,"20":2,"21":2,"22":1,"23":3,"24":3,"25":3,"26":3,"27":0,"28":3,"29":3,"30":3,"31":3,"32":1,"33":2,"34":0,"35":2,"36":2,"37":3,"38":3,"39":2,"40":2,"41":0,"42":2,"43":2,"44":2,"45":1,"46":1,"47":0,"48":1,"49":1,"50":1,"51":3,"52":3,"53":7,"54":7,"55":7,"56":7,"57":3,"58":3,"59":3,"60":3,"61":0,"62":3,"63":3,"64":2,"65":1,"66":3,"67":3,"68":5,"69":5,"70":5,"71":5,"72":4,"73":3,"74":3,"75":0,"76":0,"77":0,"78":0,"79":0,"80":3,"81":3,"82":0,"83":0,"84":0,"85":0,"86":0,"87":3},"f":{"0":4,"1":4,"2":2,"3":2,"4":3,"5":3,"6":2,"7":2,"8":7,"9":7,"10":3,"11":3,"12":5,"13":5,"14":0,"15":0,"16":0,"17":0},"b":{"0":[0],"1":[0],"2":[1],"3":[0],"4":[0],"5":[1],"6":[0],"7":[0]}}
,"/Users/minsooshin/Desktop/codeit/sprint_mission/mission_9/1-sprint-mission/src/controllers/authController.ts": {"path":"/Users/minsooshin/Desktop/codeit/sprint_mission/mission_9/1-sprint-mission/src/controllers/authController.ts","statementMap":{"0":{"start":{"line":23,"column":0},"end":{"line":23,"column":16}},"1":{"start":{"line":1,"column":0},"end":{"line":1,"column":37}},"2":{"start":{"line":2,"column":0},"end":{"line":2,"column":77}},"3":{"start":{"line":3,"column":0},"end":{"line":3,"column":79}},"4":{"start":{"line":5,"column":0},"end":{"line":5,"column":87}},"5":{"start":{"line":7,"column":26},"end":{"line":13,"column":2}},"6":{"start":{"line":7,"column":79},"end":{"line":13,"column":2}},"7":{"start":{"line":8,"column":40},"end":{"line":8,"column":76}},"8":{"start":{"line":10,"column":15},"end":{"line":10,"column":60}},"9":{"start":{"line":12,"column":2},"end":{"line":12,"column":29}},"10":{"start":{"line":7,"column":13},"end":{"line":7,"column":26}},"11":{"start":{"line":15,"column":25},"end":{"line":21,"column":2}},"12":{"start":{"line":15,"column":73},"end":{"line":21,"column":2}},"13":{"start":{"line":16,"column":30},"end":{"line":16,"column":63}},"14":{"start":{"line":18,"column":2},"end":{"line":18,"column":40}},"15":{"start":{"line":20,"column":2},"end":{"line":20,"column":53}},"16":{"start":{"line":15,"column":13},"end":{"line":15,"column":25}},"17":{"start":{"line":24,"column":2},"end":{"line":24,"column":44}},"18":{"start":{"line":25,"column":2},"end":{"line":25,"column":45}},"19":{"start":{"line":28,"column":26},"end":{"line":31,"column":2}},"20":{"start":{"line":28,"column":79},"end":{"line":31,"column":2}},"21":{"start":{"line":29,"column":2},"end":{"line":29,"column":25}},"22":{"start":{"line":30,"column":2},"end":{"line":30,"column":64}},"23":{"start":{"line":28,"column":13},"end":{"line":28,"column":26}},"24":{"start":{"line":33,"column":28},"end":{"line":35,"column":2}},"25":{"start":{"line":33,"column":81},"end":{"line":35,"column":2}},"26":{"start":{"line":34,"column":2},"end":{"line":34,"column":38}},"27":{"start":{"line":33,"column":13},"end":{"line":33,"column":28}}},"fnMap":{"0":{"name":"(anonymous_7)","decl":{"start":{"line":7,"column":26},"end":{"line":7,"column":33}},"loc":{"start":{"line":7,"column":79},"end":{"line":13,"column":2}}},"1":{"name":"(anonymous_8)","decl":{"start":{"line":7,"column":79},"end":{"line":7,"column":null}},"loc":{"start":{"line":7,"column":79},"end":{"line":13,"column":1}}},"2":{"name":"(anonymous_9)","decl":{"start":{"line":15,"column":25},"end":{"line":15,"column":32}},"loc":{"start":{"line":15,"column":73},"end":{"line":21,"column":2}}},"3":{"name":"(anonymous_10)","decl":{"start":{"line":15,"column":73},"end":{"line":15,"column":null}},"loc":{"start":{"line":15,"column":73},"end":{"line":21,"column":1}}},"4":{"name":"clearTokenCookies","decl":{"start":{"line":23,"column":16},"end":{"line":23,"column":33}},"loc":{"start":{"line":23,"column":47},"end":{"line":26,"column":1}}},"5":{"name":"(anonymous_12)","decl":{"start":{"line":28,"column":26},"end":{"line":28,"column":33}},"loc":{"start":{"line":28,"column":79},"end":{"line":31,"column":2}}},"6":{"name":"(anonymous_13)","decl":{"start":{"line":28,"column":79},"end":{"line":28,"column":null}},"loc":{"start":{"line":28,"column":79},"end":{"line":31,"column":1}}},"7":{"name":"(anonymous_14)","decl":{"start":{"line":33,"column":28},"end":{"line":33,"column":35}},"loc":{"start":{"line":33,"column":81},"end":{"line":35,"column":2}}},"8":{"name":"(anonymous_15)","decl":{"start":{"line":33,"column":81},"end":{"line":33,"column":null}},"loc":{"start":{"line":33,"column":81},"end":{"line":35,"column":1}}}},"branchMap":{},"s":{"0":3,"1":3,"2":3,"3":3,"4":3,"5":3,"6":2,"7":2,"8":2,"9":1,"10":3,"11":3,"12":80,"13":80,"14":80,"15":78,"16":3,"17":0,"18":0,"19":3,"20":0,"21":0,"22":0,"23":3,"24":3,"25":3,"26":3,"27":3},"f":{"0":2,"1":2,"2":80,"3":80,"4":0,"5":0,"6":0,"7":3,"8":3},"b":{}}
,"/Users/minsooshin/Desktop/codeit/sprint_mission/mission_9/1-sprint-mission/src/controllers/commentsController.ts": {"path":"/Users/minsooshin/Desktop/codeit/sprint_mission/mission_9/1-sprint-mission/src/controllers/commentsController.ts","statementMap":{"0":{"start":{"line":2,"column":0},"end":{"line":2,"column":64}},"1":{"start":{"line":3,"column":0},"end":{"line":3,"column":37}},"2":{"start":{"line":4,"column":0},"end":{"line":4,"column":58}},"3":{"start":{"line":5,"column":0},"end":{"line":5,"column":68}},"4":{"start":{"line":6,"column":0},"end":{"line":6,"column":89}},"5":{"start":{"line":7,"column":0},"end":{"line":7,"column":58}},"6":{"start":{"line":8,"column":0},"end":{"line":8,"column":67}},"7":{"start":{"line":9,"column":0},"end":{"line":9,"column":56}},"8":{"start":{"line":11,"column":29},"end":{"line":31,"column":2}},"9":{"start":{"line":11,"column":82},"end":{"line":31,"column":2}},"10":{"start":{"line":12,"column":2},"end":{"line":14,"column":3}},"11":{"start":{"line":13,"column":4},"end":{"line":13,"column":48}},"12":{"start":{"line":16,"column":17},"end":{"line":16,"column":51}},"13":{"start":{"line":17,"column":22},"end":{"line":17,"column":63}},"14":{"start":{"line":18,"column":18},"end":{"line":18,"column":42}},"15":{"start":{"line":20,"column":2},"end":{"line":22,"column":3}},"16":{"start":{"line":21,"column":4},"end":{"line":21,"column":43}},"17":{"start":{"line":24,"column":2},"end":{"line":26,"column":3}},"18":{"start":{"line":25,"column":4},"end":{"line":25,"column":67}},"19":{"start":{"line":28,"column":25},"end":{"line":28,"column":68}},"20":{"start":{"line":30,"column":2},"end":{"line":30,"column":39}},"21":{"start":{"line":11,"column":13},"end":{"line":11,"column":29}},"22":{"start":{"line":33,"column":29},"end":{"line":52,"column":2}},"23":{"start":{"line":33,"column":82},"end":{"line":52,"column":2}},"24":{"start":{"line":34,"column":2},"end":{"line":36,"column":3}},"25":{"start":{"line":35,"column":4},"end":{"line":35,"column":48}},"26":{"start":{"line":38,"column":17},"end":{"line":38,"column":51}},"27":{"start":{"line":39,"column":18},"end":{"line":39,"column":42}},"28":{"start":{"line":41,"column":2},"end":{"line":43,"column":3}},"29":{"start":{"line":42,"column":4},"end":{"line":42,"column":43}},"30":{"start":{"line":45,"column":2},"end":{"line":47,"column":3}},"31":{"start":{"line":46,"column":4},"end":{"line":46,"column":67}},"32":{"start":{"line":49,"column":24},"end":{"line":49,"column":54}},"33":{"start":{"line":51,"column":2},"end":{"line":51,"column":38}},"34":{"start":{"line":33,"column":13},"end":{"line":33,"column":29}}},"fnMap":{"0":{"name":"(anonymous_8)","decl":{"start":{"line":11,"column":29},"end":{"line":11,"column":36}},"loc":{"start":{"line":11,"column":82},"end":{"line":31,"column":2}}},"1":{"name":"(anonymous_9)","decl":{"start":{"line":11,"column":82},"end":{"line":11,"column":null}},"loc":{"start":{"line":11,"column":82},"end":{"line":31,"column":1}}},"2":{"name":"(anonymous_10)","decl":{"start":{"line":33,"column":29},"end":{"line":33,"column":36}},"loc":{"start":{"line":33,"column":82},"end":{"line":52,"column":2}}},"3":{"name":"(anonymous_11)","decl":{"start":{"line":33,"column":82},"end":{"line":33,"column":null}},"loc":{"start":{"line":33,"column":82},"end":{"line":52,"column":1}}}},"branchMap":{"0":{"loc":{"start":{"line":12,"column":2},"end":{"line":14,"column":3}},"type":"if","locations":[{"start":{"line":12,"column":2},"end":{"line":14,"column":3}}]},"1":{"loc":{"start":{"line":20,"column":2},"end":{"line":22,"column":3}},"type":"if","locations":[{"start":{"line":20,"column":2},"end":{"line":22,"column":3}}]},"2":{"loc":{"start":{"line":24,"column":2},"end":{"line":26,"column":3}},"type":"if","locations":[{"start":{"line":24,"column":2},"end":{"line":26,"column":3}}]},"3":{"loc":{"start":{"line":34,"column":2},"end":{"line":36,"column":3}},"type":"if","locations":[{"start":{"line":34,"column":2},"end":{"line":36,"column":3}}]},"4":{"loc":{"start":{"line":41,"column":2},"end":{"line":43,"column":3}},"type":"if","locations":[{"start":{"line":41,"column":2},"end":{"line":43,"column":3}}]},"5":{"loc":{"start":{"line":45,"column":2},"end":{"line":47,"column":3}},"type":"if","locations":[{"start":{"line":45,"column":2},"end":{"line":47,"column":3}}]}},"s":{"0":3,"1":3,"2":3,"3":3,"4":3,"5":3,"6":3,"7":3,"8":3,"9":6,"10":6,"11":0,"12":6,"13":6,"14":4,"15":4,"16":2,"17":2,"18":0,"19":2,"20":2,"21":3,"22":3,"23":4,"24":4,"25":0,"26":4,"27":4,"28":4,"29":2,"30":2,"31":0,"32":2,"33":2,"34":3},"f":{"0":6,"1":6,"2":4,"3":4},"b":{"0":[0],"1":[2],"2":[0],"3":[0],"4":[2],"5":[0]}}
,"/Users/minsooshin/Desktop/codeit/sprint_mission/mission_9/1-sprint-mission/src/controllers/errorController.ts": {"path":"/Users/minsooshin/Desktop/codeit/sprint_mission/mission_9/1-sprint-mission/src/controllers/errorController.ts","statementMap":{"0":{"start":{"line":1,"column":0},"end":{"line":1,"column":42}},"1":{"start":{"line":2,"column":0},"end":{"line":2,"column":60}},"2":{"start":{"line":3,"column":0},"end":{"line":3,"column":56}},"3":{"start":{"line":4,"column":0},"end":{"line":4,"column":64}},"4":{"start":{"line":5,"column":0},"end":{"line":5,"column":58}},"5":{"start":{"line":14,"column":54},"end":{"line":17,"column":1}},"6":{"start":{"line":15,"column":2},"end":{"line":15,"column":49}},"7":{"start":{"line":16,"column":2},"end":{"line":16,"column":9}},"8":{"start":{"line":14,"column":13},"end":{"line":14,"column":54}},"9":{"start":{"line":19,"column":55},"end":{"line":62,"column":1}},"10":{"start":{"line":21,"column":2},"end":{"line":24,"column":3}},"11":{"start":{"line":22,"column":4},"end":{"line":22,"column":51}},"12":{"start":{"line":23,"column":4},"end":{"line":23,"column":11}},"13":{"start":{"line":27,"column":2},"end":{"line":34,"column":3}},"14":{"start":{"line":32,"column":4},"end":{"line":32,"column":54}},"15":{"start":{"line":33,"column":4},"end":{"line":33,"column":11}},"16":{"start":{"line":37,"column":2},"end":{"line":41,"column":3}},"17":{"start":{"line":38,"column":4},"end":{"line":38,"column":23}},"18":{"start":{"line":39,"column":4},"end":{"line":39,"column":64}},"19":{"start":{"line":40,"column":4},"end":{"line":40,"column":11}},"20":{"start":{"line":44,"column":2},"end":{"line":47,"column":3}},"21":{"start":{"line":45,"column":4},"end":{"line":45,"column":51}},"22":{"start":{"line":46,"column":4},"end":{"line":46,"column":11}},"23":{"start":{"line":49,"column":2},"end":{"line":52,"column":3}},"24":{"start":{"line":50,"column":4},"end":{"line":50,"column":51}},"25":{"start":{"line":51,"column":4},"end":{"line":51,"column":11}},"26":{"start":{"line":54,"column":2},"end":{"line":57,"column":3}},"27":{"start":{"line":55,"column":4},"end":{"line":55,"column":51}},"28":{"start":{"line":56,"column":4},"end":{"line":56,"column":11}},"29":{"start":{"line":59,"column":2},"end":{"line":59,"column":21}},"30":{"start":{"line":60,"column":2},"end":{"line":60,"column":61}},"31":{"start":{"line":61,"column":2},"end":{"line":61,"column":9}},"32":{"start":{"line":19,"column":13},"end":{"line":19,"column":55}}},"fnMap":{"0":{"name":"(anonymous_1)","decl":{"start":{"line":14,"column":54},"end":{"line":14,"column":55}},"loc":{"start":{"line":14,"column":79},"end":{"line":17,"column":1}}},"1":{"name":"(anonymous_2)","decl":{"start":{"line":19,"column":55},"end":{"line":19,"column":56}},"loc":{"start":{"line":19,"column":85},"end":{"line":62,"column":1}}}},"branchMap":{"0":{"loc":{"start":{"line":21,"column":2},"end":{"line":24,"column":3}},"type":"if","locations":[{"start":{"line":21,"column":2},"end":{"line":24,"column":3}}]},"1":{"loc":{"start":{"line":21,"column":6},"end":{"line":21,"column":66}},"type":"binary-expr","locations":[{"start":{"line":21,"column":6},"end":{"line":21,"column":32}},{"start":{"line":21,"column":36},"end":{"line":21,"column":66}}]},"2":{"loc":{"start":{"line":27,"column":2},"end":{"line":34,"column":3}},"type":"if","locations":[{"start":{"line":27,"column":2},"end":{"line":34,"column":3}}]},"3":{"loc":{"start":{"line":28,"column":4},"end":{"line":30,"column":17}},"type":"binary-expr","locations":[{"start":{"line":28,"column":4},"end":{"line":28,"column":30}},{"start":{"line":29,"column":5},"end":{"line":29,"column":49}},{"start":{"line":30,"column":4},"end":{"line":30,"column":17}}]},"4":{"loc":{"start":{"line":37,"column":2},"end":{"line":41,"column":3}},"type":"if","locations":[{"start":{"line":37,"column":2},"end":{"line":41,"column":3}}]},"5":{"loc":{"start":{"line":44,"column":2},"end":{"line":47,"column":3}},"type":"if","locations":[{"start":{"line":44,"column":2},"end":{"line":47,"column":3}}]},"6":{"loc":{"start":{"line":49,"column":2},"end":{"line":52,"column":3}},"type":"if","locations":[{"start":{"line":49,"column":2},"end":{"line":52,"column":3}}]},"7":{"loc":{"start":{"line":54,"column":2},"end":{"line":57,"column":3}},"type":"if","locations":[{"start":{"line":54,"column":2},"end":{"line":57,"column":3}}]}},"s":{"0":3,"1":3,"2":3,"3":3,"4":3,"5":3,"6":0,"7":0,"8":3,"9":3,"10":30,"11":16,"12":16,"13":14,"14":0,"15":0,"16":14,"17":0,"18":0,"19":0,"20":14,"21":14,"22":14,"23":0,"24":0,"25":0,"26":0,"27":0,"28":0,"29":0,"30":0,"31":0,"32":3},"f":{"0":0,"1":30},"b":{"0":[16],"1":[30,19],"2":[0],"3":[14,0,0],"4":[0],"5":[14],"6":[0],"7":[0]}}
,"/Users/minsooshin/Desktop/codeit/sprint_mission/mission_9/1-sprint-mission/src/controllers/imageController.ts": {"path":"/Users/minsooshin/Desktop/codeit/sprint_mission/mission_9/1-sprint-mission/src/controllers/imageController.ts","statementMap":{"0":{"start":{"line":37,"column":0},"end":{"line":37,"column":22}},"1":{"start":{"line":1,"column":0},"end":{"line":1,"column":28}},"2":{"start":{"line":2,"column":0},"end":{"line":2,"column":60}},"3":{"start":{"line":3,"column":0},"end":{"line":3,"column":24}},"4":{"start":{"line":4,"column":0},"end":{"line":4,"column":36}},"5":{"start":{"line":5,"column":0},"end":{"line":5,"column":60}},"6":{"start":{"line":8,"column":27},"end":{"line":8,"column":67}},"7":{"start":{"line":9,"column":24},"end":{"line":9,"column":39}},"8":{"start":{"line":11,"column":13},"end":{"line":35,"column":3}},"9":{"start":{"line":14,"column":6},"end":{"line":14,"column":34}},"10":{"start":{"line":17,"column":18},"end":{"line":17,"column":49}},"11":{"start":{"line":18,"column":23},"end":{"line":18,"column":42}},"12":{"start":{"line":19,"column":6},"end":{"line":19,"column":31}},"13":{"start":{"line":28,"column":4},"end":{"line":31,"column":5}},"14":{"start":{"line":29,"column":18},"end":{"line":29,"column":76}},"15":{"start":{"line":30,"column":6},"end":{"line":30,"column":27}},"16":{"start":{"line":33,"column":4},"end":{"line":33,"column":25}},"17":{"start":{"line":38,"column":15},"end":{"line":38,"column":30}},"18":{"start":{"line":40,"column":2},"end":{"line":42,"column":3}},"19":{"start":{"line":41,"column":4},"end":{"line":41,"column":50}},"20":{"start":{"line":44,"column":2},"end":{"line":46,"column":3}},"21":{"start":{"line":45,"column":4},"end":{"line":45,"column":50}},"22":{"start":{"line":48,"column":19},"end":{"line":48,"column":66}},"23":{"start":{"line":49,"column":14},"end":{"line":49,"column":34}},"24":{"start":{"line":50,"column":2},"end":{"line":50,"column":20}}},"fnMap":{"0":{"name":"(anonymous_8)","decl":{"start":{"line":13,"column":4},"end":{"line":13,"column":15}},"loc":{"start":{"line":13,"column":35},"end":{"line":15,"column":5}}},"1":{"name":"(anonymous_9)","decl":{"start":{"line":16,"column":4},"end":{"line":16,"column":12}},"loc":{"start":{"line":16,"column":32},"end":{"line":20,"column":5}}},"2":{"name":"(anonymous_10)","decl":{"start":{"line":27,"column":2},"end":{"line":27,"column":12}},"loc":{"start":{"line":27,"column":32},"end":{"line":34,"column":3}}},"3":{"name":"uploadImage","decl":{"start":{"line":37,"column":22},"end":{"line":37,"column":33}},"loc":{"start":{"line":37,"column":61},"end":{"line":51,"column":null}}}},"branchMap":{"0":{"loc":{"start":{"line":28,"column":4},"end":{"line":31,"column":5}},"type":"if","locations":[{"start":{"line":28,"column":4},"end":{"line":31,"column":5}}]},"1":{"loc":{"start":{"line":40,"column":2},"end":{"line":42,"column":3}},"type":"if","locations":[{"start":{"line":40,"column":2},"end":{"line":42,"column":3}}]},"2":{"loc":{"start":{"line":44,"column":2},"end":{"line":46,"column":3}},"type":"if","locations":[{"start":{"line":44,"column":2},"end":{"line":46,"column":3}}]}},"s":{"0":3,"1":3,"2":3,"3":3,"4":3,"5":3,"6":3,"7":3,"8":3,"9":0,"10":0,"11":0,"12":0,"13":0,"14":0,"15":0,"16":0,"17":0,"18":0,"19":0,"20":0,"21":0,"22":0,"23":0,"24":0},"f":{"0":0,"1":0,"2":0,"3":0},"b":{"0":[0],"1":[0],"2":[0]}}
,"/Users/minsooshin/Desktop/codeit/sprint_mission/mission_9/1-sprint-mission/src/controllers/notificationControler.ts": {"path":"/Users/minsooshin/Desktop/codeit/sprint_mission/mission_9/1-sprint-mission/src/controllers/notificationControler.ts","statementMap":{"0":{"start":{"line":11,"column":0},"end":{"line":11,"column":22}},"1":{"start":{"line":2,"column":0},"end":{"line":2,"column":71}},"2":{"start":{"line":3,"column":0},"end":{"line":3,"column":37}},"3":{"start":{"line":4,"column":0},"end":{"line":4,"column":58}},"4":{"start":{"line":6,"column":34},"end":{"line":9,"column":2}},"5":{"start":{"line":7,"column":23},"end":{"line":7,"column":77}},"6":{"start":{"line":8,"column":2},"end":{"line":8,"column":37}},"7":{"start":{"line":6,"column":13},"end":{"line":6,"column":34}},"8":{"start":{"line":12,"column":17},"end":{"line":12,"column":51}},"9":{"start":{"line":14,"column":17},"end":{"line":14,"column":72}},"10":{"start":{"line":15,"column":2},"end":{"line":15,"column":31}}},"fnMap":{"0":{"name":"(anonymous_16)","decl":{"start":{"line":6,"column":34},"end":{"line":6,"column":50}},"loc":{"start":{"line":6,"column":77},"end":{"line":9,"column":2}}},"1":{"name":"readMyNotification","decl":{"start":{"line":11,"column":22},"end":{"line":11,"column":40}},"loc":{"start":{"line":11,"column":68},"end":{"line":16,"column":null}}}},"branchMap":{},"s":{"0":3,"1":3,"2":3,"3":3,"4":3,"5":0,"6":0,"7":3,"8":0,"9":0,"10":0},"f":{"0":0,"1":0},"b":{}}
,"/Users/minsooshin/Desktop/codeit/sprint_mission/mission_9/1-sprint-mission/src/controllers/productController.ts": {"path":"/Users/minsooshin/Desktop/codeit/sprint_mission/mission_9/1-sprint-mission/src/controllers/productController.ts","statementMap":{"0":{"start":{"line":2,"column":0},"end":{"line":2,"column":64}},"1":{"start":{"line":3,"column":0},"end":{"line":3,"column":null}},"2":{"start":{"line":12,"column":0},"end":{"line":12,"column":null}},"3":{"start":{"line":17,"column":0},"end":{"line":17,"column":37}},"4":{"start":{"line":18,"column":0},"end":{"line":18,"column":58}},"5":{"start":{"line":19,"column":0},"end":{"line":19,"column":58}},"6":{"start":{"line":20,"column":0},"end":{"line":20,"column":96}},"7":{"start":{"line":21,"column":0},"end":{"line":21,"column":60}},"8":{"start":{"line":22,"column":0},"end":{"line":22,"column":56}},"9":{"start":{"line":23,"column":0},"end":{"line":23,"column":92}},"10":{"start":{"line":25,"column":29},"end":{"line":34,"column":2}},"11":{"start":{"line":25,"column":82},"end":{"line":34,"column":2}},"12":{"start":{"line":26,"column":2},"end":{"line":28,"column":3}},"13":{"start":{"line":27,"column":4},"end":{"line":27,"column":48}},"14":{"start":{"line":29,"column":15},"end":{"line":29,"column":56}},"15":{"start":{"line":31,"column":18},"end":{"line":31,"column":63}},"16":{"start":{"line":33,"column":2},"end":{"line":33,"column":32}},"17":{"start":{"line":25,"column":13},"end":{"line":25,"column":29}},"18":{"start":{"line":36,"column":26},"end":{"line":42,"column":2}},"19":{"start":{"line":36,"column":79},"end":{"line":42,"column":2}},"20":{"start":{"line":37,"column":17},"end":{"line":37,"column":51}},"21":{"start":{"line":39,"column":18},"end":{"line":39,"column":45}},"22":{"start":{"line":41,"column":2},"end":{"line":41,"column":32}},"23":{"start":{"line":36,"column":13},"end":{"line":36,"column":26}},"24":{"start":{"line":44,"column":29},"end":{"line":75,"column":2}},"25":{"start":{"line":44,"column":82},"end":{"line":75,"column":2}},"26":{"start":{"line":45,"column":2},"end":{"line":47,"column":3}},"27":{"start":{"line":46,"column":4},"end":{"line":46,"column":48}},"28":{"start":{"line":49,"column":17},"end":{"line":49,"column":51}},"29":{"start":{"line":50,"column":53},"end":{"line":50,"column":94}},"30":{"start":{"line":52,"column":18},"end":{"line":52,"column":35}},"31":{"start":{"line":54,"column":2},"end":{"line":56,"column":3}},"32":{"start":{"line":55,"column":4},"end":{"line":55,"column":43}},"33":{"start":{"line":58,"column":2},"end":{"line":60,"column":3}},"34":{"start":{"line":59,"column":4},"end":{"line":59,"column":67}},"35":{"start":{"line":62,"column":25},"end":{"line":72,"column":4}},"36":{"start":{"line":74,"column":2},"end":{"line":74,"column":39}},"37":{"start":{"line":44,"column":13},"end":{"line":44,"column":29}},"38":{"start":{"line":77,"column":29},"end":{"line":97,"column":2}},"39":{"start":{"line":77,"column":82},"end":{"line":97,"column":2}},"40":{"start":{"line":78,"column":2},"end":{"line":80,"column":3}},"41":{"start":{"line":79,"column":4},"end":{"line":79,"column":48}},"42":{"start":{"line":82,"column":17},"end":{"line":82,"column":51}},"43":{"start":{"line":84,"column":18},"end":{"line":84,"column":35}},"44":{"start":{"line":86,"column":2},"end":{"line":88,"column":3}},"45":{"start":{"line":87,"column":4},"end":{"line":87,"column":43}},"46":{"start":{"line":90,"column":2},"end":{"line":92,"column":3}},"47":{"start":{"line":91,"column":4},"end":{"line":91,"column":67}},"48":{"start":{"line":94,"column":24},"end":{"line":94,"column":54}},"49":{"start":{"line":96,"column":2},"end":{"line":96,"column":25}},"50":{"start":{"line":77,"column":13},"end":{"line":77,"column":29}},"51":{"start":{"line":99,"column":30},"end":{"line":105,"column":2}},"52":{"start":{"line":99,"column":83},"end":{"line":105,"column":2}},"53":{"start":{"line":100,"column":47},"end":{"line":100,"column":92}},"54":{"start":{"line":102,"column":22},"end":{"line":102,"column":87}},"55":{"start":{"line":104,"column":2},"end":{"line":104,"column":36}},"56":{"start":{"line":99,"column":13},"end":{"line":99,"column":30}},"57":{"start":{"line":107,"column":29},"end":{"line":118,"column":2}},"58":{"start":{"line":107,"column":82},"end":{"line":118,"column":2}},"59":{"start":{"line":108,"column":2},"end":{"line":110,"column":3}},"60":{"start":{"line":109,"column":4},"end":{"line":109,"column":48}},"61":{"start":{"line":112,"column":28},"end":{"line":112,"column":62}},"62":{"start":{"line":113,"column":22},"end":{"line":113,"column":63}},"63":{"start":{"line":115,"column":18},"end":{"line":115,"column":89}},"64":{"start":{"line":117,"column":2},"end":{"line":117,"column":32}},"65":{"start":{"line":107,"column":13},"end":{"line":107,"column":29}},"66":{"start":{"line":120,"column":30},"end":{"line":131,"column":2}},"67":{"start":{"line":120,"column":83},"end":{"line":131,"column":2}},"68":{"start":{"line":121,"column":28},"end":{"line":121,"column":62}},"69":{"start":{"line":122,"column":28},"end":{"line":122,"column":73}},"70":{"start":{"line":124,"column":35},"end":{"line":128,"column":4}},"71":{"start":{"line":130,"column":2},"end":{"line":130,"column":55}},"72":{"start":{"line":120,"column":13},"end":{"line":120,"column":30}},"73":{"start":{"line":133,"column":30},"end":{"line":140,"column":2}},"74":{"start":{"line":133,"column":68},"end":{"line":140,"column":2}},"75":{"start":{"line":134,"column":28},"end":{"line":134,"column":62}},"76":{"start":{"line":135,"column":17},"end":{"line":135,"column":28}},"77":{"start":{"line":137,"column":25},"end":{"line":137,"column":71}},"78":{"start":{"line":139,"column":2},"end":{"line":139,"column":39}},"79":{"start":{"line":133,"column":13},"end":{"line":133,"column":30}},"80":{"start":{"line":142,"column":30},"end":{"line":149,"column":2}},"81":{"start":{"line":142,"column":68},"end":{"line":149,"column":2}},"82":{"start":{"line":143,"column":28},"end":{"line":143,"column":62}},"83":{"start":{"line":144,"column":17},"end":{"line":144,"column":28}},"84":{"start":{"line":146,"column":25},"end":{"line":146,"column":71}},"85":{"start":{"line":148,"column":2},"end":{"line":148,"column":39}},"86":{"start":{"line":142,"column":13},"end":{"line":142,"column":30}}},"fnMap":{"0":{"name":"(anonymous_8)","decl":{"start":{"line":25,"column":29},"end":{"line":25,"column":36}},"loc":{"start":{"line":25,"column":82},"end":{"line":34,"column":2}}},"1":{"name":"(anonymous_9)","decl":{"start":{"line":25,"column":82},"end":{"line":25,"column":null}},"loc":{"start":{"line":25,"column":82},"end":{"line":34,"column":1}}},"2":{"name":"(anonymous_10)","decl":{"start":{"line":36,"column":26},"end":{"line":36,"column":33}},"loc":{"start":{"line":36,"column":79},"end":{"line":42,"column":2}}},"3":{"name":"(anonymous_11)","decl":{"start":{"line":36,"column":79},"end":{"line":36,"column":null}},"loc":{"start":{"line":36,"column":79},"end":{"line":42,"column":1}}},"4":{"name":"(anonymous_12)","decl":{"start":{"line":44,"column":29},"end":{"line":44,"column":36}},"loc":{"start":{"line":44,"column":82},"end":{"line":75,"column":2}}},"5":{"name":"(anonymous_13)","decl":{"start":{"line":44,"column":82},"end":{"line":44,"column":null}},"loc":{"start":{"line":44,"column":82},"end":{"line":75,"column":1}}},"6":{"name":"(anonymous_14)","decl":{"start":{"line":77,"column":29},"end":{"line":77,"column":36}},"loc":{"start":{"line":77,"column":82},"end":{"line":97,"column":2}}},"7":{"name":"(anonymous_15)","decl":{"start":{"line":77,"column":82},"end":{"line":77,"column":null}},"loc":{"start":{"line":77,"column":82},"end":{"line":97,"column":1}}},"8":{"name":"(anonymous_16)","decl":{"start":{"line":99,"column":30},"end":{"line":99,"column":37}},"loc":{"start":{"line":99,"column":83},"end":{"line":105,"column":2}}},"9":{"name":"(anonymous_17)","decl":{"start":{"line":99,"column":83},"end":{"line":99,"column":null}},"loc":{"start":{"line":99,"column":83},"end":{"line":105,"column":1}}},"10":{"name":"(anonymous_18)","decl":{"start":{"line":107,"column":29},"end":{"line":107,"column":36}},"loc":{"start":{"line":107,"column":82},"end":{"line":118,"column":2}}},"11":{"name":"(anonymous_19)","decl":{"start":{"line":107,"column":82},"end":{"line":107,"column":null}},"loc":{"start":{"line":107,"column":82},"end":{"line":118,"column":1}}},"12":{"name":"(anonymous_20)","decl":{"start":{"line":120,"column":30},"end":{"line":120,"column":37}},"loc":{"start":{"line":120,"column":83},"end":{"line":131,"column":2}}},"13":{"name":"(anonymous_21)","decl":{"start":{"line":120,"column":83},"end":{"line":120,"column":null}},"loc":{"start":{"line":120,"column":83},"end":{"line":131,"column":1}}},"14":{"name":"(anonymous_22)","decl":{"start":{"line":133,"column":30},"end":{"line":133,"column":37}},"loc":{"start":{"line":133,"column":68},"end":{"line":140,"column":2}}},"15":{"name":"(anonymous_23)","decl":{"start":{"line":133,"column":68},"end":{"line":133,"column":null}},"loc":{"start":{"line":133,"column":68},"end":{"line":140,"column":1}}},"16":{"name":"(anonymous_24)","decl":{"start":{"line":142,"column":30},"end":{"line":142,"column":37}},"loc":{"start":{"line":142,"column":68},"end":{"line":149,"column":2}}},"17":{"name":"(anonymous_25)","decl":{"start":{"line":142,"column":68},"end":{"line":142,"column":null}},"loc":{"start":{"line":142,"column":68},"end":{"line":149,"column":1}}}},"branchMap":{"0":{"loc":{"start":{"line":26,"column":2},"end":{"line":28,"column":3}},"type":"if","locations":[{"start":{"line":26,"column":2},"end":{"line":28,"column":3}}]},"1":{"loc":{"start":{"line":45,"column":2},"end":{"line":47,"column":3}},"type":"if","locations":[{"start":{"line":45,"column":2},"end":{"line":47,"column":3}}]},"2":{"loc":{"start":{"line":54,"column":2},"end":{"line":56,"column":3}},"type":"if","locations":[{"start":{"line":54,"column":2},"end":{"line":56,"column":3}}]},"3":{"loc":{"start":{"line":58,"column":2},"end":{"line":60,"column":3}},"type":"if","locations":[{"start":{"line":58,"column":2},"end":{"line":60,"column":3}}]},"4":{"loc":{"start":{"line":78,"column":2},"end":{"line":80,"column":3}},"type":"if","locations":[{"start":{"line":78,"column":2},"end":{"line":80,"column":3}}]},"5":{"loc":{"start":{"line":86,"column":2},"end":{"line":88,"column":3}},"type":"if","locations":[{"start":{"line":86,"column":2},"end":{"line":88,"column":3}}]},"6":{"loc":{"start":{"line":90,"column":2},"end":{"line":92,"column":3}},"type":"if","locations":[{"start":{"line":90,"column":2},"end":{"line":92,"column":3}}]},"7":{"loc":{"start":{"line":108,"column":2},"end":{"line":110,"column":3}},"type":"if","locations":[{"start":{"line":108,"column":2},"end":{"line":110,"column":3}}]}},"s":{"0":3,"1":3,"2":3,"3":3,"4":3,"5":3,"6":3,"7":3,"8":3,"9":3,"10":3,"11":6,"12":6,"13":0,"14":6,"15":1,"16":1,"17":3,"18":3,"19":2,"20":2,"21":2,"22":1,"23":3,"24":3,"25":3,"26":3,"27":0,"28":3,"29":3,"30":3,"31":3,"32":1,"33":2,"34":0,"35":2,"36":2,"37":3,"38":3,"39":2,"40":2,"41":0,"42":2,"43":2,"44":2,"45":1,"46":1,"47":0,"48":1,"49":1,"50":3,"51":3,"52":7,"53":7,"54":7,"55":7,"56":3,"57":3,"58":3,"59":3,"60":0,"61":3,"62":3,"63":2,"64":1,"65":3,"66":3,"67":5,"68":5,"69":5,"70":5,"71":4,"72":3,"73":3,"74":0,"75":0,"76":0,"77":0,"78":0,"79":3,"80":3,"81":0,"82":0,"83":0,"84":0,"85":0,"86":3},"f":{"0":6,"1":6,"2":2,"3":2,"4":3,"5":3,"6":2,"7":2,"8":7,"9":7,"10":3,"11":3,"12":5,"13":5,"14":0,"15":0,"16":0,"17":0},"b":{"0":[0],"1":[0],"2":[1],"3":[0],"4":[0],"5":[1],"6":[0],"7":[0]}}
,"/Users/minsooshin/Desktop/codeit/sprint_mission/mission_9/1-sprint-mission/src/controllers/userController.ts": {"path":"/Users/minsooshin/Desktop/codeit/sprint_mission/mission_9/1-sprint-mission/src/controllers/userController.ts","statementMap":{"0":{"start":{"line":34,"column":0},"end":{"line":34,"column":22}},"1":{"start":{"line":41,"column":0},"end":{"line":41,"column":22}},"2":{"start":{"line":51,"column":0},"end":{"line":51,"column":22}},"3":{"start":{"line":58,"column":0},"end":{"line":58,"column":22}},"4":{"start":{"line":2,"column":0},"end":{"line":2,"column":null}},"5":{"start":{"line":10,"column":0},"end":{"line":10,"column":37}},"6":{"start":{"line":11,"column":0},"end":{"line":11,"column":null}},"7":{"start":{"line":18,"column":0},"end":{"line":18,"column":64}},"8":{"start":{"line":20,"column":21},"end":{"line":24,"column":2}},"9":{"start":{"line":20,"column":74},"end":{"line":24,"column":2}},"10":{"start":{"line":21,"column":15},"end":{"line":21,"column":46}},"11":{"start":{"line":23,"column":2},"end":{"line":23,"column":29}},"12":{"start":{"line":20,"column":13},"end":{"line":20,"column":21}},"13":{"start":{"line":26,"column":24},"end":{"line":32,"column":2}},"14":{"start":{"line":26,"column":77},"end":{"line":32,"column":2}},"15":{"start":{"line":27,"column":15},"end":{"line":27,"column":51}},"16":{"start":{"line":29,"column":20},"end":{"line":29,"column":60}},"17":{"start":{"line":31,"column":2},"end":{"line":31,"column":34}},"18":{"start":{"line":26,"column":13},"end":{"line":26,"column":24}},"19":{"start":{"line":35,"column":36},"end":{"line":35,"column":78}},"20":{"start":{"line":37,"column":2},"end":{"line":37,"column":68}},"21":{"start":{"line":38,"column":2},"end":{"line":38,"column":66}},"22":{"start":{"line":42,"column":2},"end":{"line":44,"column":3}},"23":{"start":{"line":43,"column":4},"end":{"line":43,"column":48}},"24":{"start":{"line":46,"column":17},"end":{"line":46,"column":64}},"25":{"start":{"line":47,"column":17},"end":{"line":47,"column":67}},"26":{"start":{"line":48,"column":2},"end":{"line":48,"column":31}},"27":{"start":{"line":52,"column":47},"end":{"line":52,"column":95}},"28":{"start":{"line":53,"column":17},"end":{"line":53,"column":98}},"29":{"start":{"line":55,"column":2},"end":{"line":55,"column":31}},"30":{"start":{"line":59,"column":2},"end":{"line":61,"column":3}},"31":{"start":{"line":60,"column":4},"end":{"line":60,"column":48}},"32":{"start":{"line":63,"column":17},"end":{"line":63,"column":65}},"33":{"start":{"line":64,"column":17},"end":{"line":64,"column":72}},"34":{"start":{"line":65,"column":2},"end":{"line":65,"column":31}}},"fnMap":{"0":{"name":"(anonymous_8)","decl":{"start":{"line":20,"column":21},"end":{"line":20,"column":28}},"loc":{"start":{"line":20,"column":74},"end":{"line":24,"column":2}}},"1":{"name":"(anonymous_9)","decl":{"start":{"line":20,"column":74},"end":{"line":20,"column":null}},"loc":{"start":{"line":20,"column":74},"end":{"line":24,"column":1}}},"2":{"name":"(anonymous_10)","decl":{"start":{"line":26,"column":24},"end":{"line":26,"column":31}},"loc":{"start":{"line":26,"column":77},"end":{"line":32,"column":2}}},"3":{"name":"(anonymous_11)","decl":{"start":{"line":26,"column":77},"end":{"line":26,"column":null}},"loc":{"start":{"line":26,"column":77},"end":{"line":32,"column":1}}},"4":{"name":"updateMyPassword","decl":{"start":{"line":34,"column":22},"end":{"line":34,"column":38}},"loc":{"start":{"line":34,"column":66},"end":{"line":39,"column":null}}},"5":{"name":"getMyProductList","decl":{"start":{"line":41,"column":22},"end":{"line":41,"column":38}},"loc":{"start":{"line":41,"column":66},"end":{"line":49,"column":null}}},"6":{"name":"getMyFavoriteList","decl":{"start":{"line":51,"column":22},"end":{"line":51,"column":39}},"loc":{"start":{"line":51,"column":67},"end":{"line":56,"column":null}}},"7":{"name":"getMyNotificationList","decl":{"start":{"line":58,"column":22},"end":{"line":58,"column":43}},"loc":{"start":{"line":58,"column":71},"end":{"line":66,"column":null}}}},"branchMap":{"0":{"loc":{"start":{"line":42,"column":2},"end":{"line":44,"column":3}},"type":"if","locations":[{"start":{"line":42,"column":2},"end":{"line":44,"column":3}}]},"1":{"loc":{"start":{"line":59,"column":2},"end":{"line":61,"column":3}},"type":"if","locations":[{"start":{"line":59,"column":2},"end":{"line":61,"column":3}}]}},"s":{"0":3,"1":3,"2":3,"3":3,"4":3,"5":3,"6":3,"7":3,"8":3,"9":0,"10":0,"11":0,"12":3,"13":3,"14":0,"15":0,"16":0,"17":0,"18":3,"19":0,"20":0,"21":0,"22":0,"23":0,"24":0,"25":0,"26":0,"27":0,"28":0,"29":0,"30":0,"31":0,"32":0,"33":0,"34":0},"f":{"0":0,"1":0,"2":0,"3":0,"4":0,"5":0,"6":0,"7":0},"b":{"0":[0],"1":[0]}}
,"/Users/minsooshin/Desktop/codeit/sprint_mission/mission_9/1-sprint-mission/src/lib/constants.ts": {"path":"/Users/minsooshin/Desktop/codeit/sprint_mission/mission_9/1-sprint-mission/src/lib/constants.ts","statementMap":{"0":{"start":{"line":1,"column":0},"end":{"line":1,"column":28}},"1":{"start":{"line":2,"column":0},"end":{"line":2,"column":16}},"2":{"start":{"line":4,"column":13},"end":{"line":4,"column":62}},"3":{"start":{"line":5,"column":13},"end":{"line":5,"column":45}},"4":{"start":{"line":6,"column":13},"end":{"line":6,"column":38}},"5":{"start":{"line":7,"column":13},"end":{"line":7,"column":37}},"6":{"start":{"line":8,"column":13},"end":{"line":8,"column":53}},"7":{"start":{"line":9,"column":13},"end":{"line":9,"column":55}},"8":{"start":{"line":10,"column":13},"end":{"line":10,"column":57}},"9":{"start":{"line":11,"column":13},"end":{"line":11,"column":75}},"10":{"start":{"line":12,"column":13},"end":{"line":12,"column":77}}},"fnMap":{},"branchMap":{"0":{"loc":{"start":{"line":4,"column":24},"end":{"line":4,"column":61}},"type":"binary-expr","locations":[{"start":{"line":4,"column":24},"end":{"line":4,"column":44}},{"start":{"line":4,"column":48},"end":{"line":4,"column":61}}]},"1":{"loc":{"start":{"line":5,"column":20},"end":{"line":5,"column":44}},"type":"binary-expr","locations":[{"start":{"line":5,"column":20},"end":{"line":5,"column":36}},{"start":{"line":5,"column":40},"end":{"line":5,"column":44}}]}},"s":{"0":4,"1":4,"2":4,"3":4,"4":4,"5":4,"6":4,"7":4,"8":4,"9":4,"10":4},"f":{},"b":{"0":[4,0],"1":[4,0]}}
,"/Users/minsooshin/Desktop/codeit/sprint_mission/mission_9/1-sprint-mission/src/lib/prismaClient.ts": {"path":"/Users/minsooshin/Desktop/codeit/sprint_mission/mission_9/1-sprint-mission/src/lib/prismaClient.ts","statementMap":{"0":{"start":{"line":1,"column":0},"end":{"line":1,"column":46}},"1":{"start":{"line":3,"column":13},"end":{"line":3,"column":47}}},"fnMap":{},"branchMap":{},"s":{"0":7,"1":7},"f":{},"b":{}}
,"/Users/minsooshin/Desktop/codeit/sprint_mission/mission_9/1-sprint-mission/src/lib/token.ts": {"path":"/Users/minsooshin/Desktop/codeit/sprint_mission/mission_9/1-sprint-mission/src/lib/token.ts","statementMap":{"0":{"start":{"line":5,"column":0},"end":{"line":5,"column":16}},"1":{"start":{"line":17,"column":0},"end":{"line":17,"column":16}},"2":{"start":{"line":22,"column":0},"end":{"line":22,"column":16}},"3":{"start":{"line":1,"column":0},"end":{"line":1,"column":43}},"4":{"start":{"line":2,"column":0},"end":{"line":2,"column":80}},"5":{"start":{"line":6,"column":22},"end":{"line":8,"column":4}},"6":{"start":{"line":10,"column":23},"end":{"line":12,"column":4}},"7":{"start":{"line":14,"column":2},"end":{"line":14,"column":56}},"8":{"start":{"line":18,"column":17},"end":{"line":18,"column":85}},"9":{"start":{"line":19,"column":2},"end":{"line":19,"column":31}},"10":{"start":{"line":23,"column":17},"end":{"line":23,"column":86}},"11":{"start":{"line":24,"column":2},"end":{"line":24,"column":31}}},"fnMap":{"0":{"name":"generateTokens","decl":{"start":{"line":5,"column":16},"end":{"line":5,"column":30}},"loc":{"start":{"line":5,"column":45},"end":{"line":15,"column":1}}},"1":{"name":"verifyAccessToken","decl":{"start":{"line":17,"column":16},"end":{"line":17,"column":33}},"loc":{"start":{"line":17,"column":47},"end":{"line":20,"column":1}}},"2":{"name":"verifyRefreshToken","decl":{"start":{"line":22,"column":16},"end":{"line":22,"column":34}},"loc":{"start":{"line":22,"column":48},"end":{"line":25,"column":1}}}},"branchMap":{},"s":{"0":3,"1":3,"2":3,"3":3,"4":3,"5":80,"6":80,"7":80,"8":36,"9":36,"10":2,"11":1},"f":{"0":80,"1":36,"2":2},"b":{}}
,"/Users/minsooshin/Desktop/codeit/sprint_mission/mission_9/1-sprint-mission/src/lib/withAsync.ts": {"path":"/Users/minsooshin/Desktop/codeit/sprint_mission/mission_9/1-sprint-mission/src/lib/withAsync.ts","statementMap":{"0":{"start":{"line":3,"column":0},"end":{"line":3,"column":16}},"1":{"start":{"line":4,"column":2},"end":{"line":10,"column":4}},"2":{"start":{"line":5,"column":4},"end":{"line":9,"column":5}},"3":{"start":{"line":6,"column":6},"end":{"line":6,"column":30}},"4":{"start":{"line":8,"column":6},"end":{"line":8,"column":14}}},"fnMap":{"0":{"name":"withAsync","decl":{"start":{"line":3,"column":16},"end":{"line":3,"column":25}},"loc":{"start":{"line":3,"column":81},"end":{"line":11,"column":1}}},"1":{"name":"(anonymous_8)","decl":{"start":{"line":4,"column":9},"end":{"line":4,"column":25}},"loc":{"start":{"line":4,"column":72},"end":{"line":10,"column":4}}}},"branchMap":{},"s":{"0":3,"1":96,"2":149,"3":149,"4":30},"f":{"0":96,"1":149},"b":{}}
,"/Users/minsooshin/Desktop/codeit/sprint_mission/mission_9/1-sprint-mission/src/lib/errors/BadRequestError.ts": {"path":"/Users/minsooshin/Desktop/codeit/sprint_mission/mission_9/1-sprint-mission/src/lib/errors/BadRequestError.ts","statementMap":{"0":{"start":{"line":3,"column":4},"end":{"line":3,"column":19}},"1":{"start":{"line":4,"column":4},"end":{"line":4,"column":34}},"2":{"start":{"line":8,"column":0},"end":{"line":8,"column":31}}},"fnMap":{"0":{"name":"(anonymous_0)","decl":{"start":{"line":2,"column":2},"end":{"line":2,"column":14}},"loc":{"start":{"line":2,"column":29},"end":{"line":5,"column":3}}}},"branchMap":{},"s":{"0":5,"1":5,"2":3},"f":{"0":5},"b":{}}
,"/Users/minsooshin/Desktop/codeit/sprint_mission/mission_9/1-sprint-mission/src/lib/errors/ForbiddenError.ts": {"path":"/Users/minsooshin/Desktop/codeit/sprint_mission/mission_9/1-sprint-mission/src/lib/errors/ForbiddenError.ts","statementMap":{"0":{"start":{"line":3,"column":4},"end":{"line":3,"column":19}},"1":{"start":{"line":4,"column":4},"end":{"line":4,"column":33}},"2":{"start":{"line":8,"column":0},"end":{"line":8,"column":30}}},"fnMap":{"0":{"name":"(anonymous_0)","decl":{"start":{"line":2,"column":2},"end":{"line":2,"column":14}},"loc":{"start":{"line":2,"column":29},"end":{"line":5,"column":3}}}},"branchMap":{},"s":{"0":0,"1":0,"2":3},"f":{"0":0},"b":{}}
,"/Users/minsooshin/Desktop/codeit/sprint_mission/mission_9/1-sprint-mission/src/lib/errors/NotFoundError.ts": {"path":"/Users/minsooshin/Desktop/codeit/sprint_mission/mission_9/1-sprint-mission/src/lib/errors/NotFoundError.ts","statementMap":{"0":{"start":{"line":3,"column":4},"end":{"line":3,"column":50}},"1":{"start":{"line":4,"column":4},"end":{"line":4,"column":32}},"2":{"start":{"line":8,"column":0},"end":{"line":8,"column":29}}},"fnMap":{"0":{"name":"(anonymous_0)","decl":{"start":{"line":2,"column":2},"end":{"line":2,"column":14}},"loc":{"start":{"line":2,"column":43},"end":{"line":5,"column":3}}}},"branchMap":{},"s":{"0":16,"1":16,"2":5},"f":{"0":16},"b":{}}
,"/Users/minsooshin/Desktop/codeit/sprint_mission/mission_9/1-sprint-mission/src/lib/errors/UnauthorizedError.ts": {"path":"/Users/minsooshin/Desktop/codeit/sprint_mission/mission_9/1-sprint-mission/src/lib/errors/UnauthorizedError.ts","statementMap":{"0":{"start":{"line":3,"column":4},"end":{"line":3,"column":19}},"1":{"start":{"line":4,"column":4},"end":{"line":4,"column":36}},"2":{"start":{"line":8,"column":0},"end":{"line":8,"column":33}}},"fnMap":{"0":{"name":"(anonymous_0)","decl":{"start":{"line":2,"column":2},"end":{"line":2,"column":14}},"loc":{"start":{"line":2,"column":29},"end":{"line":5,"column":3}}}},"branchMap":{},"s":{"0":0,"1":0,"2":3},"f":{"0":0},"b":{}}
,"/Users/minsooshin/Desktop/codeit/sprint_mission/mission_9/1-sprint-mission/src/middlewares/authenticate.ts": {"path":"/Users/minsooshin/Desktop/codeit/sprint_mission/mission_9/1-sprint-mission/src/middlewares/authenticate.ts","statementMap":{"0":{"start":{"line":6,"column":0},"end":{"line":6,"column":16}},"1":{"start":{"line":2,"column":0},"end":{"line":2,"column":60}},"2":{"start":{"line":3,"column":0},"end":{"line":3,"column":49}},"3":{"start":{"line":4,"column":0},"end":{"line":4,"column":58}},"4":{"start":{"line":7,"column":2},"end":{"line":36,"column":4}},"5":{"start":{"line":7,"column":82},"end":{"line":36,"column":4}},"6":{"start":{"line":8,"column":24},"end":{"line":8,"column":61}},"7":{"start":{"line":9,"column":4},"end":{"line":11,"column":5}},"8":{"start":{"line":10,"column":6},"end":{"line":10,"column":20}},"9":{"start":{"line":13,"column":4},"end":{"line":16,"column":5}},"10":{"start":{"line":14,"column":6},"end":{"line":14,"column":56}},"11":{"start":{"line":15,"column":6},"end":{"line":15,"column":13}},"12":{"start":{"line":18,"column":4},"end":{"line":35,"column":5}},"13":{"start":{"line":19,"column":25},"end":{"line":19,"column":55}},"14":{"start":{"line":20,"column":19},"end":{"line":20,"column":41}},"15":{"start":{"line":22,"column":6},"end":{"line":25,"column":7}},"16":{"start":{"line":23,"column":8},"end":{"line":23,"column":58}},"17":{"start":{"line":24,"column":8},"end":{"line":24,"column":15}},"18":{"start":{"line":27,"column":6},"end":{"line":27,"column":22}},"19":{"start":{"line":28,"column":6},"end":{"line":28,"column":20}},"20":{"start":{"line":30,"column":6},"end":{"line":32,"column":7}},"21":{"start":{"line":31,"column":8},"end":{"line":31,"column":22}},"22":{"start":{"line":33,"column":6},"end":{"line":33,"column":56}},"23":{"start":{"line":34,"column":6},"end":{"line":34,"column":13}}},"fnMap":{"0":{"name":"authenticate","decl":{"start":{"line":6,"column":16},"end":{"line":6,"column":28}},"loc":{"start":{"line":6,"column":58},"end":{"line":37,"column":1}}},"1":{"name":"(anonymous_8)","decl":{"start":{"line":7,"column":9},"end":{"line":7,"column":16}},"loc":{"start":{"line":7,"column":82},"end":{"line":36,"column":4}}},"2":{"name":"(anonymous_9)","decl":{"start":{"line":7,"column":82},"end":{"line":7,"column":null}},"loc":{"start":{"line":7,"column":82},"end":{"line":36,"column":3}}}},"branchMap":{"0":{"loc":{"start":{"line":6,"column":29},"end":{"line":6,"column":58}},"type":"default-arg","locations":[{"start":{"line":6,"column":39},"end":{"line":6,"column":58}}]},"1":{"loc":{"start":{"line":9,"column":4},"end":{"line":11,"column":5}},"type":"if","locations":[{"start":{"line":9,"column":4},"end":{"line":11,"column":5}}]},"2":{"loc":{"start":{"line":9,"column":8},"end":{"line":9,"column":40}},"type":"binary-expr","locations":[{"start":{"line":9,"column":8},"end":{"line":9,"column":20}},{"start":{"line":9,"column":24},"end":{"line":9,"column":40}}]},"3":{"loc":{"start":{"line":13,"column":4},"end":{"line":16,"column":5}},"type":"if","locations":[{"start":{"line":13,"column":4},"end":{"line":16,"column":5}}]},"4":{"loc":{"start":{"line":22,"column":6},"end":{"line":25,"column":7}},"type":"if","locations":[{"start":{"line":22,"column":6},"end":{"line":25,"column":7}}]},"5":{"loc":{"start":{"line":30,"column":6},"end":{"line":32,"column":7}},"type":"if","locations":[{"start":{"line":30,"column":6},"end":{"line":32,"column":7}}]}},"s":{"0":3,"1":3,"2":3,"3":3,"4":81,"5":76,"6":76,"7":76,"8":28,"9":48,"10":12,"11":12,"12":36,"13":36,"14":36,"15":36,"16":0,"17":0,"18":36,"19":36,"20":0,"21":0,"22":0,"23":0},"f":{"0":81,"1":76,"2":76},"b":{"0":[63],"1":[28],"2":[76,40],"3":[12],"4":[0],"5":[0]}}
,"/Users/minsooshin/Desktop/codeit/sprint_mission/mission_9/1-sprint-mission/src/repositories/articlesRepository.ts": {"path":"/Users/minsooshin/Desktop/codeit/sprint_mission/mission_9/1-sprint-mission/src/repositories/articlesRepository.ts","statementMap":{"0":{"start":{"line":5,"column":0},"end":{"line":5,"column":22}},"1":{"start":{"line":14,"column":0},"end":{"line":14,"column":22}},"2":{"start":{"line":23,"column":0},"end":{"line":23,"column":22}},"3":{"start":{"line":30,"column":0},"end":{"line":30,"column":22}},"4":{"start":{"line":2,"column":0},"end":{"line":2,"column":51}},"5":{"start":{"line":6,"column":2},"end":{"line":8,"column":5}},"6":{"start":{"line":15,"column":2},"end":{"line":20,"column":5}},"7":{"start":{"line":24,"column":2},"end":{"line":27,"column":5}},"8":{"start":{"line":31,"column":2},"end":{"line":33,"column":5}},"9":{"start":{"line":36,"column":27},"end":{"line":44,"column":1}},"10":{"start":{"line":37,"column":2},"end":{"line":43,"column":5}},"11":{"start":{"line":36,"column":13},"end":{"line":36,"column":27}}},"fnMap":{"0":{"name":"createArticle","decl":{"start":{"line":5,"column":22},"end":{"line":5,"column":35}},"loc":{"start":{"line":5,"column":67},"end":{"line":9,"column":null}}},"1":{"name":"getById","decl":{"start":{"line":14,"column":22},"end":{"line":14,"column":29}},"loc":{"start":{"line":14,"column":40},"end":{"line":21,"column":null}}},"2":{"name":"updateArticle","decl":{"start":{"line":23,"column":22},"end":{"line":23,"column":35}},"loc":{"start":{"line":23,"column":79},"end":{"line":28,"column":null}}},"3":{"name":"deleteArticle","decl":{"start":{"line":30,"column":22},"end":{"line":30,"column":35}},"loc":{"start":{"line":30,"column":46},"end":{"line":34,"column":null}}},"4":{"name":"(anonymous_15)","decl":{"start":{"line":36,"column":27},"end":{"line":36,"column":28}},"loc":{"start":{"line":36,"column":85},"end":{"line":44,"column":1}}}},"branchMap":{"0":{"loc":{"start":{"line":40,"column":13},"end":{"line":40,"column":73}},"type":"cond-expr","locations":[{"start":{"line":40,"column":36},"end":{"line":40,"column":57}},{"start":{"line":40,"column":60},"end":{"line":40,"column":73}}]}},"s":{"0":3,"1":3,"2":3,"3":3,"4":3,"5":2,"6":17,"7":2,"8":1,"9":3,"10":7,"11":3},"f":{"0":2,"1":17,"2":2,"3":1,"4":7},"b":{"0":[7,0]}}
,"/Users/minsooshin/Desktop/codeit/sprint_mission/mission_9/1-sprint-mission/src/repositories/authRepository.ts": {"path":"/Users/minsooshin/Desktop/codeit/sprint_mission/mission_9/1-sprint-mission/src/repositories/authRepository.ts","statementMap":{"0":{"start":{"line":5,"column":0},"end":{"line":5,"column":22}},"1":{"start":{"line":13,"column":0},"end":{"line":13,"column":22}},"2":{"start":{"line":21,"column":0},"end":{"line":21,"column":22}},"3":{"start":{"line":31,"column":0},"end":{"line":31,"column":22}},"4":{"start":{"line":2,"column":0},"end":{"line":2,"column":51}},"5":{"start":{"line":6,"column":2},"end":{"line":10,"column":5}},"6":{"start":{"line":14,"column":2},"end":{"line":18,"column":5}},"7":{"start":{"line":22,"column":2},"end":{"line":28,"column":5}},"8":{"start":{"line":32,"column":2},"end":{"line":37,"column":5}}},"fnMap":{"0":{"name":"findById","decl":{"start":{"line":5,"column":22},"end":{"line":5,"column":30}},"loc":{"start":{"line":5,"column":41},"end":{"line":11,"column":null}}},"1":{"name":"findByEmail","decl":{"start":{"line":13,"column":22},"end":{"line":13,"column":33}},"loc":{"start":{"line":13,"column":47},"end":{"line":19,"column":null}}},"2":{"name":"save","decl":{"start":{"line":21,"column":22},"end":{"line":21,"column":26}},"loc":{"start":{"line":21,"column":46},"end":{"line":29,"column":null}}},"3":{"name":"update","decl":{"start":{"line":31,"column":22},"end":{"line":31,"column":28}},"loc":{"start":{"line":31,"column":51},"end":{"line":38,"column":null}}}},"branchMap":{},"s":{"0":3,"1":3,"2":3,"3":3,"4":3,"5":37,"6":82,"7":1,"8":0},"f":{"0":37,"1":82,"2":1,"3":0},"b":{}}
,"/Users/minsooshin/Desktop/codeit/sprint_mission/mission_9/1-sprint-mission/src/repositories/commentRepository.ts": {"path":"/Users/minsooshin/Desktop/codeit/sprint_mission/mission_9/1-sprint-mission/src/repositories/commentRepository.ts","statementMap":{"0":{"start":{"line":5,"column":0},"end":{"line":5,"column":22}},"1":{"start":{"line":19,"column":0},"end":{"line":19,"column":22}},"2":{"start":{"line":31,"column":0},"end":{"line":31,"column":22}},"3":{"start":{"line":45,"column":0},"end":{"line":45,"column":22}},"4":{"start":{"line":57,"column":0},"end":{"line":57,"column":22}},"5":{"start":{"line":64,"column":0},"end":{"line":64,"column":22}},"6":{"start":{"line":70,"column":0},"end":{"line":70,"column":22}},"7":{"start":{"line":2,"column":0},"end":{"line":2,"column":51}},"8":{"start":{"line":5,"column":43},"end":{"line":17,"column":null}},"9":{"start":{"line":10,"column":2},"end":{"line":16,"column":5}},"10":{"start":{"line":20,"column":2},"end":{"line":29,"column":null}},"11":{"start":{"line":24,"column":2},"end":{"line":28,"column":5}},"12":{"start":{"line":31,"column":43},"end":{"line":43,"column":null}},"13":{"start":{"line":36,"column":2},"end":{"line":42,"column":5}},"14":{"start":{"line":46,"column":2},"end":{"line":55,"column":null}},"15":{"start":{"line":50,"column":2},"end":{"line":54,"column":5}},"16":{"start":{"line":58,"column":2},"end":{"line":61,"column":5}},"17":{"start":{"line":65,"column":2},"end":{"line":67,"column":5}},"18":{"start":{"line":71,"column":2},"end":{"line":73,"column":5}}},"fnMap":{"0":{"name":"createProductComment","decl":{"start":{"line":5,"column":22},"end":{"line":5,"column":42}},"loc":{"start":{"line":5,"column":42},"end":{"line":17,"column":null}}},"1":{"name":"(anonymous_8)","decl":{"start":{"line":5,"column":43},"end":{"line":5,"column":null}},"loc":{"start":{"line":9,"column":26},"end":{"line":17,"column":1}}},"2":{"name":"getProductComment","decl":{"start":{"line":19,"column":22},"end":{"line":19,"column":39}},"loc":{"start":{"line":19,"column":39},"end":{"line":29,"column":null}}},"3":{"name":"(anonymous_10)","decl":{"start":{"line":20,"column":2},"end":{"line":20,"column":19}},"loc":{"start":{"line":22,"column":20},"end":{"line":29,"column":1}}},"4":{"name":"createArticleComment","decl":{"start":{"line":31,"column":22},"end":{"line":31,"column":42}},"loc":{"start":{"line":31,"column":42},"end":{"line":43,"column":null}}},"5":{"name":"(anonymous_12)","decl":{"start":{"line":31,"column":43},"end":{"line":31,"column":null}},"loc":{"start":{"line":35,"column":26},"end":{"line":43,"column":1}}},"6":{"name":"getArticleComment","decl":{"start":{"line":45,"column":22},"end":{"line":45,"column":39}},"loc":{"start":{"line":45,"column":39},"end":{"line":55,"column":null}}},"7":{"name":"(anonymous_14)","decl":{"start":{"line":46,"column":2},"end":{"line":46,"column":19}},"loc":{"start":{"line":48,"column":20},"end":{"line":55,"column":1}}},"8":{"name":"updateComment","decl":{"start":{"line":57,"column":22},"end":{"line":57,"column":35}},"loc":{"start":{"line":57,"column":79},"end":{"line":62,"column":null}}},"9":{"name":"getByCommentId","decl":{"start":{"line":64,"column":22},"end":{"line":64,"column":36}},"loc":{"start":{"line":64,"column":47},"end":{"line":68,"column":null}}},"10":{"name":"deleteComment","decl":{"start":{"line":70,"column":22},"end":{"line":70,"column":35}},"loc":{"start":{"line":70,"column":46},"end":{"line":74,"column":null}}}},"branchMap":{"0":{"loc":{"start":{"line":22,"column":2},"end":{"line":22,"column":20}},"type":"default-arg","locations":[{"start":{"line":22,"column":18},"end":{"line":22,"column":20}}]},"1":{"loc":{"start":{"line":25,"column":12},"end":{"line":25,"column":47}},"type":"cond-expr","locations":[{"start":{"line":25,"column":21},"end":{"line":25,"column":35}},{"start":{"line":25,"column":38},"end":{"line":25,"column":47}}]},"2":{"loc":{"start":{"line":48,"column":2},"end":{"line":48,"column":20}},"type":"default-arg","locations":[{"start":{"line":48,"column":18},"end":{"line":48,"column":20}}]},"3":{"loc":{"start":{"line":51,"column":12},"end":{"line":51,"column":47}},"type":"cond-expr","locations":[{"start":{"line":51,"column":21},"end":{"line":51,"column":35}},{"start":{"line":51,"column":38},"end":{"line":51,"column":47}}]}},"s":{"0":4,"1":4,"2":4,"3":4,"4":4,"5":4,"6":4,"7":4,"8":1,"9":1,"10":4,"11":4,"12":1,"13":1,"14":4,"15":4,"16":2,"17":12,"18":2},"f":{"0":1,"1":1,"2":4,"3":4,"4":1,"5":1,"6":4,"7":4,"8":2,"9":12,"10":2},"b":{"0":[0],"1":[1,3],"2":[0],"3":[1,3]}}
,"/Users/minsooshin/Desktop/codeit/sprint_mission/mission_9/1-sprint-mission/src/repositories/favoriteRepository.ts": {"path":"/Users/minsooshin/Desktop/codeit/sprint_mission/mission_9/1-sprint-mission/src/repositories/favoriteRepository.ts","statementMap":{"0":{"start":{"line":3,"column":0},"end":{"line":3,"column":22}},"1":{"start":{"line":12,"column":0},"end":{"line":12,"column":22}},"2":{"start":{"line":21,"column":0},"end":{"line":21,"column":22}},"3":{"start":{"line":29,"column":0},"end":{"line":29,"column":22}},"4":{"start":{"line":1,"column":0},"end":{"line":1,"column":51}},"5":{"start":{"line":4,"column":2},"end":{"line":9,"column":5}},"6":{"start":{"line":13,"column":2},"end":{"line":18,"column":5}},"7":{"start":{"line":22,"column":2},"end":{"line":26,"column":5}},"8":{"start":{"line":30,"column":2},"end":{"line":34,"column":5}}},"fnMap":{"0":{"name":"getFavorite","decl":{"start":{"line":3,"column":22},"end":{"line":3,"column":33}},"loc":{"start":{"line":3,"column":67},"end":{"line":10,"column":null}}},"1":{"name":"createFavorite","decl":{"start":{"line":12,"column":22},"end":{"line":12,"column":36}},"loc":{"start":{"line":12,"column":70},"end":{"line":19,"column":null}}},"2":{"name":"deleteFavorite","decl":{"start":{"line":21,"column":22},"end":{"line":21,"column":36}},"loc":{"start":{"line":21,"column":47},"end":{"line":27,"column":null}}},"3":{"name":"getFavoriteList","decl":{"start":{"line":29,"column":22},"end":{"line":29,"column":37}},"loc":{"start":{"line":29,"column":48},"end":{"line":35,"column":null}}}},"branchMap":{},"s":{"0":4,"1":4,"2":4,"3":4,"4":4,"5":0,"6":0,"7":0,"8":1},"f":{"0":0,"1":0,"2":0,"3":1},"b":{}}
,"/Users/minsooshin/Desktop/codeit/sprint_mission/mission_9/1-sprint-mission/src/repositories/likeRepository.ts": {"path":"/Users/minsooshin/Desktop/codeit/sprint_mission/mission_9/1-sprint-mission/src/repositories/likeRepository.ts","statementMap":{"0":{"start":{"line":3,"column":0},"end":{"line":3,"column":22}},"1":{"start":{"line":12,"column":0},"end":{"line":12,"column":22}},"2":{"start":{"line":21,"column":0},"end":{"line":21,"column":22}},"3":{"start":{"line":1,"column":0},"end":{"line":1,"column":51}},"4":{"start":{"line":4,"column":2},"end":{"line":9,"column":5}},"5":{"start":{"line":13,"column":2},"end":{"line":18,"column":5}},"6":{"start":{"line":22,"column":2},"end":{"line":26,"column":5}}},"fnMap":{"0":{"name":"getLike","decl":{"start":{"line":3,"column":22},"end":{"line":3,"column":29}},"loc":{"start":{"line":3,"column":63},"end":{"line":10,"column":null}}},"1":{"name":"createLike","decl":{"start":{"line":12,"column":22},"end":{"line":12,"column":32}},"loc":{"start":{"line":12,"column":66},"end":{"line":19,"column":null}}},"2":{"name":"deleteLike","decl":{"start":{"line":21,"column":22},"end":{"line":21,"column":32}},"loc":{"start":{"line":21,"column":43},"end":{"line":27,"column":null}}}},"branchMap":{},"s":{"0":3,"1":3,"2":3,"3":3,"4":0,"5":0,"6":0},"f":{"0":0,"1":0,"2":0},"b":{}}
,"/Users/minsooshin/Desktop/codeit/sprint_mission/mission_9/1-sprint-mission/src/repositories/notificationRepository.ts": {"path":"/Users/minsooshin/Desktop/codeit/sprint_mission/mission_9/1-sprint-mission/src/repositories/notificationRepository.ts","statementMap":{"0":{"start":{"line":5,"column":0},"end":{"line":5,"column":22}},"1":{"start":{"line":13,"column":0},"end":{"line":13,"column":22}},"2":{"start":{"line":22,"column":0},"end":{"line":22,"column":22}},"3":{"start":{"line":3,"column":0},"end":{"line":3,"column":51}},"4":{"start":{"line":8,"column":2},"end":{"line":10,"column":5}},"5":{"start":{"line":14,"column":2},"end":{"line":19,"column":5}},"6":{"start":{"line":23,"column":2},"end":{"line":28,"column":5}}},"fnMap":{"0":{"name":"createNotification","decl":{"start":{"line":5,"column":22},"end":{"line":5,"column":40}},"loc":{"start":{"line":6,"column":63},"end":{"line":11,"column":null}}},"1":{"name":"unreadNotificationCount","decl":{"start":{"line":13,"column":22},"end":{"line":13,"column":45}},"loc":{"start":{"line":13,"column":60},"end":{"line":20,"column":null}}},"2":{"name":"readMyNotification","decl":{"start":{"line":22,"column":22},"end":{"line":22,"column":40}},"loc":{"start":{"line":22,"column":51},"end":{"line":29,"column":null}}}},"branchMap":{},"s":{"0":4,"1":4,"2":4,"3":4,"4":1,"5":0,"6":0},"f":{"0":1,"1":0,"2":0},"b":{}}
,"/Users/minsooshin/Desktop/codeit/sprint_mission/mission_9/1-sprint-mission/src/repositories/productRepository.ts": {"path":"/Users/minsooshin/Desktop/codeit/sprint_mission/mission_9/1-sprint-mission/src/repositories/productRepository.ts","statementMap":{"0":{"start":{"line":5,"column":0},"end":{"line":5,"column":22}},"1":{"start":{"line":14,"column":0},"end":{"line":14,"column":22}},"2":{"start":{"line":23,"column":0},"end":{"line":23,"column":22}},"3":{"start":{"line":30,"column":0},"end":{"line":30,"column":22}},"4":{"start":{"line":2,"column":0},"end":{"line":2,"column":51}},"5":{"start":{"line":6,"column":2},"end":{"line":8,"column":5}},"6":{"start":{"line":15,"column":2},"end":{"line":20,"column":5}},"7":{"start":{"line":24,"column":2},"end":{"line":27,"column":5}},"8":{"start":{"line":31,"column":2},"end":{"line":33,"column":5}},"9":{"start":{"line":36,"column":26},"end":{"line":44,"column":1}},"10":{"start":{"line":37,"column":2},"end":{"line":43,"column":5}},"11":{"start":{"line":36,"column":13},"end":{"line":36,"column":26}}},"fnMap":{"0":{"name":"createProduct","decl":{"start":{"line":5,"column":22},"end":{"line":5,"column":35}},"loc":{"start":{"line":5,"column":67},"end":{"line":9,"column":null}}},"1":{"name":"getById","decl":{"start":{"line":14,"column":22},"end":{"line":14,"column":29}},"loc":{"start":{"line":14,"column":40},"end":{"line":21,"column":null}}},"2":{"name":"updateProduct","decl":{"start":{"line":23,"column":22},"end":{"line":23,"column":35}},"loc":{"start":{"line":23,"column":79},"end":{"line":28,"column":null}}},"3":{"name":"deleteProduct","decl":{"start":{"line":30,"column":22},"end":{"line":30,"column":35}},"loc":{"start":{"line":30,"column":46},"end":{"line":34,"column":null}}},"4":{"name":"(anonymous_15)","decl":{"start":{"line":36,"column":26},"end":{"line":36,"column":27}},"loc":{"start":{"line":36,"column":84},"end":{"line":44,"column":1}}}},"branchMap":{"0":{"loc":{"start":{"line":40,"column":13},"end":{"line":40,"column":73}},"type":"cond-expr","locations":[{"start":{"line":40,"column":36},"end":{"line":40,"column":57}},{"start":{"line":40,"column":60},"end":{"line":40,"column":73}}]}},"s":{"0":4,"1":4,"2":4,"3":4,"4":4,"5":1,"6":17,"7":2,"8":1,"9":4,"10":7,"11":4},"f":{"0":1,"1":17,"2":2,"3":1,"4":7},"b":{"0":[7,0]}}
,"/Users/minsooshin/Desktop/codeit/sprint_mission/mission_9/1-sprint-mission/src/repositories/userRepository.ts": {"path":"/Users/minsooshin/Desktop/codeit/sprint_mission/mission_9/1-sprint-mission/src/repositories/userRepository.ts","statementMap":{"0":{"start":{"line":5,"column":0},"end":{"line":5,"column":22}},"1":{"start":{"line":11,"column":0},"end":{"line":11,"column":22}},"2":{"start":{"line":18,"column":0},"end":{"line":18,"column":22}},"3":{"start":{"line":39,"column":0},"end":{"line":39,"column":22}},"4":{"start":{"line":62,"column":0},"end":{"line":62,"column":22}},"5":{"start":{"line":2,"column":0},"end":{"line":2,"column":51}},"6":{"start":{"line":6,"column":2},"end":{"line":8,"column":5}},"7":{"start":{"line":12,"column":2},"end":{"line":15,"column":5}},"8":{"start":{"line":25,"column":2},"end":{"line":36,"column":5}},"9":{"start":{"line":40,"column":47},"end":{"line":40,"column":53}},"10":{"start":{"line":42,"column":13},"end":{"line":48,"column":null}},"11":{"start":{"line":51,"column":2},"end":{"line":59,"column":5}},"12":{"start":{"line":68,"column":2},"end":{"line":75,"column":5}}},"fnMap":{"0":{"name":"getByUserId","decl":{"start":{"line":5,"column":22},"end":{"line":5,"column":33}},"loc":{"start":{"line":5,"column":44},"end":{"line":9,"column":null}}},"1":{"name":"updateMe","decl":{"start":{"line":11,"column":22},"end":{"line":11,"column":30}},"loc":{"start":{"line":11,"column":71},"end":{"line":16,"column":null}}},"2":{"name":"getMyProductList","decl":{"start":{"line":18,"column":22},"end":{"line":18,"column":38}},"loc":{"start":{"line":23,"column":33},"end":{"line":37,"column":null}}},"3":{"name":"getFavoriteProduct","decl":{"start":{"line":39,"column":22},"end":{"line":39,"column":40}},"loc":{"start":{"line":39,"column":74},"end":{"line":60,"column":null}}},"4":{"name":"getMyNotificationList","decl":{"start":{"line":62,"column":22},"end":{"line":62,"column":43}},"loc":{"start":{"line":66,"column":30},"end":{"line":76,"column":null}}}},"branchMap":{"0":{"loc":{"start":{"line":28,"column":13},"end":{"line":28,"column":66}},"type":"cond-expr","locations":[{"start":{"line":28,"column":36},"end":{"line":28,"column":50}},{"start":{"line":28,"column":53},"end":{"line":28,"column":66}}]},"1":{"loc":{"start":{"line":43,"column":8},"end":{"line":45,"column":6}},"type":"binary-expr","locations":[{"start":{"line":43,"column":8},"end":{"line":43,"column":15}},{"start":{"line":43,"column":19},"end":{"li
[...]
umn":25},"end":{"line":62,"column":42}},"23":{"start":{"line":63,"column":19},"end":{"line":63,"column":29}},"24":{"start":{"line":65,"column":2},"end":{"line":65,"column":62}},"25":{"start":{"line":65,"column":23},"end":{"line":65,"column":62}},"26":{"start":{"line":67,"column":23},"end":{"line":67,"column":56}},"27":{"start":{"line":69,"column":25},"end":{"line":69,"column":54}},"28":{"start":{"line":71,"column":2},"end":{"line":91,"column":3}},"29":{"start":{"line":72,"column":22},"end":{"line":72,"column":47}},"30":{"start":{"line":73,"column":4},"end":{"line":90,"column":6}},"31":{"start":{"line":74,"column":34},"end":{"line":89,"column":8}},"32":{"start":{"line":75,"column":24},"end":{"line":80,"column":10}},"33":{"start":{"line":82,"column":8},"end":{"line":86,"column":11}},"34":{"start":{"line":88,"column":8},"end":{"line":88,"column":46}},"35":{"start":{"line":93,"column":2},"end":{"line":93,"column":44}},"36":{"start":{"line":97,"column":18},"end":{"line":97,"column":35}},"37":{"start":{"line":99,"column":2},"end":{"line":101,"column":3}},"38":{"start":{"line":100,"column":4},"end":{"line":100,"column":43}},"39":{"start":{"line":103,"column":2},"end":{"line":103,"column":33}},"40":{"start":{"line":110,"column":47},"end":{"line":110,"column":53}},"41":{"start":{"line":112,"column":44},"end":{"line":116,"column":8}},"42":{"start":{"line":118,"column":19},"end":{"line":118,"column":81}},"43":{"start":{"line":120,"column":22},"end":{"line":120,"column":84}},"44":{"start":{"line":120,"column":48},"end":{"line":120,"column":83}},"45":{"start":{"line":122,"column":2},"end":{"line":122,"column":21}},"46":{"start":{"line":125,"column":43},"end":{"line":144,"column":null}},"47":{"start":{"line":131,"column":26},"end":{"line":131,"column":50}},"48":{"start":{"line":132,"column":2},"end":{"line":134,"column":3}},"49":{"start":{"line":133,"column":4},"end":{"line":133,"column":50}},"50":{"start":{"line":136,"column":18},"end":{"line":136,"column":80}},"51":{"start":{"line":138,"column":2},"end":{"line":143,"column":4}},"52":{"start":{"line":146,"column":47},"end":{"line":166,"column":null}},"53":{"start":{"line":155,"column":18},"end":{"line":155,"column":42}},"54":{"start":{"line":156,"column":2},"end":{"line":158,"column":3}},"55":{"start":{"line":157,"column":4},"end":{"line":157,"column":50}},"56":{"start":{"line":160,"column":21},"end":{"line":160,"column":70}},"57":{"start":{"line":161,"column":19},"end":{"line":161,"column":45}},"58":{"start":{"line":162,"column":24},"end":{"line":162,"column":55}},"59":{"start":{"line":163,"column":21},"end":{"line":163,"column":60}},"60":{"start":{"line":165,"column":2},"end":{"line":165,"column":34}}},"fnMap":{"0":{"name":"createProductService","decl":{"start":{"line":24,"column":22},"end":{"line":24,"column":42}},"loc":{"start":{"line":26,"column":16},"end":{"line":38,"column":null}}},"1":{"name":"getProductService","decl":{"start":{"line":40,"column":22},"end":{"line":40,"column":39}},"loc":{"start":{"line":42,"column":17},"end":{"line":59,"column":null}}},"2":{"name":"(anonymous_12)","decl":{"start":{"line":51,"column":29},"end":{"line":51,"column":30}},"loc":{"start":{"line":51,"column":43},"end":{"line":51,"column":69}}},"3":{"name":"updateProductService","decl":{"start":{"line":61,"column":22},"end":{"line":61,"column":42}},"loc":{"start":{"line":61,"column":68},"end":{"line":94,"column":null}}},"4":{"name":"(anonymous_15)","decl":{"start":{"line":74,"column":20},"end":{"line":74,"column":27}},"loc":{"start":{"line":74,"column":34},"end":{"line":89,"column":8}}},"5":{"name":"(anonymous_16)","decl":{"start":{"line":74,"column":34},"end":{"line":74,"column":null}},"loc":{"start":{"line":74,"column":34},"end":{"line":89,"column":7}}},"6":{"name":"deleteProductService","decl":{"start":{"line":96,"column":22},"end":{"line":96,"column":42}},"loc":{"start":{"line":96,"column":53},"end":{"line":104,"column":null}}},"7":{"name":"getProductListService","decl":{"start":{"line":106,"column":22},"end":{"line":106,"column":43}},"loc":{"start":{"line":108,"column":17},"end":{"line":123,"column":null}}},"8":{"name":"(anonymous_21)","decl":{"start":{"line":120,"column":35},"end":{"line":120,"column":36}},"loc":{"start":{"line":120,"column":48},"end":{"line":120,"column":83}}},"9":{"name":"createCommentService","decl":{"start":{"line":125,"column":22},"end":{"line":125,"column":42}},"loc":{"start":{"line":125,"column":42},"end":{"line":144,"column":null}}},"10":{"name":"(anonymous_23)","decl":{"start":{"line":125,"column":43},"end":{"line":125,"column":null}},"loc":{"start":{"line":130,"column":26},"end":{"line":144,"column":1}}},"11":{"name":"getProductCommentService","decl":{"start":{"line":146,"column":22},"end":{"line":146,"column":46}},"loc":{"start":{"line":146,"column":46},"end":{"line":166,"column":null}}},"12":{"name":"(anonymous_25)","decl":{"start":{"line":146,"column":47},"end":{"line":146,"column":null}},"loc":{"start":{"line":154,"column":1},"end":{"line":166,"column":1}}}},"branchMap":{"0":{"loc":{"start":{"line":46,"column":2},"end":{"line":48,"column":3}},"type":"if","locations":[{"start":{"line":46,"column":2},"end":{"line":48,"column":3}}]},"1":{"loc":{"start":{"line":50,"column":22},"end":{"line":52,"column":15}},"type":"cond-expr","locations":[{"start":{"line":51,"column":6},"end":{"line":51,"column":70}},{"start":{"line":52,"column":6},"end":{"line":52,"column":15}}]},"2":{"loc":{"start":{"line":65,"column":2},"end":{"line":65,"column":62}},"type":"if","locations":[{"start":{"line":65,"column":2},"end":{"line":65,"column":62}}]},"3":{"loc":{"start":{"line":71,"column":2},"end":{"line":91,"column":3}},"type":"if","locations":[{"start":{"line":71,"column":2},"end":{"line":91,"column":3}}]},"4":{"loc":{"start":{"line":99,"column":2},"end":{"line":101,"column":3}},"type":"if","locations":[{"start":{"line":99,"column":2},"end":{"line":101,"column":3}}]},"5":{"loc":{"start":{"line":112,"column":44},"end":{"line":116,"column":8}},"type":"cond-expr","locations":[{"start":{"line":113,"column":6},"end":{"line":115,"column":null}},{"start":{"line":116,"column":6},"end":{"line":116,"column":8}}]},"6":{"loc":{"start":{"line":132,"column":2},"end":{"line":134,"column":3}},"type":"if","locations":[{"start":{"line":132,"column":2},"end":{"line":134,"column":3}}]},"7":{"loc":{"start":{"line":156,"column":2},"end":{"line":158,"column":3}},"type":"if","locations":[{"start":{"line":156,"column":2},"end":{"line":158,"column":3}}]},"8":{"loc":{"start":{"line":163,"column":21},"end":{"line":163,"column":60}},"type":"cond-expr","locations":[{"start":{"line":163,"column":37},"end":{"line":163,"column":53}},{"start":{"line":163,"column":56},"end":{"line":163,"column":60}}]}},"s":{"0":4,"1":4,"2":4,"3":4,"4":4,"5":4,"6":4,"7":4,"8":4,"9":4,"10":4,"11":4,"12":4,"13":4,"14":2,"15":2,"16":4,"17":4,"18":2,"19":2,"20":1,"21":2,"22":3,"23":3,"24":3,"25":0,"26":3,"27":3,"28":3,"29":2,"30":2,"31":1,"32":1,"33":1,"34":1,"35":3,"36":2,"37":2,"38":0,"39":2,"40":8,"41":8,"42":8,"43":8,"44":16,"45":8,"46":3,"47":3,"48":3,"49":1,"50":2,"51":2,"52":6,"53":6,"54":6,"55":1,"56":5,"57":5,"58":5,"59":5,"60":5},"f":{"0":2,"1":4,"2":1,"3":3,"4":1,"5":1,"6":2,"7":8,"8":16,"9":3,"10":3,"11":6,"12":6},"b":{"0":[2],"1":[1,1],"2":[0],"3":[2],"4":[0],"5":[2,6],"6":[1],"7":[1],"8":[4,1]}}
,"/Users/minsooshin/Desktop/codeit/sprint_mission/mission_9/1-sprint-mission/src/services/userService.ts": {"path":"/Users/minsooshin/Desktop/codeit/sprint_mission/mission_9/1-sprint-mission/src/services/userService.ts","statementMap":{"0":{"start":{"line":19,"column":0},"end":{"line":19,"column":22}},"1":{"start":{"line":31,"column":0},"end":{"line":31,"column":22}},"2":{"start":{"line":44,"column":0},"end":{"line":44,"column":22}},"3":{"start":{"line":67,"column":0},"end":{"line":67,"column":22}},"4":{"start":{"line":85,"column":0},"end":{"line":85,"column":22}},"5":{"start":{"line":101,"column":0},"end":{"line":101,"column":22}},"6":{"start":{"line":1,"column":0},"end":{"line":1,"column":null}},"7":{"start":{"line":9,"column":0},"end":{"line":9,"column":64}},"8":{"start":{"line":11,"column":0},"end":{"line":11,"column":28}},"9":{"start":{"line":14,"column":0},"end":{"line":14,"column":56}},"10":{"start":{"line":17,"column":0},"end":{"line":17,"column":81}},"11":{"start":{"line":20,"column":15},"end":{"line":20,"column":40}},"12":{"start":{"line":22,"column":2},"end":{"line":24,"column":3}},"13":{"start":{"line":23,"column":4},"end":{"line":23,"column":48}},"14":{"start":{"line":26,"column":50},"end":{"line":26,"column":54}},"15":{"start":{"line":26,"column":45},"end":{"line":26,"column":50}},"16":{"start":{"line":28,"column":2},"end":{"line":28,"column":29}},"17":{"start":{"line":32,"column":15},"end":{"line":32,"column":40}},"18":{"start":{"line":34,"column":2},"end":{"line":36,"column":3}},"19":{"start":{"line":35,"column":4},"end":{"line":35,"column":48}},"20":{"start":{"line":38,"column":22},"end":{"line":38,"column":50}},"21":{"start":{"line":39,"column":50},"end":{"line":39,"column":61}},"22":{"start":{"line":39,"column":45},"end":{"line":39,"column":50}},"23":{"start":{"line":41,"column":2},"end":{"line":41,"column":29}},"24":{"start":{"line":49,"column":15},"end":{"line":49,"column":40}},"25":{"start":{"line":51,"column":2},"end":{"line":53,"column":3}},"26":{"start":{"line":52,"column":4},"end":{"line":52,"column":48}},"27":{"start":{"line":55,"column":26},"end":{"line":55,"column":71}},"28":{"start":{"line":57,"column":2},"end":{"line":59,"column":3}},"29":{"start":{"line":58,"column":4},"end":{"line":58,"column":55}},"30":{"start":{"line":61,"column":15},"end":{"line":61,"column":39}},"31":{"start":{"line":62,"column":25},"end":{"line":62,"column":61}},"32":{"start":{"line":64,"column":2},"end":{"line":64,"column":55}},"33":{"start":{"line":71,"column":58},"end":{"line":71,"column":64}},"34":{"start":{"line":72,"column":16},"end":{"line":76,"column":8}},"35":{"start":{"line":78,"column":19},"end":{"line":78,"column":81}},"36":{"start":{"line":80,"column":22},"end":{"line":80,"column":84}},"37":{"start":{"line":80,"column":48},"end":{"line":80,"column":83}},"38":{"start":{"line":82,"column":2},"end":{"line":82,"column":25}},"39":{"start":{"line":89,"column":15},"end":{"line":89,"column":40}},"40":{"start":{"line":91,"column":2},"end":{"line":93,"column":3}},"41":{"start":{"line":92,"column":4},"end":{"line":92,"column":48}},"42":{"start":{"line":94,"column":19},"end":{"line":94,"column":59}},"43":{"start":{"line":96,"column":22},"end":{"line":96,"column":84}},"44":{"start":{"line":96,"column":48},"end":{"line":96,"column":83}},"45":{"start":{"line":98,"column":2},"end":{"line":98,"column":25}},"46":{"start":{"line":105,"column":49},"end":{"line":105,"column":55}},"47":{"start":{"line":107,"column":23},"end":{"line":107,"column":83}},"48":{"start":{"line":109,"column":27},"end":{"line":115,"column":5}},"49":{"start":{"line":109,"column":62},"end":{"line":115,"column":5}},"50":{"start":{"line":117,"column":22},"end":{"line":117,"column":59}},"51":{"start":{"line":118,"column":2},"end":{"line":118,"column":43}}},"fnMap":{"0":{"name":"getMeService","decl":{"start":{"line":19,"column":22},"end":{"line":19,"column":34}},"loc":{"start":{"line":19,"column":49},"end":{"line":29,"column":null}}},"1":{"name":"updateMeService","decl":{"start":{"line":31,"column":22},"end":{"line":31,"column":37}},"loc":{"start":{"line":31,"column":73},"end":{"line":42,"column":null}}},"2":{"name":"updateMyPasswordService","decl":{"start":{"line":44,"column":22},"end":{"line":44,"column":45}},"loc":{"start":{"line":47,"column":21},"end":{"line":65,"column":null}}},"3":{"name":"getMyProductListService","decl":{"start":{"line":67,"column":22},"end":{"line":67,"column":45}},"loc":{"start":{"line":69,"column":19},"end":{"line":83,"column":null}}},"4":{"name":"(anonymous_17)","decl":{"start":{"line":80,"column":35},"end":{"line":80,"column":36}},"loc":{"start":{"line":80,"column":48},"end":{"line":80,"column":83}}},"5":{"name":"getMyFavoriteListService","decl":{"start":{"line":85,"column":22},"end":{"line":85,"column":46}},"loc":{"start":{"line":87,"column":19},"end":{"line":99,"column":null}}},"6":{"name":"(anonymous_20)","decl":{"start":{"line":96,"column":35},"end":{"line":96,"column":36}},"loc":{"start":{"line":96,"column":48},"end":{"line":96,"column":83}}},"7":{"name":"getMyNotificationListService","decl":{"start":{"line":101,"column":22},"end":{"line":101,"column":50}},"loc":{"start":{"line":103,"column":36},"end":{"line":119,"column":null}}},"8":{"name":"(anonymous_23)","decl":{"start":{"line":109,"column":44},"end":{"line":109,"column":45}},"loc":{"start":{"line":109,"column":61},"end":{"line":115,"column":5}}}},"branchMap":{"0":{"loc":{"start":{"line":22,"column":2},"end":{"line":24,"column":3}},"type":"if","locations":[{"start":{"line":22,"column":2},"end":{"line":24,"column":3}}]},"1":{"loc":{"start":{"line":34,"column":2},"end":{"line":36,"column":3}},"type":"if","locations":[{"start":{"line":34,"column":2},"end":{"line":36,"column":3}}]},"2":{"loc":{"start":{"line":51,"column":2},"end":{"line":53,"column":3}},"type":"if","locations":[{"start":{"line":51,"column":2},"end":{"line":53,"column":3}}]},"3":{"loc":{"start":{"line":57,"column":2},"end":{"line":59,"column":3}},"type":"if","locations":[{"start":{"line":57,"column":2},"end":{"line":59,"column":3}}]},"4":{"loc":{"start":{"line":71,"column":26},"end":{"line":71,"column":44}},"type":"default-arg","locations":[{"start":{"line":71,"column":36},"end":{"line":71,"column":44}}]},"5":{"loc":{"start":{"line":72,"column":16},"end":{"line":76,"column":8}},"type":"cond-expr","locations":[{"start":{"line":73,"column":6},"end":{"line":75,"column":null}},{"start":{"line":76,"column":6},"end":{"line":76,"column":8}}]},"6":{"loc":{"start":{"line":91,"column":2},"end":{"line":93,"column":3}},"type":"if","locations":[{"start":{"line":91,"column":2},"end":{"line":93,"column":3}}]},"7":{"loc":{"start":{"line":105,"column":26},"end":{"line":105,"column":44}},"type":"default-arg","locations":[{"start":{"line":105,"column":36},"end":{"line":105,"column":44}}]},"8":{"loc":{"start":{"line":113,"column":14},"end":{"line":113,"column":40}},"type":"cond-expr","locations":[{"start":{"line":113,"column":34},"end":{"line":113,"column":38}},{"start":{"line":113,"column":38},"end":{"line":113,"column":40}}]},"9":{"loc":{"start":{"line":113,"column":14},"end":{"line":113,"column":38}},"type":"binary-expr","locations":[{"start":{"line":113,"column":14},"end":{"line":113,"column":38}},{"start":{"line":113,"column":34},"end":{"line":113,"column":38}}]}},"s":{"0":3,"1":3,"2":3,"3":3,"4":3,"5":3,"6":3,"7":3,"8":3,"9":3,"10":3,"11":0,"12":0,"13":0,"14":0,"15":0,"16":0,"17":0,"18":0,"19":0,"20":0,"21":0,"22":0,"23":0,"24":0,"25":0,"26":0,"27":0,"28":0,"29":0,"30":0,"31":0,"32":0,"33":0,"34":0,"35":0,"36":0,"37":0,"38":0,"39":0,"40":0,"41":0,"42":0,"43":0,"44":0,"45":0,"46":0,"47":0,"48":0,"49":0,"50":0,"51":0},"f":{"0":0,"1":0,"2":0,"3":0,"4":0,"5":0,"6":0,"7":0,"8":0},"b":{"0":[0],"1":[0],"2":[0],"3":[0],"4":[0],"5":[0,0],"6":[0],"7":[0],"8":[0,0],"9":[0,0]}}
,"/Users/minsooshin/Desktop/codeit/sprint_mission/mission_9/1-sprint-mission/src/structs/articlesStructs.ts": {"path":"/Users/minsooshin/Desktop/codeit/sprint_mission/mission_9/1-sprint-mission/src/structs/articlesStructs.ts","statementMap":{"0":{"start":{"line":1,"column":0},"end":{"line":1,"column":82}},"1":{"start":{"line":2,"column":0},"end":{"line":2,"column":51}},"2":{"start":{"line":4,"column":13},"end":{"line":4,"column":59}},"3":{"start":{"line":6,"column":13},"end":{"line":10,"column":3}},"4":{"start":{"line":7,"column":57},"end":{"line":7,"column":69}},"5":{"start":{"line":12,"column":13},"end":{"line":12,"column":72}}},"fnMap":{"0":{"name":"(anonymous_0)","decl":{"start":{"line":7,"column":46},"end":{"line":7,"column":47}},"loc":{"start":{"line":7,"column":57},"end":{"line":7,"column":69}}}},"branchMap":{},"s":{"0":3,"1":3,"2":3,"3":3,"4":6,"5":3},"f":{"0":6},"b":{}}
,"/Users/minsooshin/Desktop/codeit/sprint_mission/mission_9/1-sprint-mission/src/structs/authStructs.ts": {"path":"/Users/minsooshin/Desktop/codeit/sprint_mission/mission_9/1-sprint-mission/src/structs/authStructs.ts","statementMap":{"0":{"start":{"line":1,"column":0},"end":{"line":1,"column":55}},"1":{"start":{"line":3,"column":13},"end":{"line":7,"column":3}},"2":{"start":{"line":9,"column":13},"end":{"line":12,"column":3}}},"fnMap":{},"branchMap":{},"s":{"0":3,"1":3,"2":3},"f":{},"b":{}}
,"/Users/minsooshin/Desktop/codeit/sprint_mission/mission_9/1-sprint-mission/src/structs/commentsStruct.ts": {"path":"/Users/minsooshin/Desktop/codeit/sprint_mission/mission_9/1-sprint-mission/src/structs/commentsStruct.ts","statementMap":{"0":{"start":{"line":1,"column":0},"end":{"line":1,"column":64}},"1":{"start":{"line":2,"column":0},"end":{"line":2,"column":53}},"2":{"start":{"line":4,"column":13},"end":{"line":6,"column":3}},"3":{"start":{"line":8,"column":13},"end":{"line":8,"column":61}},"4":{"start":{"line":10,"column":13},"end":{"line":12,"column":3}}},"fnMap":{},"branchMap":{},"s":{"0":3,"1":3,"2":3,"3":3,"4":3},"f":{},"b":{}}
,"/Users/minsooshin/Desktop/codeit/sprint_mission/mission_9/1-sprint-mission/src/structs/commonStructs.ts": {"path":"/Users/minsooshin/Desktop/codeit/sprint_mission/mission_9/1-sprint-mission/src/structs/commonStructs.ts","statementMap":{"0":{"start":{"line":1,"column":0},"end":{"line":1,"column":100}},"1":{"start":{"line":4,"column":22},"end":{"line":4,"column":77}},"2":{"start":{"line":4,"column":61},"end":{"line":4,"column":76}},"3":{"start":{"line":6,"column":13},"end":{"line":8,"column":3}},"4":{"start":{"line":10,"column":13},"end":{"line":15,"column":3}},"5":{"start":{"line":17,"column":13},"end":{"line":22,"column":3}}},"fnMap":{"0":{"name":"(anonymous_0)","decl":{"start":{"line":4,"column":50},"end":{"line":4,"column":51}},"loc":{"start":{"line":4,"column":61},"end":{"line":4,"column":76}}}},"branchMap":{},"s":{"0":3,"1":3,"2":58,"3":3,"4":3,"5":3},"f":{"0":58},"b":{}}
,"/Users/minsooshin/Desktop/codeit/sprint_mission/mission_9/1-sprint-mission/src/structs/productsStruct.ts": {"path":"/Users/minsooshin/Desktop/codeit/sprint_mission/mission_9/1-sprint-mission/src/structs/productsStruct.ts","statementMap":{"0":{"start":{"line":1,"column":0},"end":{"line":1,"column":93}},"1":{"start":{"line":2,"column":0},"end":{"line":2,"column":51}},"2":{"start":{"line":4,"column":13},"end":{"line":10,"column":3}},"3":{"start":{"line":5,"column":56},"end":{"line":5,"column":68}},"4":{"start":{"line":12,"column":13},"end":{"line":12,"column":59}},"5":{"start":{"line":14,"column":13},"end":{"line":20,"column":3}},"6":{"start":{"line":15,"column":56},"end":{"line":15,"column":68}}},"fnMap":{"0":{"name":"(anonymous_0)","decl":{"start":{"line":5,"column":45},"end":{"line":5,"column":46}},"loc":{"start":{"line":5,"column":56},"end":{"line":5,"column":68}}},"1":{"name":"(anonymous_1)","decl":{"start":{"line":15,"column":45},"end":{"line":15,"column":46}},"loc":{"start":{"line":15,"column":56},"end":{"line":15,"column":68}}}},"branchMap":{},"s":{"0":3,"1":3,"2":3,"3":5,"4":3,"5":3,"6":3},"f":{"0":5,"1":3},"b":{}}
,"/Users/minsooshin/Desktop/codeit/sprint_mission/mission_9/1-sprint-mission/src/structs/usersStructs.ts": {"path":"/Users/minsooshin/Desktop/codeit/sprint_mission/mission_9/1-sprint-mission/src/structs/usersStructs.ts","statementMap":{"0":{"start":{"line":1,"column":0},"end":{"line":1,"column":64}},"1":{"start":{"line":2,"column":0},"end":{"line":2,"column":51}},"2":{"start":{"line":4,"column":13},"end":{"line":10,"column":2}},"3":{"start":{"line":12,"column":13},"end":{"line":15,"column":3}},"4":{"start":{"line":17,"column":13},"end":{"line":17,"column":61}},"5":{"start":{"line":19,"column":13},"end":{"line":19,"column":62}},"6":{"start":{"line":21,"column":13},"end":{"line":21,"column":62}}},"fnMap":{},"branchMap":{},"s":{"0":3,"1":3,"2":3,"3":3,"4":3,"5":3,"6":3},"f":{},"b":{}}
}
