TN:
SF:src/DTO/favoriteDTO.ts
FN:8,(anonymous_1)
FN:14,(anonymous_2)
FNF:2
FNH:1
FNDA:1,(anonymous_1)
FNDA:0,(anonymous_2)
DA:8,1
DA:9,1
DA:11,1
DA:14,0
LF:4
LH:3
BRDA:14,0,0,0
BRDA:14,0,1,1
BRF:2
BRH:1
end_of_record
TN:
SF:src/lib/constants.ts
FNF:0
FNH:0
DA:1,1
DA:2,1
DA:4,1
DA:5,1
DA:6,1
DA:7,1
DA:8,1
DA:9,1
DA:10,1
DA:11,1
DA:12,1
LF:11
LH:11
BRDA:4,0,0,1
BRDA:4,0,1,0
BRDA:5,1,0,1
BRDA:5,1,1,0
BRF:4
BRH:2
end_of_record
TN:
SF:src/lib/prismaClient.ts
FNF:0
FNH:0
DA:1,4
DA:3,4
LF:2
LH:2
BRF:0
BRH:0
end_of_record
TN:
SF:src/lib/errors/NotFoundError.ts
FN:2,(anonymous_0)
FNF:1
FNH:1
FNDA:1,(anonymous_0)
DA:3,1
DA:4,1
DA:8,2
LF:3
LH:3
BRF:0
BRH:0
end_of_record
TN:
SF:src/repositories/commentRepository.ts
FN:5,createProductComment
FN:5,(anonymous_8)
FN:19,getProductComment
FN:20,(anonymous_10)
FN:31,createArticleComment
FN:31,(anonymous_12)
FN:45,getArticleComment
FN:46,(anonymous_14)
FN:57,updateComment
FN:64,getByCommentId
FN:70,deleteComment
FNF:11
FNH:0
FNDA:0,createProductComment
FNDA:0,(anonymous_8)
FNDA:0,getProductComment
FNDA:0,(anonymous_10)
FNDA:0,createArticleComment
FNDA:0,(anonymous_12)
FNDA:0,getArticleComment
FNDA:0,(anonymous_14)
FNDA:0,updateComment
FNDA:0,getByCommentId
FNDA:0,deleteComment
DA:2,1
DA:5,1
DA:10,0
DA:19,1
DA:20,0
DA:24,0
DA:31,1
DA:36,0
DA:45,1
DA:46,0
DA:50,0
DA:57,1
DA:58,0
DA:64,1
DA:65,0
DA:70,1
DA:71,0
LF:17
LH:8
BRDA:22,0,0,0
BRDA:25,1,0,0
BRDA:25,1,1,0
BRDA:48,2,0,0
BRDA:51,3,0,0
BRDA:51,3,1,0
BRF:6
BRH:0
end_of_record
TN:
SF:src/repositories/favoriteRepository.ts
FN:3,getFavorite
FN:12,createFavorite
FN:21,deleteFavorite
FN:29,getFavoriteList
FNF:4
FNH:0
FNDA:0,getFavorite
FNDA:0,createFavorite
FNDA:0,deleteFavorite
FNDA:0,getFavoriteList
DA:1,1
DA:3,1
DA:4,0
DA:12,1
DA:13,0
DA:21,1
DA:22,0
DA:29,1
DA:30,0
LF:9
LH:5
BRF:0
BRH:0
end_of_record
TN:
SF:src/repositories/notificationRepository.ts
FN:5,createNotification
FN:13,unreadNotificationCount
FN:22,readMyNotification
FNF:3
FNH:0
FNDA:0,createNotification
FNDA:0,unreadNotificationCount
FNDA:0,readMyNotification
DA:3,1
DA:5,1
DA:8,0
DA:13,1
DA:14,0
DA:22,1
DA:23,0
LF:7
LH:4
BRF:0
BRH:0
end_of_record
TN:
SF:src/repositories/productRepository.ts
FN:5,createProduct
FN:14,getById
FN:23,updateProduct
FN:30,deleteProduct
FN:36,(anonymous_15)
FNF:5
FNH:0
FNDA:0,createProduct
FNDA:0,getById
FNDA:0,updateProduct
FNDA:0,deleteProduct
FNDA:0,(anonymous_15)
DA:2,1
DA:5,1
DA:6,0
DA:14,1
DA:15,0
DA:23,1
DA:24,0
DA:30,1
DA:31,0
DA:36,1
DA:37,0
LF:11
LH:6
BRDA:40,0,0,0
BRDA:40,0,1,0
BRF:2
BRH:0
end_of_record
TN:
SF:src/repositories/userRepository.ts
FN:5,getByUserId
FN:11,updateMe
FN:18,getMyProductList
FN:39,getFavoriteProduct
FN:62,getMyNotificationList
FNF:5
FNH:0
FNDA:0,getByUserId
FNDA:0,updateMe
FNDA:0,getMyProductList
FNDA:0,getFavoriteProduct
FNDA:0,getMyNotificationList
DA:2,1
DA:5,1
DA:6,0
DA:11,1
DA:12,0
DA:18,1
DA:25,0
DA:39,1
DA:40,0
DA:42,0
DA:51,0
DA:62,1
DA:68,0
LF:13
LH:6
BRDA:28,0,0,0
BRDA:28,0,1,0
BRDA:43,1,0,0
BRDA:43,1,1,0
BRDA:54,2,0,0
BRDA:54,2,1,0
BRDA:71,3,0,0
BRDA:71,3,1,0
BRF:8
BRH:0
end_of_record
TN:
SF:src/services/SocketService.ts
FN:12,setupWebSocket
FN:23,(anonymous_2)
FN:38,(anonymous_3)
FN:48,(anonymous_4)
FN:54,sendNotification
FNF:5
FNH:0
FNDA:0,setupWebSocket
FNDA:0,(anonymous_2)
FNDA:0,(anonymous_3)
FNDA:0,(anonymous_4)
FNDA:0,sendNotification
DA:1,1
DA:2,1
DA:4,1
DA:10,1
DA:12,1
DA:13,0
DA:21,0
DA:23,0
DA:24,0
DA:25,0
DA:26,0
DA:29,0
DA:30,0
DA:31,0
DA:32,0
DA:34,0
DA:38,0
DA:39,0
DA:40,0
DA:41,0
DA:42,0
DA:45,0
DA:46,0
DA:48,0
DA:49,0
DA:54,1
DA:55,0
DA:56,0
DA:59,0
DA:60,0
LF:30
LH:6
BRDA:25,0,0,0
BRDA:40,1,0,0
BRDA:55,2,0,0
BRF:3
BRH:0
end_of_record
TN:
SF:src/services/notificationService.ts
FN:6,(anonymous_17)
FN:22,readMyNotificationService
FNF:2
FNH:0
FNDA:0,(anonymous_17)
FNDA:0,readMyNotificationService
DA:2,1
DA:3,1
DA:4,1
DA:6,1
DA:9,0
DA:10,0
DA:11,0
DA:14,0
DA:19,0
DA:22,1
DA:23,0
DA:25,0
DA:35,0
LF:13
LH:5
BRDA:10,0,0,0
BRDA:29,1,0,0
BRDA:29,1,1,0
BRDA:29,2,0,0
BRDA:29,2,1,0
BRF:5
BRH:0
end_of_record
TN:
SF:src/services/productService.ts
FN:24,createProductService
FN:40,getProductService
FN:51,(anonymous_12)
FN:61,updateProductService
FN:74,(anonymous_15)
FN:74,(anonymous_16)
FN:96,deleteProductService
FN:106,getProductListService
FN:120,(anonymous_21)
FN:125,createCommentService
FN:125,(anonymous_23)
FN:146,getProductCommentService
FN:146,(anonymous_25)
FNF:13
FNH:13
FNDA:1,createProductService
FNDA:2,getProductService
FNDA:1,(anonymous_12)
FNDA:1,updateProductService
FNDA:1,(anonymous_15)
FNDA:1,(anonymous_16)
FNDA:1,deleteProductService
FNDA:1,getProductListService
FNDA:1,(anonymous_21)
FNDA:1,createCommentService
FNDA:1,(anonymous_23)
FNDA:1,getProductCommentService
FNDA:1,(anonymous_25)
DA:3,1
DA:10,1
DA:11,1
DA:12,1
DA:13,1
DA:21,1
DA:22,1
DA:24,1
DA:28,1
DA:37,1
DA:40,1
DA:44,2
DA:46,2
DA:47,1
DA:50,1
DA:51,1
DA:54,1
DA:61,1
DA:62,1
DA:63,1
DA:65,1
DA:67,1
DA:69,1
DA:71,1
DA:72,1
DA:73,1
DA:74,1
DA:75,1
DA:82,1
DA:88,1
DA:93,1
DA:96,1
DA:97,1
DA:99,1
DA:100,0
DA:103,1
DA:106,1
DA:110,1
DA:112,1
DA:118,1
DA:120,1
DA:122,1
DA:125,1
DA:131,1
DA:132,1
DA:133,0
DA:136,1
DA:138,1
DA:146,1
DA:155,1
DA:156,1
DA:157,0
DA:160,1
DA:161,1
DA:162,1
DA:163,1
DA:165,1
LF:57
LH:54
BRDA:46,0,0,1
BRDA:50,1,0,1
BRDA:50,1,1,0
BRDA:65,2,0,0
BRDA:71,3,0,1
BRDA:99,4,0,0
BRDA:112,5,0,0
BRDA:112,5,1,1
BRDA:132,6,0,0
BRDA:156,7,0,0
BRDA:163,8,0,1
BRDA:163,8,1,0
BRF:12
BRH:5
end_of_record
