TN:
SF:src/app.ts
FNF:0
FNH:0
DA:1,3
DA:2,3
DA:3,3
DA:4,3
DA:5,3
DA:6,3
DA:7,3
DA:8,3
DA:9,3
DA:10,3
DA:11,3
DA:12,3
DA:13,3
DA:14,3
DA:15,3
DA:17,3
DA:19,3
DA:20,3
DA:22,3
DA:23,3
DA:24,3
DA:25,3
DA:27,3
DA:28,3
DA:29,3
DA:30,3
DA:31,3
DA:32,3
DA:33,3
DA:35,3
DA:36,3
LF:31
LH:31
BRF:0
BRH:0
end_of_record
TN:
SF:src/DTO/favoriteDTO.ts
FN:8,(anonymous_1)
FN:14,(anonymous_2)
FNF:2
FNH:1
FNDA:16,(anonymous_1)
FNDA:0,(anonymous_2)
DA:8,4
DA:9,16
DA:11,16
DA:14,0
LF:4
LH:3
BRDA:14,0,0,0
BRDA:14,0,1,16
BRF:2
BRH:1
end_of_record
TN:
SF:src/DTO/likeDTO.ts
FN:8,(anonymous_0)
FN:12,(anonymous_1)
FNF:2
FNH:1
FNDA:15,(anonymous_0)
FNDA:0,(anonymous_1)
DA:8,3
DA:9,15
DA:12,0
LF:3
LH:2
BRDA:12,0,0,0
BRDA:12,0,1,15
BRF:2
BRH:1
end_of_record
TN:
SF:src/DTO/userDTO.ts
FN:3,(anonymous_0)
FNF:1
FNH:1
FNDA:1,(anonymous_0)
DA:3,3
DA:4,1
LF:2
LH:2
BRF:0
BRH:0
end_of_record
TN:
SF:src/controllers/articlesController.ts
FN:25,(anonymous_8)
FN:25,(anonymous_9)
FN:36,(anonymous_10)
FN:36,(anonymous_11)
FN:44,(anonymous_12)
FN:44,(anonymous_13)
FN:66,(anonymous_14)
FN:66,(anonymous_15)
FN:87,(anonymous_16)
FN:87,(anonymous_17)
FN:95,(anonymous_18)
FN:95,(anonymous_19)
FN:108,(anonymous_20)
FN:108,(anonymous_21)
FN:121,(anonymous_22)
FN:121,(anonymous_23)
FN:129,(anonymous_24)
FN:129,(anonymous_25)
FNF:18
FNH:14
FNDA:4,(anonymous_8)
FNDA:4,(anonymous_9)
FNDA:2,(anonymous_10)
FNDA:2,(anonymous_11)
FNDA:3,(anonymous_12)
FNDA:3,(anonymous_13)
FNDA:2,(anonymous_14)
FNDA:2,(anonymous_15)
FNDA:7,(anonymous_16)
FNDA:7,(anonymous_17)
FNDA:3,(anonymous_18)
FNDA:3,(anonymous_19)
FNDA:5,(anonymous_20)
FNDA:5,(anonymous_21)
FNDA:0,(anonymous_22)
FNDA:0,(anonymous_23)
FNDA:0,(anonymous_24)
FNDA:0,(anonymous_25)
DA:1,3
DA:2,3
DA:8,3
DA:17,3
DA:18,3
DA:19,3
DA:20,3
DA:21,3
DA:22,3
DA:23,3
DA:25,4
DA:26,4
DA:27,0
DA:29,4
DA:31,2
DA:33,2
DA:36,3
DA:37,2
DA:39,2
DA:41,1
DA:44,3
DA:45,3
DA:46,0
DA:49,3
DA:50,3
DA:51,3
DA:53,3
DA:54,1
DA:57,2
DA:58,0
DA:61,2
DA:63,2
DA:66,3
DA:67,2
DA:68,0
DA:70,2
DA:71,2
DA:73,2
DA:74,1
DA:77,1
DA:78,0
DA:81,1
DA:83,1
DA:84,1
DA:87,7
DA:88,7
DA:90,7
DA:92,7
DA:95,3
DA:96,3
DA:97,0
DA:100,3
DA:101,3
DA:103,2
DA:105,1
DA:108,5
DA:109,5
DA:110,5
DA:112,5
DA:118,4
DA:121,3
DA:122,0
DA:123,0
DA:125,0
DA:126,0
DA:129,3
DA:130,0
DA:131,0
DA:133,0
DA:135,0
LF:70
LH:56
BRDA:26,0,0,0
BRDA:45,1,0,0
BRDA:53,2,0,1
BRDA:57,3,0,0
BRDA:67,4,0,0
BRDA:73,5,0,1
BRDA:77,6,0,0
BRDA:96,7,0,0
BRF:8
BRH:2
end_of_record
TN:
SF:src/controllers/authController.ts
FN:7,(anonymous_7)
FN:7,(anonymous_8)
FN:15,(anonymous_9)
FN:15,(anonymous_10)
FN:23,clearTokenCookies
FN:28,(anonymous_12)
FN:28,(anonymous_13)
FN:33,(anonymous_14)
FN:33,(anonymous_15)
FNF:9
FNH:6
FNDA:2,(anonymous_7)
FNDA:2,(anonymous_8)
FNDA:80,(anonymous_9)
FNDA:80,(anonymous_10)
FNDA:0,clearTokenCookies
FNDA:0,(anonymous_12)
FNDA:0,(anonymous_13)
FNDA:3,(anonymous_14)
FNDA:3,(anonymous_15)
DA:1,3
DA:2,3
DA:3,3
DA:5,3
DA:7,3
DA:8,2
DA:10,2
DA:12,1
DA:15,80
DA:16,80
DA:18,80
DA:20,78
DA:23,3
DA:24,0
DA:25,0
DA:28,3
DA:29,0
DA:30,0
DA:33,3
DA:34,3
LF:20
LH:16
BRF:0
BRH:0
end_of_record
TN:
SF:src/controllers/commentsController.ts
FN:11,(anonymous_8)
FN:11,(anonymous_9)
FN:33,(anonymous_10)
FN:33,(anonymous_11)
FNF:4
FNH:4
FNDA:6,(anonymous_8)
FNDA:6,(anonymous_9)
FNDA:4,(anonymous_10)
FNDA:4,(anonymous_11)
DA:2,3
DA:3,3
DA:4,3
DA:5,3
DA:6,3
DA:7,3
DA:8,3
DA:9,3
DA:11,6
DA:12,6
DA:13,0
DA:16,6
DA:17,6
DA:18,4
DA:20,4
DA:21,2
DA:24,2
DA:25,0
DA:28,2
DA:30,2
DA:33,4
DA:34,4
DA:35,0
DA:38,4
DA:39,4
DA:41,4
DA:42,2
DA:45,2
DA:46,0
DA:49,2
DA:51,2
LF:31
LH:27
BRDA:12,0,0,0
BRDA:20,1,0,2
BRDA:24,2,0,0
BRDA:34,3,0,0
BRDA:41,4,0,2
BRDA:45,5,0,0
BRF:6
BRH:2
end_of_record
TN:
SF:src/controllers/errorController.ts
FN:14,(anonymous_1)
FN:19,(anonymous_2)
FNF:2
FNH:1
FNDA:0,(anonymous_1)
FNDA:30,(anonymous_2)
DA:1,3
DA:2,3
DA:3,3
DA:4,3
DA:5,3
DA:14,3
DA:15,0
DA:16,0
DA:19,3
DA:21,30
DA:22,16
DA:23,16
DA:27,14
DA:32,0
DA:33,0
DA:37,14
DA:38,0
DA:39,0
DA:40,0
DA:44,14
DA:45,14
DA:46,14
DA:49,0
DA:50,0
DA:51,0
DA:54,0
DA:55,0
DA:56,0
DA:59,0
DA:60,0
DA:61,0
LF:31
LH:15
BRDA:21,0,0,16
BRDA:21,1,0,30
BRDA:21,1,1,19
BRDA:27,2,0,0
BRDA:28,3,0,14
BRDA:28,3,1,0
BRDA:28,3,2,0
BRDA:37,4,0,0
BRDA:44,5,0,14
BRDA:49,6,0,0
BRDA:54,7,0,0
BRF:11
BRH:5
end_of_record
TN:
SF:src/controllers/imageController.ts
FN:13,(anonymous_8)
FN:16,(anonymous_9)
FN:27,(anonymous_10)
FN:37,uploadImage
FNF:4
FNH:0
FNDA:0,(anonymous_8)
FNDA:0,(anonymous_9)
FNDA:0,(anonymous_10)
FNDA:0,uploadImage
DA:1,3
DA:2,3
DA:3,3
DA:4,3
DA:5,3
DA:8,3
DA:9,3
DA:11,3
DA:14,0
DA:17,0
DA:18,0
DA:19,0
DA:28,0
DA:29,0
DA:30,0
DA:33,0
DA:37,3
DA:38,0
DA:40,0
DA:41,0
DA:44,0
DA:45,0
DA:48,0
DA:49,0
DA:50,0
LF:25
LH:9
BRDA:28,0,0,0
BRDA:40,1,0,0
BRDA:44,2,0,0
BRF:3
BRH:0
end_of_record
TN:
SF:src/controllers/notificationControler.ts
FN:6,(anonymous_16)
FN:11,readMyNotification
FNF:2
FNH:0
FNDA:0,(anonymous_16)
FNDA:0,readMyNotification
DA:2,3
DA:3,3
DA:4,3
DA:6,3
DA:7,0
DA:8,0
DA:11,3
DA:12,0
DA:14,0
DA:15,0
LF:10
LH:5
BRF:0
BRH:0
end_of_record
TN:
SF:src/controllers/productController.ts
FN:25,(anonymous_8)
FN:25,(anonymous_9)
FN:36,(anonymous_10)
FN:36,(anonymous_11)
FN:44,(anonymous_12)
FN:44,(anonymous_13)
FN:77,(anonymous_14)
FN:77,(anonymous_15)
FN:99,(anonymous_16)
FN:99,(anonymous_17)
FN:107,(anonymous_18)
FN:107,(anonymous_19)
FN:120,(anonymous_20)
FN:120,(anonymous_21)
FN:133,(anonymous_22)
FN:133,(anonymous_23)
FN:142,(anonymous_24)
FN:142,(anonymous_25)
FNF:18
FNH:14
FNDA:6,(anonymous_8)
FNDA:6,(anonymous_9)
FNDA:2,(anonymous_10)
FNDA:2,(anonymous_11)
FNDA:3,(anonymous_12)
FNDA:3,(anonymous_13)
FNDA:2,(anonymous_14)
FNDA:2,(anonymous_15)
FNDA:7,(anonymous_16)
FNDA:7,(anonymous_17)
FNDA:3,(anonymous_18)
FNDA:3,(anonymous_19)
FNDA:5,(anonymous_20)
FNDA:5,(anonymous_21)
FNDA:0,(anonymous_22)
FNDA:0,(anonymous_23)
FNDA:0,(anonymous_24)
FNDA:0,(anonymous_25)
DA:2,3
DA:3,3
DA:12,3
DA:17,3
DA:18,3
DA:19,3
DA:20,3
DA:21,3
DA:22,3
DA:23,3
DA:25,6
DA:26,6
DA:27,0
DA:29,6
DA:31,1
DA:33,1
DA:36,3
DA:37,2
DA:39,2
DA:41,1
DA:44,3
DA:45,3
DA:46,0
DA:49,3
DA:50,3
DA:52,3
DA:54,3
DA:55,1
DA:58,2
DA:59,0
DA:62,2
DA:74,2
DA:77,3
DA:78,2
DA:79,0
DA:82,2
DA:84,2
DA:86,2
DA:87,1
DA:90,1
DA:91,0
DA:94,1
DA:96,1
DA:99,7
DA:100,7
DA:102,7
DA:104,7
DA:107,3
DA:108,3
DA:109,0
DA:112,3
DA:113,3
DA:115,2
DA:117,1
DA:120,5
DA:121,5
DA:122,5
DA:124,5
DA:130,4
DA:133,3
DA:134,0
DA:135,0
DA:137,0
DA:139,0
DA:142,3
DA:143,0
DA:144,0
DA:146,0
DA:148,0
LF:69
LH:55
BRDA:26,0,0,0
BRDA:45,1,0,0
BRDA:54,2,0,1
BRDA:58,3,0,0
BRDA:78,4,0,0
BRDA:86,5,0,1
BRDA:90,6,0,0
BRDA:108,7,0,0
BRF:8
BRH:2
end_of_record
TN:
SF:src/controllers/userController.ts
FN:20,(anonymous_8)
FN:20,(anonymous_9)
FN:26,(anonymous_10)
FN:26,(anonymous_11)
FN:34,updateMyPassword
FN:41,getMyProductList
FN:51,getMyFavoriteList
FN:58,getMyNotificationList
FNF:8
FNH:0
FNDA:0,(anonymous_8)
FNDA:0,(anonymous_9)
FNDA:0,(anonymous_10)
FNDA:0,(anonymous_11)
FNDA:0,updateMyPassword
FNDA:0,getMyProductList
FNDA:0,getMyFavoriteList
FNDA:0,getMyNotificationList
DA:2,3
DA:10,3
DA:11,3
DA:18,3
DA:20,3
DA:21,0
DA:23,0
DA:26,3
DA:27,0
DA:29,0
DA:31,0
DA:34,3
DA:35,0
DA:37,0
DA:38,0
DA:41,3
DA:42,0
DA:43,0
DA:46,0
DA:47,0
DA:48,0
DA:51,3
DA:52,0
DA:53,0
DA:55,0
DA:58,3
DA:59,0
DA:60,0
DA:63,0
DA:64,0
DA:65,0
LF:31
LH:10
BRDA:42,0,0,0
BRDA:59,1,0,0
BRF:2
BRH:0
end_of_record
TN:
SF:src/lib/constants.ts
FNF:0
FNH:0
DA:1,4
DA:2,4
DA:4,4
DA:5,4
DA:6,4
DA:7,4
DA:8,4
DA:9,4
DA:10,4
DA:11,4
DA:12,4
LF:11
LH:11
BRDA:4,0,0,4
BRDA:4,0,1,0
BRDA:5,1,0,4
BRDA:5,1,1,0
BRF:4
BRH:2
end_of_record
TN:
SF:src/lib/prismaClient.ts
FNF:0
FNH:0
DA:1,7
DA:3,7
LF:2
LH:2
BRF:0
BRH:0
end_of_record
TN:
SF:src/lib/token.ts
FN:5,generateTokens
FN:17,verifyAccessToken
FN:22,verifyRefreshToken
FNF:3
FNH:3
FNDA:80,generateTokens
FNDA:36,verifyAccessToken
FNDA:2,verifyRefreshToken
DA:1,3
DA:2,3
DA:5,3
DA:6,80
DA:10,80
DA:14,80
DA:17,3
DA:18,36
DA:19,36
DA:22,3
DA:23,2
DA:24,1
LF:12
LH:12
BRF:0
BRH:0
end_of_record
TN:
SF:src/lib/withAsync.ts
FN:3,withAsync
FN:4,(anonymous_8)
FNF:2
FNH:2
FNDA:96,withAsync
FNDA:149,(anonymous_8)
DA:3,3
DA:4,96
DA:5,149
DA:6,149
DA:8,30
LF:5
LH:5
BRF:0
BRH:0
end_of_record
TN:
SF:src/lib/errors/BadRequestError.ts
FN:2,(anonymous_0)
FNF:1
FNH:1
FNDA:5,(anonymous_0)
DA:3,5
DA:4,5
DA:8,3
LF:3
LH:3
BRF:0
BRH:0
end_of_record
TN:
SF:src/lib/errors/ForbiddenError.ts
FN:2,(anonymous_0)
FNF:1
FNH:0
FNDA:0,(anonymous_0)
DA:3,0
DA:4,0
DA:8,3
LF:3
LH:1
BRF:0
BRH:0
end_of_record
TN:
SF:src/lib/errors/NotFoundError.ts
FN:2,(anonymous_0)
FNF:1
FNH:1
FNDA:16,(anonymous_0)
DA:3,16
DA:4,16
DA:8,5
LF:3
LH:3
BRF:0
BRH:0
end_of_record
TN:
SF:src/lib/errors/UnauthorizedError.ts
FN:2,(anonymous_0)
FNF:1
FNH:0
FNDA:0,(anonymous_0)
DA:3,0
DA:4,0
DA:8,3
LF:3
LH:1
BRF:0
BRH:0
end_of_record
TN:
SF:src/middlewares/authenticate.ts
FN:6,authenticate
FN:7,(anonymous_8)
FN:7,(anonymous_9)
FNF:3
FNH:3
FNDA:81,authenticate
FNDA:76,(anonymous_8)
FNDA:76,(anonymous_9)
DA:2,3
DA:3,3
DA:4,3
DA:6,3
DA:7,81
DA:8,76
DA:9,76
DA:10,28
DA:13,48
DA:14,12
DA:15,12
DA:18,36
DA:19,36
DA:20,36
DA:22,36
DA:23,0
DA:24,0
DA:27,36
DA:28,36
DA:30,0
DA:31,0
DA:33,0
DA:34,0
LF:23
LH:17
BRDA:6,0,0,63
BRDA:9,1,0,28
BRDA:9,2,0,76
BRDA:9,2,1,40
BRDA:13,3,0,12
BRDA:22,4,0,0
BRDA:30,5,0,0
BRF:7
BRH:5
end_of_record
TN:
SF:src/repositories/articlesRepository.ts
FN:5,createArticle
FN:14,getById
FN:23,updateArticle
FN:30,deleteArticle
FN:36,(anonymous_15)
FNF:5
FNH:5
FNDA:2,createArticle
FNDA:17,getById
FNDA:2,updateArticle
FNDA:1,deleteArticle
FNDA:7,(anonymous_15)
DA:2,3
DA:5,3
DA:6,2
DA:14,3
DA:15,17
DA:23,3
DA:24,2
DA:30,3
DA:31,1
DA:36,3
DA:37,7
LF:11
LH:11
BRDA:40,0,0,7
BRDA:40,0,1,0
BRF:2
BRH:1
end_of_record
TN:
SF:src/repositories/authRepository.ts
FN:5,findById
FN:13,findByEmail
FN:21,save
FN:31,update
FNF:4
FNH:3
FNDA:37,findById
FNDA:82,findByEmail
FNDA:1,save
FNDA:0,update
DA:2,3
DA:5,3
DA:6,37
DA:13,3
DA:14,82
DA:21,3
DA:22,1
DA:31,3
DA:32,0
LF:9
LH:8
BRF:0
BRH:0
end_of_record
TN:
SF:src/repositories/commentRepository.ts
FN:5,createProductComment
FN:5,(anonymous_8)
FN:19,getProductComment
FN:20,(anonymous_10)
FN:31,createArticleComment
FN:31,(anonymous_12)
FN:45,getArticleComment
FN:46,(anonymous_14)
FN:57,updateComment
FN:64,getByCommentId
FN:70,deleteComment
FNF:11
FNH:11
FNDA:1,createProductComment
FNDA:1,(anonymous_8)
FNDA:4,getProductComment
FNDA:4,(anonymous_10)
FNDA:1,createArticleComment
FNDA:1,(anonymous_12)
FNDA:4,getArticleComment
FNDA:4,(anonymous_14)
FNDA:2,updateComment
FNDA:12,getByCommentId
FNDA:2,deleteComment
DA:2,4
DA:5,4
DA:10,1
DA:19,4
DA:20,4
DA:24,4
DA:31,4
DA:36,1
DA:45,4
DA:46,4
DA:50,4
DA:57,4
DA:58,2
DA:64,4
DA:65,12
DA:70,4
DA:71,2
LF:17
LH:17
BRDA:22,0,0,0
BRDA:25,1,0,1
BRDA:25,1,1,3
BRDA:48,2,0,0
BRDA:51,3,0,1
BRDA:51,3,1,3
BRF:6
BRH:4
end_of_record
TN:
SF:src/repositories/favoriteRepository.ts
FN:3,getFavorite
FN:12,createFavorite
FN:21,deleteFavorite
FN:29,getFavoriteList
FNF:4
FNH:1
FNDA:0,getFavorite
FNDA:0,createFavorite
FNDA:0,deleteFavorite
FNDA:1,getFavoriteList
DA:1,4
DA:3,4
DA:4,0
DA:12,4
DA:13,0
DA:21,4
DA:22,0
DA:29,4
DA:30,1
LF:9
LH:6
BRF:0
BRH:0
end_of_record
TN:
SF:src/repositories/likeRepository.ts
FN:3,getLike
FN:12,createLike
FN:21,deleteLike
FNF:3
FNH:0
FNDA:0,getLike
FNDA:0,createLike
FNDA:0,deleteLike
DA:1,3
DA:3,3
DA:4,0
DA:12,3
DA:13,0
DA:21,3
DA:22,0
LF:7
LH:4
BRF:0
BRH:0
end_of_record
TN:
SF:src/repositories/notificationRepository.ts
FN:5,createNotification
FN:13,unreadNotificationCount
FN:22,readMyNotification
FNF:3
FNH:1
FNDA:1,createNotification
FNDA:0,unreadNotificationCount
FNDA:0,readMyNotification
DA:3,4
DA:5,4
DA:8,1
DA:13,4
DA:14,0
DA:22,4
DA:23,0
LF:7
LH:5
BRF:0
BRH:0
end_of_record
TN:
SF:src/repositories/productRepository.ts
FN:5,createProduct
FN:14,getById
FN:23,updateProduct
FN:30,deleteProduct
FN:36,(anonymous_15)
FNF:5
FNH:5
FNDA:1,createProduct
FNDA:17,getById
FNDA:2,updateProduct
FNDA:1,deleteProduct
FNDA:7,(anonymous_15)
DA:2,4
DA:5,4
DA:6,1
DA:14,4
DA:15,17
DA:23,4
DA:24,2
DA:30,4
DA:31,1
DA:36,4
DA:37,7
LF:11
LH:11
BRDA:40,0,0,7
BRDA:40,0,1,0
BRF:2
BRH:1
end_of_record
TN:
SF:src/repositories/userRepository.ts
FN:5,getByUserId
FN:11,updateMe
FN:18,getMyProductList
FN:39,getFavoriteProduct
FN:62,getMyNotificationList
FNF:5
FNH:1
FNDA:2,getByUserId
FNDA:0,updateMe
FNDA:0,getMyProductList
FNDA:0,getFavoriteProduct
FNDA:0,getMyNotificationList
DA:2,4
DA:5,4
DA:6,2
DA:11,4
DA:12,0
DA:18,4
DA:25,0
DA:39,4
DA:40,0
DA:42,0
DA:51,0
DA:62,4
DA:68,0
LF:13
LH:7
BRDA:28,0,0,0
BRDA:28,0,1,0
BRDA:43,1,0,0
BRDA:43,1,1,0
BRDA:54,2,0,0
BRDA:54,2,1,0
BRDA:71,3,0,0
BRDA:71,3,1,0
BRF:8
BRH:0
end_of_record
TN:
SF:src/routers/articleRouter.ts
FNF:0
FNH:0
DA:1,3
DA:2,3
DA:3,3
DA:14,3
DA:16,3
DA:18,3
DA:19,3
DA:20,3
DA:21,3
DA:22,3
DA:23,3
DA:24,3
DA:25,3
DA:26,3
DA:28,3
LF:15
LH:15
BRF:0
BRH:0
end_of_record
TN:
SF:src/routers/authRouter.ts
FNF:0
FNH:0
DA:1,3
DA:2,3
DA:3,3
DA:5,3
DA:7,3
DA:8,3
DA:9,3
DA:10,3
DA:12,3
LF:9
LH:9
BRF:0
BRH:0
end_of_record
TN:
SF:src/routers/commentsRouter.ts
FNF:0
FNH:0
DA:1,3
DA:2,3
DA:3,3
DA:4,3
DA:6,3
DA:7,3
DA:8,3
DA:10,3
LF:8
LH:8
BRF:0
BRH:0
end_of_record
TN:
SF:src/routers/imageRouter.ts
FNF:0
FNH:0
DA:1,3
DA:2,3
DA:3,3
DA:5,3
DA:7,3
DA:9,3
LF:6
LH:6
BRF:0
BRH:0
end_of_record
TN:
SF:src/routers/notificationRouter.ts
FNF:0
FNH:0
DA:1,3
DA:2,3
DA:3,3
DA:4,3
DA:6,3
DA:8,3
DA:10,3
LF:7
LH:7
BRF:0
BRH:0
end_of_record
TN:
SF:src/routers/productRouter.ts
FNF:0
FNH:0
DA:1,3
DA:2,3
DA:3,3
DA:4,3
DA:16,3
DA:18,3
DA:19,3
DA:20,3
DA:21,3
DA:22,3
DA:23,3
DA:24,3
DA:25,3
DA:26,3
DA:28,3
LF:15
LH:15
BRF:0
BRH:0
end_of_record
TN:
SF:src/routers/userRouter.ts
FNF:0
FNH:0
DA:1,3
DA:2,3
DA:3,3
DA:4,3
DA:13,3
DA:15,3
DA:16,3
DA:17,3
DA:18,3
DA:19,3
DA:20,3
DA:22,3
LF:12
LH:12
BRF:0
BRH:0
end_of_record
TN:
SF:src/services/SocketService.ts
FN:12,setupWebSocket
FN:23,(anonymous_2)
FN:38,(anonymous_3)
FN:48,(anonymous_4)
FN:54,sendNotification
FNF:5
FNH:1
FNDA:3,setupWebSocket
FNDA:0,(anonymous_2)
FNDA:0,(anonymous_3)
FNDA:0,(anonymous_4)
FNDA:0,sendNotification
DA:1,4
DA:2,4
DA:4,4
DA:10,4
DA:12,4
DA:13,3
DA:21,3
DA:23,3
DA:24,0
DA:25,0
DA:26,0
DA:29,0
DA:30,0
DA:31,0
DA:32,0
DA:34,0
DA:38,3
DA:39,0
DA:40,0
DA:41,0
DA:42,0
DA:45,0
DA:46,0
DA:48,0
DA:49,0
DA:54,4
DA:55,0
DA:56,0
DA:59,0
DA:60,0
LF:30
LH:10
BRDA:25,0,0,0
BRDA:40,1,0,0
BRDA:55,2,0,0
BRF:3
BRH:0
end_of_record
TN:
SF:src/services/articlesService.ts
FN:22,(anonymous_8)
FN:25,(anonymous_9)
FN:38,(anonymous_10)
FN:41,(anonymous_11)
FN:48,(anonymous_12)
FN:57,(anonymous_13)
FN:60,(anonymous_14)
FN:70,(anonymous_15)
FN:70,(anonymous_16)
FN:80,(anonymous_17)
FN:83,(anonymous_18)
FN:92,(anonymous_19)
FN:97,createCommentService
FN:97,(anonymous_21)
FN:133,getArticleCommentService
FN:133,(anonymous_23)
FNF:16
FNH:15
FNDA:2,(anonymous_8)
FNDA:2,(anonymous_9)
FNDA:2,(anonymous_10)
FNDA:2,(anonymous_11)
FNDA:0,(anonymous_12)
FNDA:2,(anonymous_13)
FNDA:2,(anonymous_14)
FNDA:1,(anonymous_15)
FNDA:1,(anonymous_16)
FNDA:7,(anonymous_17)
FNDA:7,(anonymous_18)
FNDA:15,(anonymous_19)
FNDA:2,createCommentService
FNDA:2,(anonymous_21)
FNDA:5,getArticleCommentService
FNDA:5,(anonymous_23)
DA:9,3
DA:10,3
DA:11,3
DA:18,3
DA:19,3
DA:20,3
DA:22,3
DA:25,2
DA:26,2
DA:35,2
DA:38,3
DA:41,2
DA:42,2
DA:44,2
DA:45,1
DA:48,1
DA:50,1
DA:57,3
DA:60,2
DA:61,2
DA:63,2
DA:64,0
DA:67,2
DA:70,3
DA:71,1
DA:73,1
DA:74,0
DA:77,1
DA:80,3
DA:83,7
DA:84,7
DA:86,7
DA:90,7
DA:92,15
DA:94,7
DA:97,3
DA:103,2
DA:104,2
DA:105,1
DA:108,1
DA:110,1
DA:111,0
DA:117,0
DA:122,0
DA:125,1
DA:133,5
DA:142,5
DA:143,5
DA:144,1
DA:147,4
DA:148,4
DA:149,4
DA:150,4
DA:152,4
LF:54
LH:49
BRDA:44,0,0,1
BRDA:48,1,0,0
BRDA:48,1,1,1
BRDA:63,2,0,0
BRDA:73,3,0,0
BRDA:87,4,0,2
BRDA:87,4,1,5
BRDA:104,5,0,1
BRDA:110,6,0,0
BRDA:143,7,0,1
BRDA:150,8,0,3
BRDA:150,8,1,1
BRF:12
BRH:8
end_of_record
TN:
SF:src/services/authService.ts
FN:9,register
FN:32,login
FN:49,(anonymous_12)
FN:49,(anonymous_13)
FN:76,setTokenCookies
FNF:5
FNH:5
FNDA:2,register
FNDA:80,login
FNDA:3,(anonymous_12)
FNDA:3,(anonymous_13)
FNDA:79,setTokenCookies
DA:1,3
DA:2,3
DA:3,3
DA:4,3
DA:5,3
DA:7,3
DA:9,3
DA:10,2
DA:11,2
DA:12,2
DA:14,2
DA:15,2
DA:17,2
DA:19,2
DA:20,1
DA:23,1
DA:29,1
DA:32,3
DA:33,80
DA:35,80
DA:36,80
DA:37,1
DA:40,79
DA:41,79
DA:42,1
DA:45,78
DA:46,78
DA:49,3
DA:50,3
DA:51,3
DA:52,1
DA:58,2
DA:59,2
DA:60,1
DA:62,1
DA:65,1
DA:66,1
DA:67,0
DA:70,1
DA:71,1
DA:73,1
DA:76,3
DA:77,79
DA:83,79
LF:44
LH:43
BRDA:19,0,0,1
BRDA:36,1,0,1
BRDA:41,2,0,1
BRDA:51,3,0,1
BRDA:66,4,0,0
BRF:5
BRH:4
end_of_record
TN:
SF:src/services/commentsService.ts
FN:5,updateCommentService
FN:18,deleteCommentService
FNF:2
FNH:2
FNDA:2,updateCommentService
FNDA:2,deleteCommentService
DA:2,3
DA:3,3
DA:5,3
DA:9,2
DA:11,2
DA:12,0
DA:15,2
DA:18,3
DA:19,2
DA:20,2
DA:21,0
DA:24,2
LF:12
LH:10
BRDA:11,0,0,0
BRDA:20,1,0,0
BRF:2
BRH:0
end_of_record
TN:
SF:src/services/favoritesService.ts
FN:8,createFavoriteService
FN:30,deleteFavoriteService
FNF:2
FNH:0
FNDA:0,createFavoriteService
FNDA:0,deleteFavoriteService
DA:1,3
DA:2,3
DA:3,3
DA:4,3
DA:5,3
DA:6,3
DA:8,3
DA:9,0
DA:11,0
DA:12,0
DA:15,0
DA:17,0
DA:18,0
DA:21,0
DA:23,0
DA:24,0
DA:27,0
DA:30,3
DA:31,0
DA:32,0
DA:33,0
DA:36,0
DA:37,0
DA:38,0
DA:41,0
DA:42,0
DA:43,0
DA:46,0
LF:28
LH:8
BRDA:11,0,0,0
BRDA:17,1,0,0
BRDA:23,2,0,0
BRDA:32,3,0,0
BRDA:37,4,0,0
BRDA:42,5,0,0
BRF:6
BRH:0
end_of_record
TN:
SF:src/services/likeService.ts
FN:8,createLikeService
FN:27,deleteLikeService
FNF:2
FNH:0
FNDA:0,createLikeService
FNDA:0,deleteLikeService
DA:1,3
DA:2,3
DA:3,3
DA:4,3
DA:5,3
DA:6,3
DA:8,3
DA:9,0
DA:10,0
DA:11,0
DA:14,0
DA:15,0
DA:16,0
DA:19,0
DA:20,0
DA:21,0
DA:24,0
DA:27,3
DA:28,0
DA:29,0
DA:30,0
DA:33,0
DA:34,0
DA:35,0
DA:38,0
DA:39,0
DA:40,0
DA:43,0
LF:28
LH:8
BRDA:10,0,0,0
BRDA:15,1,0,0
BRDA:20,2,0,0
BRDA:29,3,0,0
BRDA:34,4,0,0
BRDA:39,5,0,0
BRF:6
BRH:0
end_of_record
TN:
SF:src/services/notificationService.ts
FN:6,(anonymous_17)
FN:22,readMyNotificationService
FNF:2
FNH:1
FNDA:2,(anonymous_17)
FNDA:0,readMyNotificationService
DA:2,4
DA:3,4
DA:4,4
DA:6,4
DA:9,2
DA:10,2
DA:11,1
DA:14,1
DA:19,1
DA:22,4
DA:23,0
DA:25,0
DA:35,0
LF:13
LH:10
BRDA:10,0,0,1
BRDA:29,1,0,0
BRDA:29,1,1,0
BRDA:29,2,0,0
BRDA:29,2,1,0
BRF:5
BRH:1
end_of_record
TN:
SF:src/services/productService.ts
FN:24,createProductService
FN:40,getProductService
FN:51,(anonymous_12)
FN:61,updateProductService
FN:74,(anonymous_15)
FN:74,(anonymous_16)
FN:96,deleteProductService
FN:106,getProductListService
FN:120,(anonymous_21)
FN:125,createCommentService
FN:125,(anonymous_23)
FN:146,getProductCommentService
FN:146,(anonymous_25)
FNF:13
FNH:13
FNDA:2,createProductService
FNDA:4,getProductService
FNDA:1,(anonymous_12)
FNDA:3,updateProductService
FNDA:1,(anonymous_15)
FNDA:1,(anonymous_16)
FNDA:2,deleteProductService
FNDA:8,getProductListService
FNDA:16,(anonymous_21)
FNDA:3,createCommentService
FNDA:3,(anonymous_23)
FNDA:6,getProductCommentService
FNDA:6,(anonymous_25)
DA:3,4
DA:10,4
DA:11,4
DA:12,4
DA:13,4
DA:21,4
DA:22,4
DA:24,4
DA:28,2
DA:37,2
DA:40,4
DA:44,4
DA:46,4
DA:47,2
DA:50,2
DA:51,1
DA:54,2
DA:61,4
DA:62,3
DA:63,3
DA:65,3
DA:67,3
DA:69,3
DA:71,3
DA:72,2
DA:73,2
DA:74,1
DA:75,1
DA:82,1
DA:88,1
DA:93,3
DA:96,4
DA:97,2
DA:99,2
DA:100,0
DA:103,2
DA:106,4
DA:110,8
DA:112,8
DA:118,8
DA:120,16
DA:122,8
DA:125,4
DA:131,3
DA:132,3
DA:133,1
DA:136,2
DA:138,2
DA:146,6
DA:155,6
DA:156,6
DA:157,1
DA:160,5
DA:161,5
DA:162,5
DA:163,5
DA:165,5
LF:57
LH:56
BRDA:46,0,0,2
BRDA:50,1,0,1
BRDA:50,1,1,1
BRDA:65,2,0,0
BRDA:71,3,0,2
BRDA:99,4,0,0
BRDA:112,5,0,2
BRDA:112,5,1,6
BRDA:132,6,0,1
BRDA:156,7,0,1
BRDA:163,8,0,4
BRDA:163,8,1,1
BRF:12
BRH:10
end_of_record
TN:
SF:src/services/userService.ts
FN:19,getMeService
FN:31,updateMeService
FN:44,updateMyPasswordService
FN:67,getMyProductListService
FN:80,(anonymous_17)
FN:85,getMyFavoriteListService
FN:96,(anonymous_20)
FN:101,getMyNotificationListService
FN:109,(anonymous_23)
FNF:9
FNH:0
FNDA:0,getMeService
FNDA:0,updateMeService
FNDA:0,updateMyPasswordService
FNDA:0,getMyProductListService
FNDA:0,(anonymous_17)
FNDA:0,getMyFavoriteListService
FNDA:0,(anonymous_20)
FNDA:0,getMyNotificationListService
FNDA:0,(anonymous_23)
DA:1,3
DA:9,3
DA:11,3
DA:14,3
DA:17,3
DA:19,3
DA:20,0
DA:22,0
DA:23,0
DA:26,0
DA:28,0
DA:31,3
DA:32,0
DA:34,0
DA:35,0
DA:38,0
DA:39,0
DA:41,0
DA:44,3
DA:49,0
DA:51,0
DA:52,0
DA:55,0
DA:57,0
DA:58,0
DA:61,0
DA:62,0
DA:64,0
DA:67,3
DA:71,0
DA:72,0
DA:78,0
DA:80,0
DA:82,0
DA:85,3
DA:89,0
DA:91,0
DA:92,0
DA:94,0
DA:96,0
DA:98,0
DA:101,3
DA:105,0
DA:107,0
DA:109,0
DA:117,0
DA:118,0
LF:47
LH:11
BRDA:22,0,0,0
BRDA:34,1,0,0
BRDA:51,2,0,0
BRDA:57,3,0,0
BRDA:71,4,0,0
BRDA:72,5,0,0
BRDA:72,5,1,0
BRDA:91,6,0,0
BRDA:105,7,0,0
BRDA:113,8,0,0
BRDA:113,8,1,0
BRDA:113,9,0,0
BRDA:113,9,1,0
BRF:13
BRH:0
end_of_record
TN:
SF:src/structs/articlesStructs.ts
FN:7,(anonymous_0)
FNF:1
FNH:1
FNDA:6,(anonymous_0)
DA:1,3
DA:2,3
DA:4,3
DA:6,3
DA:7,6
DA:12,3
LF:6
LH:6
BRF:0
BRH:0
end_of_record
TN:
SF:src/structs/authStructs.ts
FNF:0
FNH:0
DA:1,3
DA:3,3
DA:9,3
LF:3
LH:3
BRF:0
BRH:0
end_of_record
TN:
SF:src/structs/commentsStruct.ts
FNF:0
FNH:0
DA:1,3
DA:2,3
DA:4,3
DA:8,3
DA:10,3
LF:5
LH:5
BRF:0
BRH:0
end_of_record
TN:
SF:src/structs/commonStructs.ts
FN:4,(anonymous_0)
FNF:1
FNH:1
FNDA:58,(anonymous_0)
DA:1,3
DA:4,58
DA:6,3
DA:10,3
DA:17,3
LF:5
LH:5
BRF:0
BRH:0
end_of_record
TN:
SF:src/structs/productsStruct.ts
FN:5,(anonymous_0)
FN:15,(anonymous_1)
FNF:2
FNH:2
FNDA:5,(anonymous_0)
FNDA:3,(anonymous_1)
DA:1,3
DA:2,3
DA:4,3
DA:5,5
DA:12,3
DA:14,3
DA:15,3
LF:7
LH:7
BRF:0
BRH:0
end_of_record
TN:
SF:src/structs/usersStructs.ts
FNF:0
FNH:0
DA:1,3
DA:2,3
DA:4,3
DA:12,3
DA:17,3
DA:19,3
DA:21,3
LF:7
LH:7
BRF:0
BRH:0
end_of_record
